2022-06-20T15:32:38.2694103+05:00  [INF] Starting IdentityServer4 version "4.1.2+997a6cdd643e46cd5762b710c4ddc43574cbec2e" (8add0571)
2022-06-20T15:32:38.3033624+05:00  [INF] You are using the in-memory version of the persisted grant store. This will store consent decisions, authorization codes, refresh and reference tokens in memory only. If you are using any of those features in production, you want to switch to a different store implementation. (553c312b)
2022-06-20T15:32:38.3081081+05:00  [INF] Using the default authentication scheme "Identity.Application" for IdentityServer (4a54f457)
2022-06-20T15:32:39.6067315+05:00  [INF] Application started. Press Ctrl+C to shut down. (dcaefe54)
2022-06-20T15:32:39.6067996+05:00  [INF] Hosting environment: "Development" (c3307c92)
2022-06-20T15:32:39.6068763+05:00  [INF] Content root path: "E:\QuickApp-master\QuickApp-master - Copy\QuickApp" (b5d60022)
2022-06-20T15:32:39.9193229+05:00 8000003a-0001-f400-b63f-84710c7967bb [WRN] CorsPolicyService did not allow origin: "http://localhost:4200" (f5320bfb)
2022-06-20T15:32:39.9687839+05:00 8000003a-0001-f400-b63f-84710c7967bb [INF] Invoking IdentityServer endpoint: "IdentityServer4.Endpoints.DiscoveryEndpoint" for "/.well-known/openid-configuration" (f7642de5)
2022-06-20T15:32:40.2815038+05:00 80000010-0002-f100-b63f-84710c7967bb [WRN] CorsPolicyService did not allow origin: "http://localhost:4200" (f5320bfb)
2022-06-20T15:32:40.2986577+05:00 80000010-0002-f100-b63f-84710c7967bb [INF] Invoking IdentityServer endpoint: "IdentityServer4.Endpoints.DiscoveryKeyEndpoint" for "/.well-known/openid-configuration/jwks" (f7642de5)
2022-06-20T15:32:40.3901387+05:00 8000001b-0003-ea00-b63f-84710c7967bb [WRN] CorsPolicyService did not allow origin: "http://localhost:4200" (f5320bfb)
2022-06-20T15:32:40.4023815+05:00 8000001b-0003-ea00-b63f-84710c7967bb [INF] Invoking IdentityServer endpoint: "IdentityServer4.Endpoints.TokenEndpoint" for "/connect/token" (f7642de5)
2022-06-20T15:32:41.1039486+05:00 8000001b-0003-ea00-b63f-84710c7967bb [INF] Credentials validated for username: "admin" (cb811aa7)
2022-06-20T15:32:41.2199335+05:00 8000001b-0003-ea00-b63f-84710c7967bb [INF] Token request validation success, TokenRequestValidationLog { ClientId: "quickapp_spa", ClientName: null, GrantType: "password", Scopes: "email offline_access openid phone profile quickapp_api roles", AuthorizationCode: "********", RefreshToken: "********", UserName: "admin", AuthenticationContextReferenceClasses: null, Tenant: null, IdP: null, Raw: [("username": "admin"), ("password": "***REDACTED***"), ("client_id": "quickapp_spa"), ("grant_type": "password"), ("scope": "openid email phone profile offline_access roles quickapp_api")] } (3a073258)
2022-06-20T16:17:21.0245236+05:00 8000005a-0002-f300-b63f-84710c7967bb [INF] Invoking IdentityServer endpoint: "IdentityServer4.Endpoints.DiscoveryEndpoint" for "/.well-known/openid-configuration" (f7642de5)
2022-06-20T16:17:21.1622200+05:00 8000005b-0002-f300-b63f-84710c7967bb [INF] Invoking IdentityServer endpoint: "IdentityServer4.Endpoints.DiscoveryKeyEndpoint" for "/.well-known/openid-configuration/jwks" (f7642de5)
2022-06-20T16:17:21.2337178+05:00 80000017-0000-f000-b63f-84710c7967bb [INF] "Bearer" was not authenticated. Failure message: "IDX10223: Lifetime validation failed. The token is expired. ValidTo: '[PII is hidden. For more details, see https://aka.ms/IdentityModel/PII.]', Current time: '[PII is hidden. For more details, see https://aka.ms/IdentityModel/PII.]'." (48071232)
2022-06-20T16:17:21.2339143+05:00 8000003c-0000-ee00-b63f-84710c7967bb [INF] "Bearer" was not authenticated. Failure message: "IDX10223: Lifetime validation failed. The token is expired. ValidTo: '[PII is hidden. For more details, see https://aka.ms/IdentityModel/PII.]', Current time: '[PII is hidden. For more details, see https://aka.ms/IdentityModel/PII.]'." (48071232)
2022-06-20T16:17:21.2754439+05:00 8000003c-0000-ee00-b63f-84710c7967bb [INF] AuthenticationScheme: "Bearer" was challenged. (d45f1f38)
2022-06-20T16:17:21.2754440+05:00 80000017-0000-f000-b63f-84710c7967bb [INF] AuthenticationScheme: "Bearer" was challenged. (d45f1f38)
2022-06-20T16:17:21.2913181+05:00 8000001c-0003-f400-b63f-84710c7967bb [INF] "Bearer" was not authenticated. Failure message: "IDX10223: Lifetime validation failed. The token is expired. ValidTo: '[PII is hidden. For more details, see https://aka.ms/IdentityModel/PII.]', Current time: '[PII is hidden. For more details, see https://aka.ms/IdentityModel/PII.]'." (48071232)
2022-06-20T16:17:21.2913355+05:00 80000027-0003-ea00-b63f-84710c7967bb [INF] "Bearer" was not authenticated. Failure message: "IDX10223: Lifetime validation failed. The token is expired. ValidTo: '[PII is hidden. For more details, see https://aka.ms/IdentityModel/PII.]', Current time: '[PII is hidden. For more details, see https://aka.ms/IdentityModel/PII.]'." (48071232)
2022-06-20T16:17:21.2921423+05:00 8000001c-0003-f400-b63f-84710c7967bb [INF] AuthenticationScheme: "Bearer" was challenged. (d45f1f38)
2022-06-20T16:17:21.2921423+05:00 80000027-0003-ea00-b63f-84710c7967bb [INF] AuthenticationScheme: "Bearer" was challenged. (d45f1f38)
2022-06-20T16:17:23.6761907+05:00 8000003e-0000-ee00-b63f-84710c7967bb [WRN] CorsPolicyService did not allow origin: "http://localhost:4200" (f5320bfb)
2022-06-20T16:17:23.6946552+05:00 8000003e-0000-ee00-b63f-84710c7967bb [INF] Invoking IdentityServer endpoint: "IdentityServer4.Endpoints.DiscoveryEndpoint" for "/.well-known/openid-configuration" (f7642de5)
2022-06-20T16:17:24.8406030+05:00 80000040-0000-ee00-b63f-84710c7967bb [WRN] CorsPolicyService did not allow origin: "http://localhost:4200" (f5320bfb)
2022-06-20T16:17:24.8431392+05:00 80000040-0000-ee00-b63f-84710c7967bb [INF] Invoking IdentityServer endpoint: "IdentityServer4.Endpoints.DiscoveryKeyEndpoint" for "/.well-known/openid-configuration/jwks" (f7642de5)
2022-06-20T16:17:26.0370355+05:00 80000044-0001-fb00-b63f-84710c7967bb [WRN] CorsPolicyService did not allow origin: "http://localhost:4200" (f5320bfb)
2022-06-20T16:17:26.0375696+05:00 80000044-0001-fb00-b63f-84710c7967bb [INF] Invoking IdentityServer endpoint: "IdentityServer4.Endpoints.TokenEndpoint" for "/connect/token" (f7642de5)
2022-06-20T16:17:26.0477025+05:00 80000044-0001-fb00-b63f-84710c7967bb [WRN] Invalid refresh token (831190ec)
2022-06-20T16:17:26.0483833+05:00 80000044-0001-fb00-b63f-84710c7967bb [WRN] Refresh token validation failed. aborting, TokenRequestValidationLog { ClientId: "quickapp_spa", ClientName: null, GrantType: "refresh_token", Scopes: null, AuthorizationCode: "********", RefreshToken: "********", UserName: null, AuthenticationContextReferenceClasses: null, Tenant: null, IdP: null, Raw: [("refresh_token": "***REDACTED***"), ("client_id": "quickapp_spa"), ("grant_type": "refresh_token")] } (2c8ee86e)
2022-06-20T16:26:37.9738908+05:00 8000000d-0000-ea00-b63f-84710c7967bb [WRN] Compiling a query which loads related collections for more than one collection navigation either via 'Include' or through projection but no 'QuerySplittingBehavior' has been configured. By default Entity Framework will use 'QuerySplittingBehavior.SingleQuery' which can potentially result in slow query performance. See https://go.microsoft.com/fwlink/?linkid=2134277 for more information. To identify the query that's triggering this warning call 'ConfigureWarnings(w => w.Throw(RelationalEventId.MultipleCollectionIncludeWarning))' (74d62de4)
2022-06-20T18:02:57.5529064+05:00 80000021-0002-f200-b63f-84710c7967bb [INF] Invoking IdentityServer endpoint: "IdentityServer4.Endpoints.DiscoveryEndpoint" for "/.well-known/openid-configuration" (f7642de5)
2022-06-20T18:02:57.5929924+05:00 80000014-0003-f600-b63f-84710c7967bb [INF] Invoking IdentityServer endpoint: "IdentityServer4.Endpoints.DiscoveryKeyEndpoint" for "/.well-known/openid-configuration/jwks" (f7642de5)
2022-06-20T18:02:57.6469903+05:00 8000004b-0000-ef00-b63f-84710c7967bb [INF] Invoking IdentityServer endpoint: "IdentityServer4.Endpoints.TokenEndpoint" for "/connect/token" (f7642de5)
2022-06-20T18:02:57.8180299+05:00 8000004b-0000-ef00-b63f-84710c7967bb [INF] Credentials validated for username: "admin" (cb811aa7)
2022-06-20T18:02:57.8232233+05:00 8000004b-0000-ef00-b63f-84710c7967bb [INF] Token request validation success, TokenRequestValidationLog { ClientId: "quickapp_spa", ClientName: null, GrantType: "password", Scopes: "email offline_access openid phone profile quickapp_api roles", AuthorizationCode: "********", RefreshToken: "********", UserName: "admin", AuthenticationContextReferenceClasses: null, Tenant: null, IdP: null, Raw: [("username": "admin"), ("password": "***REDACTED***"), ("client_id": "quickapp_spa"), ("grant_type": "password"), ("scope": "openid email phone profile offline_access roles quickapp_api")] } (3a073258)
2022-06-20T18:06:23.2686015+05:00 80000017-0000-ea00-b63f-84710c7967bb [INF] "Bearer" was not authenticated. Failure message: "IDX10223: Lifetime validation failed. The token is expired. ValidTo: '[PII is hidden. For more details, see https://aka.ms/IdentityModel/PII.]', Current time: '[PII is hidden. For more details, see https://aka.ms/IdentityModel/PII.]'." (48071232)
2022-06-20T18:06:23.2688168+05:00 8000003d-0000-ec00-b63f-84710c7967bb [INF] "Bearer" was not authenticated. Failure message: "IDX10223: Lifetime validation failed. The token is expired. ValidTo: '[PII is hidden. For more details, see https://aka.ms/IdentityModel/PII.]', Current time: '[PII is hidden. For more details, see https://aka.ms/IdentityModel/PII.]'." (48071232)
2022-06-20T18:06:23.2734596+05:00 80000017-0000-ea00-b63f-84710c7967bb [INF] AuthenticationScheme: "Bearer" was challenged. (d45f1f38)
2022-06-20T18:06:23.2743123+05:00 8000003d-0000-ec00-b63f-84710c7967bb [INF] AuthenticationScheme: "Bearer" was challenged. (d45f1f38)
2022-06-20T18:06:23.2887433+05:00 80000019-0000-ea00-b63f-84710c7967bb [INF] "Bearer" was not authenticated. Failure message: "IDX10223: Lifetime validation failed. The token is expired. ValidTo: '[PII is hidden. For more details, see https://aka.ms/IdentityModel/PII.]', Current time: '[PII is hidden. For more details, see https://aka.ms/IdentityModel/PII.]'." (48071232)
2022-06-20T18:06:23.2890551+05:00 80000019-0000-ea00-b63f-84710c7967bb [INF] AuthenticationScheme: "Bearer" was challenged. (d45f1f38)
2022-06-20T18:06:23.2898081+05:00 8000003f-0000-ec00-b63f-84710c7967bb [INF] "Bearer" was not authenticated. Failure message: "IDX10223: Lifetime validation failed. The token is expired. ValidTo: '[PII is hidden. For more details, see https://aka.ms/IdentityModel/PII.]', Current time: '[PII is hidden. For more details, see https://aka.ms/IdentityModel/PII.]'." (48071232)
2022-06-20T18:06:23.2902050+05:00 8000003f-0000-ec00-b63f-84710c7967bb [INF] AuthenticationScheme: "Bearer" was challenged. (d45f1f38)
2022-06-20T18:06:23.8300891+05:00 80000041-0000-ec00-b63f-84710c7967bb [WRN] CorsPolicyService did not allow origin: "http://localhost:4200" (f5320bfb)
2022-06-20T18:06:23.8305761+05:00 80000041-0000-ec00-b63f-84710c7967bb [INF] Invoking IdentityServer endpoint: "IdentityServer4.Endpoints.DiscoveryEndpoint" for "/.well-known/openid-configuration" (f7642de5)
2022-06-20T18:06:23.8834265+05:00 80000029-0002-f200-b63f-84710c7967bb [WRN] CorsPolicyService did not allow origin: "http://localhost:4200" (f5320bfb)
2022-06-20T18:06:23.8838405+05:00 80000029-0002-f200-b63f-84710c7967bb [INF] Invoking IdentityServer endpoint: "IdentityServer4.Endpoints.DiscoveryKeyEndpoint" for "/.well-known/openid-configuration/jwks" (f7642de5)
2022-06-20T18:06:23.9099331+05:00 8000002b-0002-f200-b63f-84710c7967bb [WRN] CorsPolicyService did not allow origin: "http://localhost:4200" (f5320bfb)
2022-06-20T18:06:23.9103268+05:00 8000002b-0002-f200-b63f-84710c7967bb [INF] Invoking IdentityServer endpoint: "IdentityServer4.Endpoints.TokenEndpoint" for "/connect/token" (f7642de5)
2022-06-20T18:06:23.9111184+05:00 8000002b-0002-f200-b63f-84710c7967bb [WRN] Invalid refresh token (831190ec)
2022-06-20T18:06:23.9112806+05:00 8000002b-0002-f200-b63f-84710c7967bb [WRN] Refresh token validation failed. aborting, TokenRequestValidationLog { ClientId: "quickapp_spa", ClientName: null, GrantType: "refresh_token", Scopes: null, AuthorizationCode: "********", RefreshToken: "********", UserName: null, AuthenticationContextReferenceClasses: null, Tenant: null, IdP: null, Raw: [("refresh_token": "***REDACTED***"), ("client_id": "quickapp_spa"), ("grant_type": "refresh_token")] } (2c8ee86e)
2022-06-20T21:51:24.6708451+05:00 80000046-0002-f200-b63f-84710c7967bb [ERR] An unhandled exception has occurred while executing the request. (48a46595)
System.Net.WebSockets.WebSocketException (997): The WebSocket is in an invalid state ('Aborted') for this operation. Valid states are: 'Open, CloseReceived'
   at System.Net.WebSockets.WebSocketValidate.ThrowIfInvalidState(WebSocketState currentState, Boolean isDisposed, WebSocketState[] validStates)
   at System.Net.WebSockets.ManagedWebSocket.CloseOutputAsyncCore(WebSocketCloseStatus closeStatus, String statusDescription, CancellationToken cancellationToken)
   at Microsoft.AspNetCore.SpaServices.Extensions.Proxy.SpaProxy.PumpWebSocket(WebSocket source, WebSocket destination, Int32 bufferSize, CancellationToken cancellationToken)
   at Microsoft.AspNetCore.SpaServices.Extensions.Proxy.SpaProxy.AcceptProxyWebSocketRequest(HttpContext context, Uri destinationUri, CancellationToken cancellationToken)
   at Microsoft.AspNetCore.SpaServices.Extensions.Proxy.SpaProxy.PerformProxyRequest(HttpContext context, HttpClient httpClient, Task`1 baseUriTask, CancellationToken applicationStoppingToken, Boolean proxy404s)
   at Microsoft.AspNetCore.Builder.SpaProxyingExtensions.<>c__DisplayClass2_0.<<UseProxyToSpaDevelopmentServer>b__0>d.MoveNext()
--- End of stack trace from previous location ---
   at Swashbuckle.AspNetCore.SwaggerUI.SwaggerUIMiddleware.Invoke(HttpContext httpContext)
   at Swashbuckle.AspNetCore.Swagger.SwaggerMiddleware.Invoke(HttpContext httpContext, ISwaggerProvider swaggerProvider)
   at Microsoft.AspNetCore.Authorization.AuthorizationMiddleware.Invoke(HttpContext context)
   at IdentityServer4.Hosting.IdentityServerMiddleware.Invoke(HttpContext context, IEndpointRouter router, IUserSession session, IEventService events, IBackChannelLogoutService backChannelLogoutService)
   at IdentityServer4.Hosting.MutualTlsEndpointMiddleware.Invoke(HttpContext context, IAuthenticationSchemeProvider schemes)
   at Microsoft.AspNetCore.Authentication.AuthenticationMiddleware.Invoke(HttpContext context)
   at IdentityServer4.Hosting.BaseUrlMiddleware.Invoke(HttpContext context)
   at Microsoft.AspNetCore.Diagnostics.DeveloperExceptionPageMiddleware.Invoke(HttpContext context)
   at Microsoft.AspNetCore.Diagnostics.DeveloperExceptionPageMiddleware.Invoke(HttpContext context)
   at Microsoft.AspNetCore.Server.IIS.Core.IISHttpContextOfT`1.ProcessRequestAsync()
2022-06-20T21:51:24.6719625+05:00 80000046-0002-f200-b63f-84710c7967bb [WRN] The response has already started, the error page middleware will not be executed. (e1dd4c0d)
2022-06-20T21:51:24.6832139+05:00 80000046-0002-f200-b63f-84710c7967bb [ERR] Connection ID ""17437937767379107909"", Request ID ""80000046-0002-f200-b63f-84710c7967bb"": An unhandled exception was thrown by the application. (bf316047)
System.Net.WebSockets.WebSocketException (997): The WebSocket is in an invalid state ('Aborted') for this operation. Valid states are: 'Open, CloseReceived'
   at System.Net.WebSockets.WebSocketValidate.ThrowIfInvalidState(WebSocketState currentState, Boolean isDisposed, WebSocketState[] validStates)
   at System.Net.WebSockets.ManagedWebSocket.CloseOutputAsyncCore(WebSocketCloseStatus closeStatus, String statusDescription, CancellationToken cancellationToken)
   at Microsoft.AspNetCore.SpaServices.Extensions.Proxy.SpaProxy.PumpWebSocket(WebSocket source, WebSocket destination, Int32 bufferSize, CancellationToken cancellationToken)
   at Microsoft.AspNetCore.SpaServices.Extensions.Proxy.SpaProxy.AcceptProxyWebSocketRequest(HttpContext context, Uri destinationUri, CancellationToken cancellationToken)
   at Microsoft.AspNetCore.SpaServices.Extensions.Proxy.SpaProxy.PerformProxyRequest(HttpContext context, HttpClient httpClient, Task`1 baseUriTask, CancellationToken applicationStoppingToken, Boolean proxy404s)
   at Microsoft.AspNetCore.Builder.SpaProxyingExtensions.<>c__DisplayClass2_0.<<UseProxyToSpaDevelopmentServer>b__0>d.MoveNext()
--- End of stack trace from previous location ---
   at Swashbuckle.AspNetCore.SwaggerUI.SwaggerUIMiddleware.Invoke(HttpContext httpContext)
   at Swashbuckle.AspNetCore.Swagger.SwaggerMiddleware.Invoke(HttpContext httpContext, ISwaggerProvider swaggerProvider)
   at Microsoft.AspNetCore.Authorization.AuthorizationMiddleware.Invoke(HttpContext context)
   at IdentityServer4.Hosting.IdentityServerMiddleware.Invoke(HttpContext context, IEndpointRouter router, IUserSession session, IEventService events, IBackChannelLogoutService backChannelLogoutService)
   at IdentityServer4.Hosting.MutualTlsEndpointMiddleware.Invoke(HttpContext context, IAuthenticationSchemeProvider schemes)
   at Microsoft.AspNetCore.Authentication.AuthenticationMiddleware.Invoke(HttpContext context)
   at IdentityServer4.Hosting.BaseUrlMiddleware.Invoke(HttpContext context)
   at Microsoft.AspNetCore.Diagnostics.DeveloperExceptionPageMiddleware.Invoke(HttpContext context)
   at Microsoft.AspNetCore.Diagnostics.DeveloperExceptionPageMiddleware.Invoke(HttpContext context)
   at Microsoft.AspNetCore.Server.IIS.Core.IISHttpContextOfT`1.ProcessRequestAsync()
