2022-06-03T01:38:07.8281233+05:00 80000256-0000-f700-b63f-84710c7967bb [INF] Invoking IdentityServer endpoint: "IdentityServer4.Endpoints.DiscoveryEndpoint" for "/.well-known/openid-configuration" (f7642de5)
2022-06-03T01:38:08.1784294+05:00 80000257-0000-f700-b63f-84710c7967bb [INF] Invoking IdentityServer endpoint: "IdentityServer4.Endpoints.DiscoveryKeyEndpoint" for "/.well-known/openid-configuration/jwks" (f7642de5)
2022-06-03T01:38:08.2256674+05:00 80000030-0003-fd00-b63f-84710c7967bb [INF] "Bearer" was not authenticated. Failure message: "IDX10223: Lifetime validation failed. The token is expired. ValidTo: '[PII is hidden. For more details, see https://aka.ms/IdentityModel/PII.]', Current time: '[PII is hidden. For more details, see https://aka.ms/IdentityModel/PII.]'." (48071232)
2022-06-03T01:38:08.2375945+05:00 80000030-0003-fd00-b63f-84710c7967bb [INF] AuthenticationScheme: "Bearer" was challenged. (d45f1f38)
2022-06-03T01:38:08.2440932+05:00 800003d6-0001-df00-b63f-84710c7967bb [INF] "Bearer" was not authenticated. Failure message: "IDX10223: Lifetime validation failed. The token is expired. ValidTo: '[PII is hidden. For more details, see https://aka.ms/IdentityModel/PII.]', Current time: '[PII is hidden. For more details, see https://aka.ms/IdentityModel/PII.]'." (48071232)
2022-06-03T01:38:08.2451813+05:00 800003d6-0001-df00-b63f-84710c7967bb [INF] AuthenticationScheme: "Bearer" was challenged. (d45f1f38)
2022-06-03T01:38:08.6738951+05:00 8000010f-0000-f600-b63f-84710c7967bb [INF] "Bearer" was not authenticated. Failure message: "IDX10223: Lifetime validation failed. The token is expired. ValidTo: '[PII is hidden. For more details, see https://aka.ms/IdentityModel/PII.]', Current time: '[PII is hidden. For more details, see https://aka.ms/IdentityModel/PII.]'." (48071232)
2022-06-03T01:38:08.6743905+05:00 8000010f-0000-f600-b63f-84710c7967bb [INF] AuthenticationScheme: "Bearer" was challenged. (d45f1f38)
2022-06-03T01:38:08.8782348+05:00 800003d8-0001-df00-b63f-84710c7967bb [INF] "Bearer" was not authenticated. Failure message: "IDX10223: Lifetime validation failed. The token is expired. ValidTo: '[PII is hidden. For more details, see https://aka.ms/IdentityModel/PII.]', Current time: '[PII is hidden. For more details, see https://aka.ms/IdentityModel/PII.]'." (48071232)
2022-06-03T01:38:08.8799588+05:00 800003d8-0001-df00-b63f-84710c7967bb [INF] AuthenticationScheme: "Bearer" was challenged. (d45f1f38)
2022-06-03T01:38:11.3540762+05:00 800003da-0001-df00-b63f-84710c7967bb [WRN] CorsPolicyService did not allow origin: "http://localhost:4200" (f5320bfb)
2022-06-03T01:38:11.3548104+05:00 800003da-0001-df00-b63f-84710c7967bb [INF] Invoking IdentityServer endpoint: "IdentityServer4.Endpoints.DiscoveryEndpoint" for "/.well-known/openid-configuration" (f7642de5)
2022-06-03T01:38:11.5555296+05:00 800003dc-0001-df00-b63f-84710c7967bb [WRN] CorsPolicyService did not allow origin: "http://localhost:4200" (f5320bfb)
2022-06-03T01:38:11.5566776+05:00 800003dc-0001-df00-b63f-84710c7967bb [INF] Invoking IdentityServer endpoint: "IdentityServer4.Endpoints.DiscoveryKeyEndpoint" for "/.well-known/openid-configuration/jwks" (f7642de5)
2022-06-03T01:38:11.6211711+05:00 80000111-0000-f600-b63f-84710c7967bb [WRN] CorsPolicyService did not allow origin: "http://localhost:4200" (f5320bfb)
2022-06-03T01:38:11.6283883+05:00 80000111-0000-f600-b63f-84710c7967bb [INF] Invoking IdentityServer endpoint: "IdentityServer4.Endpoints.TokenEndpoint" for "/connect/token" (f7642de5)
2022-06-03T01:38:14.8178920+05:00 80000111-0000-f600-b63f-84710c7967bb [INF] Token request validation success, TokenRequestValidationLog { ClientId: "quickapp_spa", ClientName: null, GrantType: "refresh_token", Scopes: null, AuthorizationCode: "********", RefreshToken: "****4A7A", UserName: null, AuthenticationContextReferenceClasses: null, Tenant: null, IdP: null, Raw: [("refresh_token": "***REDACTED***"), ("client_id": "quickapp_spa"), ("grant_type": "refresh_token")] } (3a073258)
2022-06-03T01:43:54.1466330+05:00  [ERR] Error: Entry module not found: Error: Can't resolve 'E:/QuickApp-master/QuickApp-master - Copy/QuickApp/ClientApp/src/app/components/controls/group-info.component.scss' in 'E:\QuickApp-master\QuickApp-master - Copy\QuickApp\ClientApp'
 (7a48ebd4)
2022-06-03T02:22:39.7560083+05:00  [ERR] (node:38320) UnhandledPromiseRejectionWarning: Error: Duplicate decorated properties found on class 'UsersManagementComponent': editorModal
 (d9fde7ef)
2022-06-03T02:22:39.7560591+05:00  [ERR]     at Object.generateSetClassMetadataCall (E:\QuickApp-master\QuickApp-master - Copy\QuickApp\ClientApp\node_modules\@angular\compiler-cli\src\ngtsc\annotations\src\metadata.js:71:19)
 (70827172)
2022-06-03T02:22:39.7562452+05:00  [ERR]     at ComponentDecoratorHandler.analyze (E:\QuickApp-master\QuickApp-master - Copy\QuickApp\ClientApp\node_modules\@angular\compiler-cli\src\ngtsc\annotations\src\component.js:359:46)
 (88a0e640)
2022-06-03T02:22:39.7562769+05:00  [ERR]     at TraitCompiler.analyzeTrait (E:\QuickApp-master\QuickApp-master - Copy\QuickApp\ClientApp\node_modules\@angular\compiler-cli\src\ngtsc\transform\src\compilation.js:365:40)
 (61ec65cd)
2022-06-03T02:22:39.7562908+05:00  [ERR]     at analyze (E:\QuickApp-master\QuickApp-master - Copy\QuickApp\ClientApp\node_modules\@angular\compiler-cli\src\ngtsc\transform\src\compilation.js:315:58)
 (e1810a4e)
2022-06-03T02:22:39.7563132+05:00  [ERR]     at runMicrotasks (<anonymous>)
 (6cc55f9c)
2022-06-03T02:22:39.7563241+05:00  [ERR]     at processTicksAndRejections (internal/process/task_queues.js:95:5)
 (080326e1)
2022-06-03T02:22:39.7563326+05:00  [ERR]     at async Promise.all (index 0)
 (f4060a93)
2022-06-03T02:22:39.7563405+05:00  [ERR]     at async Promise.all (index 0)
 (f4060a93)
2022-06-03T02:22:39.7563495+05:00  [ERR] (Use `node --trace-warnings ...` to show where the warning was created)
 (7bb9131d)
2022-06-03T02:22:39.7568247+05:00  [ERR] (node:38320) UnhandledPromiseRejectionWarning: Unhandled promise rejection. This error originated either by throwing inside of an async function without a catch block, or by rejecting a promise which was not handled with .catch(). To terminate the node process on unhandled promise rejection, use the CLI flag `--unhandled-rejections=strict` (see https://nodejs.org/api/cli.html#cli_unhandled_rejections_mode). (rejection id: 1)
 (14b1e614)
2022-06-03T02:22:39.7568473+05:00  [ERR] (node:38320) [DEP0018] DeprecationWarning: Unhandled promise rejections are deprecated. In the future, promise rejections that are not handled will terminate the Node.js process with a non-zero exit code.
 (b3ff4fd3)
2022-06-03T02:22:41.0239569+05:00  [ERR] (node:38320) PromiseRejectionHandledWarning: Promise rejection was handled asynchronously (rejection id: 1)
 (a4353354)
2022-06-03T02:22:53.6712035+05:00  [ERR] Error: src/app/components/controls/users-management.component.ts:54:3 - error TS2300: Duplicate identifier 'editorModal'.
 (bb4d84cd)
2022-06-03T02:22:53.6712405+05:00  [ERR] 54   editorModal: ModalDirective;
 (23d61c7a)
2022-06-03T02:22:53.6712583+05:00  [ERR]      ~~~~~~~~~~~
 (adcdcfb2)
2022-06-03T02:22:53.6712702+05:00  [ERR] Error: ./src/app/app.module.ts
 (a523bf4e)
2022-06-03T02:22:53.6712813+05:00  [ERR] Module build failed (from ./node_modules/@ngtools/webpack/src/ivy/index.js):
 (d504e896)
2022-06-03T02:22:53.6712901+05:00  [ERR] Error: Duplicate decorated properties found on class 'UsersManagementComponent': editorModal
 (74d7330f)
2022-06-03T02:22:53.6713094+05:00  [ERR]     at Object.generateSetClassMetadataCall (E:\QuickApp-master\QuickApp-master - Copy\QuickApp\ClientApp\node_modules\@angular\compiler-cli\src\ngtsc\annotations\src\metadata.js:71:19)
 (70827172)
2022-06-03T02:22:53.6713249+05:00  [ERR]     at ComponentDecoratorHandler.analyze (E:\QuickApp-master\QuickApp-master - Copy\QuickApp\ClientApp\node_modules\@angular\compiler-cli\src\ngtsc\annotations\src\component.js:359:46)
 (88a0e640)
2022-06-03T02:22:53.6713438+05:00  [ERR]     at TraitCompiler.analyzeTrait (E:\QuickApp-master\QuickApp-master - Copy\QuickApp\ClientApp\node_modules\@angular\compiler-cli\src\ngtsc\transform\src\compilation.js:365:40)
 (61ec65cd)
2022-06-03T02:22:53.6713598+05:00  [ERR]     at analyze (E:\QuickApp-master\QuickApp-master - Copy\QuickApp\ClientApp\node_modules\@angular\compiler-cli\src\ngtsc\transform\src\compilation.js:315:58)
 (e1810a4e)
2022-06-03T02:22:53.6713729+05:00  [ERR]     at runMicrotasks (<anonymous>)
 (6cc55f9c)
2022-06-03T02:22:53.6713880+05:00  [ERR]     at processTicksAndRejections (internal/process/task_queues.js:95:5)
 (080326e1)
2022-06-03T02:22:53.6713999+05:00  [ERR]     at async Promise.all (index 0)
 (f4060a93)
2022-06-03T02:22:53.6714117+05:00  [ERR]     at async Promise.all (index 0)
 (f4060a93)
2022-06-03T18:35:05.4639885+05:00 80000445-0002-fd00-b63f-84710c7967bb [INF] "Bearer" was not authenticated. Failure message: "IDX10223: Lifetime validation failed. The token is expired. ValidTo: '[PII is hidden. For more details, see https://aka.ms/IdentityModel/PII.]', Current time: '[PII is hidden. For more details, see https://aka.ms/IdentityModel/PII.]'." (48071232)
2022-06-03T18:35:05.4642153+05:00 80000295-0002-f300-b63f-84710c7967bb [INF] "Bearer" was not authenticated. Failure message: "IDX10223: Lifetime validation failed. The token is expired. ValidTo: '[PII is hidden. For more details, see https://aka.ms/IdentityModel/PII.]', Current time: '[PII is hidden. For more details, see https://aka.ms/IdentityModel/PII.]'." (48071232)
2022-06-03T18:35:05.4713800+05:00 80000445-0002-fd00-b63f-84710c7967bb [INF] AuthenticationScheme: "Bearer" was challenged. (d45f1f38)
2022-06-03T18:35:05.4714234+05:00 80000295-0002-f300-b63f-84710c7967bb [INF] AuthenticationScheme: "Bearer" was challenged. (d45f1f38)
2022-06-03T18:35:07.5702765+05:00 80000297-0002-f300-b63f-84710c7967bb [WRN] CorsPolicyService did not allow origin: "http://localhost:4200" (f5320bfb)
2022-06-03T18:35:07.5752771+05:00 80000297-0002-f300-b63f-84710c7967bb [INF] Invoking IdentityServer endpoint: "IdentityServer4.Endpoints.DiscoveryEndpoint" for "/.well-known/openid-configuration" (f7642de5)
2022-06-03T18:35:12.0163729+05:00 80000299-0002-f300-b63f-84710c7967bb [WRN] CorsPolicyService did not allow origin: "http://localhost:4200" (f5320bfb)
2022-06-03T18:35:12.0172222+05:00 80000299-0002-f300-b63f-84710c7967bb [INF] Invoking IdentityServer endpoint: "IdentityServer4.Endpoints.DiscoveryKeyEndpoint" for "/.well-known/openid-configuration/jwks" (f7642de5)
2022-06-03T18:35:13.0225245+05:00 800000dc-0001-fb00-b63f-84710c7967bb [WRN] CorsPolicyService did not allow origin: "http://localhost:4200" (f5320bfb)
2022-06-03T18:35:13.0275671+05:00 800000dc-0001-fb00-b63f-84710c7967bb [INF] Invoking IdentityServer endpoint: "IdentityServer4.Endpoints.TokenEndpoint" for "/connect/token" (f7642de5)
2022-06-03T18:35:13.2778249+05:00 800000dc-0001-fb00-b63f-84710c7967bb [INF] Token request validation success, TokenRequestValidationLog { ClientId: "quickapp_spa", ClientName: null, GrantType: "refresh_token", Scopes: null, AuthorizationCode: "********", RefreshToken: "****A966", UserName: null, AuthenticationContextReferenceClasses: null, Tenant: null, IdP: null, Raw: [("refresh_token": "***REDACTED***"), ("client_id": "quickapp_spa"), ("grant_type": "refresh_token")] } (3a073258)
2022-06-03T18:35:49.0976695+05:00 8000026c-0000-f700-b63f-84710c7967bb [INF] "Bearer" was not authenticated. Failure message: "IDX10223: Lifetime validation failed. The token is expired. ValidTo: '[PII is hidden. For more details, see https://aka.ms/IdentityModel/PII.]', Current time: '[PII is hidden. For more details, see https://aka.ms/IdentityModel/PII.]'." (48071232)
2022-06-03T18:35:49.0978489+05:00 8000026c-0000-f700-b63f-84710c7967bb [INF] AuthenticationScheme: "Bearer" was challenged. (d45f1f38)
2022-06-03T18:35:49.0985617+05:00 80000248-0003-f800-b63f-84710c7967bb [INF] "Bearer" was not authenticated. Failure message: "IDX10223: Lifetime validation failed. The token is expired. ValidTo: '[PII is hidden. For more details, see https://aka.ms/IdentityModel/PII.]', Current time: '[PII is hidden. For more details, see https://aka.ms/IdentityModel/PII.]'." (48071232)
2022-06-03T18:35:49.0988700+05:00 80000248-0003-f800-b63f-84710c7967bb [INF] AuthenticationScheme: "Bearer" was challenged. (d45f1f38)
2022-06-03T18:35:49.2474249+05:00 8000026e-0000-f700-b63f-84710c7967bb [WRN] CorsPolicyService did not allow origin: "http://localhost:4200" (f5320bfb)
2022-06-03T18:35:49.2478367+05:00 8000026e-0000-f700-b63f-84710c7967bb [INF] Invoking IdentityServer endpoint: "IdentityServer4.Endpoints.DiscoveryEndpoint" for "/.well-known/openid-configuration" (f7642de5)
2022-06-03T18:35:49.3260894+05:00 80000270-0000-f700-b63f-84710c7967bb [WRN] CorsPolicyService did not allow origin: "http://localhost:4200" (f5320bfb)
2022-06-03T18:35:49.3272529+05:00 80000270-0000-f700-b63f-84710c7967bb [INF] Invoking IdentityServer endpoint: "IdentityServer4.Endpoints.DiscoveryKeyEndpoint" for "/.well-known/openid-configuration/jwks" (f7642de5)
2022-06-03T18:35:49.3437977+05:00 8000036b-0001-d600-b63f-84710c7967bb [WRN] CorsPolicyService did not allow origin: "http://localhost:4200" (f5320bfb)
2022-06-03T18:35:49.3444164+05:00 8000036b-0001-d600-b63f-84710c7967bb [INF] Invoking IdentityServer endpoint: "IdentityServer4.Endpoints.TokenEndpoint" for "/connect/token" (f7642de5)
2022-06-03T18:35:49.3614414+05:00 8000036b-0001-d600-b63f-84710c7967bb [WRN] Invalid refresh token (831190ec)
2022-06-03T18:35:49.3620833+05:00 8000036b-0001-d600-b63f-84710c7967bb [WRN] Refresh token validation failed. aborting, TokenRequestValidationLog { ClientId: "quickapp_spa", ClientName: null, GrantType: "refresh_token", Scopes: null, AuthorizationCode: "********", RefreshToken: "********", UserName: null, AuthenticationContextReferenceClasses: null, Tenant: null, IdP: null, Raw: [("refresh_token": "***REDACTED***"), ("client_id": "quickapp_spa"), ("grant_type": "refresh_token")] } (2c8ee86e)
2022-06-03T18:35:59.2973516+05:00 8000036d-0001-d600-b63f-84710c7967bb [WRN] CorsPolicyService did not allow origin: "http://localhost:4200" (f5320bfb)
2022-06-03T18:35:59.2980428+05:00 8000036d-0001-d600-b63f-84710c7967bb [INF] Invoking IdentityServer endpoint: "IdentityServer4.Endpoints.DiscoveryEndpoint" for "/.well-known/openid-configuration" (f7642de5)
2022-06-03T18:35:59.3340204+05:00 8000036f-0001-d600-b63f-84710c7967bb [WRN] CorsPolicyService did not allow origin: "http://localhost:4200" (f5320bfb)
2022-06-03T18:35:59.3345088+05:00 8000036f-0001-d600-b63f-84710c7967bb [INF] Invoking IdentityServer endpoint: "IdentityServer4.Endpoints.DiscoveryKeyEndpoint" for "/.well-known/openid-configuration/jwks" (f7642de5)
2022-06-03T18:35:59.3872230+05:00 8000024a-0003-f800-b63f-84710c7967bb [WRN] CorsPolicyService did not allow origin: "http://localhost:4200" (f5320bfb)
2022-06-03T18:35:59.3890461+05:00 8000024a-0003-f800-b63f-84710c7967bb [INF] Invoking IdentityServer endpoint: "IdentityServer4.Endpoints.TokenEndpoint" for "/connect/token" (f7642de5)
2022-06-03T18:35:59.4925865+05:00 8000024a-0003-f800-b63f-84710c7967bb [INF] Credentials validated for username: "admin" (cb811aa7)
2022-06-03T18:35:59.4966970+05:00 8000024a-0003-f800-b63f-84710c7967bb [INF] Token request validation success, TokenRequestValidationLog { ClientId: "quickapp_spa", ClientName: null, GrantType: "password", Scopes: "email offline_access openid phone profile quickapp_api roles", AuthorizationCode: "********", RefreshToken: "********", UserName: "admin", AuthenticationContextReferenceClasses: null, Tenant: null, IdP: null, Raw: [("username": "admin"), ("password": "***REDACTED***"), ("client_id": "quickapp_spa"), ("grant_type": "password"), ("scope": "openid email phone profile offline_access roles quickapp_api")] } (3a073258)
2022-06-03T18:36:45.1614171+05:00  [INF] Starting IdentityServer4 version "4.1.2+997a6cdd643e46cd5762b710c4ddc43574cbec2e" (8add0571)
2022-06-03T18:36:45.2290773+05:00  [INF] You are using the in-memory version of the persisted grant store. This will store consent decisions, authorization codes, refresh and reference tokens in memory only. If you are using any of those features in production, you want to switch to a different store implementation. (553c312b)
2022-06-03T18:36:45.2442167+05:00  [INF] Using the default authentication scheme "Identity.Application" for IdentityServer (4a54f457)
2022-06-03T18:36:45.6916272+05:00  [INF] Application started. Press Ctrl+C to shut down. (dcaefe54)
2022-06-03T18:36:45.6917302+05:00  [INF] Hosting environment: "Development" (c3307c92)
2022-06-03T18:36:45.6917838+05:00  [INF] Content root path: "E:\QuickApp-master\QuickApp-master - Copy\QuickApp" (b5d60022)
2022-06-03T18:43:16.6873011+05:00 800000c3-0002-ec00-b63f-84710c7967bb [INF] Invoking IdentityServer endpoint: "IdentityServer4.Endpoints.DiscoveryEndpoint" for "/.well-known/openid-configuration" (f7642de5)
2022-06-03T18:43:17.0582414+05:00 800000c4-0002-ec00-b63f-84710c7967bb [INF] Invoking IdentityServer endpoint: "IdentityServer4.Endpoints.DiscoveryKeyEndpoint" for "/.well-known/openid-configuration/jwks" (f7642de5)
2022-06-03T18:43:17.3198951+05:00 80000449-0002-fd00-b63f-84710c7967bb [INF] "Bearer" was not authenticated. Failure message: "IDX10223: Lifetime validation failed. The token is expired. ValidTo: '[PII is hidden. For more details, see https://aka.ms/IdentityModel/PII.]', Current time: '[PII is hidden. For more details, see https://aka.ms/IdentityModel/PII.]'." (48071232)
2022-06-03T18:43:17.3198951+05:00 800002a1-0002-f300-b63f-84710c7967bb [INF] "Bearer" was not authenticated. Failure message: "IDX10223: Lifetime validation failed. The token is expired. ValidTo: '[PII is hidden. For more details, see https://aka.ms/IdentityModel/PII.]', Current time: '[PII is hidden. For more details, see https://aka.ms/IdentityModel/PII.]'." (48071232)
2022-06-03T18:43:17.3962404+05:00 800002a1-0002-f300-b63f-84710c7967bb [INF] AuthenticationScheme: "Bearer" was challenged. (d45f1f38)
2022-06-03T18:43:17.3962901+05:00 80000449-0002-fd00-b63f-84710c7967bb [INF] AuthenticationScheme: "Bearer" was challenged. (d45f1f38)
2022-06-03T18:43:17.4195569+05:00 80000371-0001-d600-b63f-84710c7967bb [INF] Invoking IdentityServer endpoint: "IdentityServer4.Endpoints.DiscoveryEndpoint" for "/.well-known/openid-configuration" (f7642de5)
2022-06-03T18:43:17.4437285+05:00 8000044b-0002-fd00-b63f-84710c7967bb [INF] Invoking IdentityServer endpoint: "IdentityServer4.Endpoints.DiscoveryKeyEndpoint" for "/.well-known/openid-configuration/jwks" (f7642de5)
2022-06-03T18:43:17.4796492+05:00 80000276-0000-f700-b63f-84710c7967bb [INF] Invoking IdentityServer endpoint: "IdentityServer4.Endpoints.TokenEndpoint" for "/connect/token" (f7642de5)
2022-06-03T18:43:17.5863563+05:00 80000276-0000-f700-b63f-84710c7967bb [WRN] Invalid refresh token (831190ec)
2022-06-03T18:43:17.6334141+05:00 80000276-0000-f700-b63f-84710c7967bb [WRN] Refresh token validation failed. aborting, TokenRequestValidationLog { ClientId: "quickapp_spa", ClientName: null, GrantType: "refresh_token", Scopes: null, AuthorizationCode: "********", RefreshToken: "********", UserName: null, AuthenticationContextReferenceClasses: null, Tenant: null, IdP: null, Raw: [("refresh_token": "***REDACTED***"), ("client_id": "quickapp_spa"), ("grant_type": "refresh_token")] } (2c8ee86e)
2022-06-03T18:43:47.6943627+05:00 80000383-0001-d600-b63f-84710c7967bb [INF] Invoking IdentityServer endpoint: "IdentityServer4.Endpoints.TokenEndpoint" for "/connect/token" (f7642de5)
2022-06-03T18:43:48.3315716+05:00 80000383-0001-d600-b63f-84710c7967bb [ERR] Failed executing DbCommand ("96"ms) [Parameters=["@__normalizedUserName_0='?' (Size = 256)"], CommandType='Text', CommandTimeout='30']"
""SELECT TOP(1) [a].[Id], [a].[AccessFailedCount], [a].[AccountOwner], [a].[ConcurrencyStamp], [a].[Configuration], [a].[CreatedBy], [a].[CreatedDate], [a].[Department], [a].[Email], [a].[EmailConfirmed], [a].[FullName], [a].[IsEnabled], [a].[JobTitle], [a].[LockoutEnabled], [a].[LockoutEnd], [a].[NormalizedEmail], [a].[NormalizedUserName], [a].[PasswordHash], [a].[PhoneNumber], [a].[PhoneNumberConfirmed], [a].[SecurityStamp], [a].[TwoFactorEnabled], [a].[UpdatedBy], [a].[UpdatedDate], [a].[UserName]
FROM [AspNetUsers] AS [a]
WHERE [a].[NormalizedUserName] = @__normalizedUserName_0" (627a98df)
2022-06-03T18:43:48.6569476+05:00 80000383-0001-d600-b63f-84710c7967bb [ERR] An exception occurred while iterating over the results of a query for context type '"DAL.ApplicationDbContext"'."
""Microsoft.Data.SqlClient.SqlException (0x80131904): Invalid column name 'AccountOwner'.
Invalid column name 'Department'.
   at Microsoft.Data.SqlClient.SqlCommand.<>c.<ExecuteDbDataReaderAsync>b__169_0(Task`1 result)
   at System.Threading.Tasks.ContinuationResultTaskFromResultTask`2.InnerInvoke()
   at System.Threading.ExecutionContext.RunInternal(ExecutionContext executionContext, ContextCallback callback, Object state)
--- End of stack trace from previous location ---
   at System.Threading.Tasks.Task.ExecuteWithThreadLocal(Task& currentTaskSlot, Thread threadPoolThread)
--- End of stack trace from previous location ---
   at Microsoft.EntityFrameworkCore.Storage.RelationalCommand.ExecuteReaderAsync(RelationalCommandParameterObject parameterObject, CancellationToken cancellationToken)
   at Microsoft.EntityFrameworkCore.Storage.RelationalCommand.ExecuteReaderAsync(RelationalCommandParameterObject parameterObject, CancellationToken cancellationToken)
   at Microsoft.EntityFrameworkCore.Query.Internal.SingleQueryingEnumerable`1.AsyncEnumerator.InitializeReaderAsync(DbContext _, Boolean result, CancellationToken cancellationToken)
   at Microsoft.EntityFrameworkCore.SqlServer.Storage.Internal.SqlServerExecutionStrategy.ExecuteAsync[TState,TResult](TState state, Func`4 operation, Func`4 verifySucceeded, CancellationToken cancellationToken)
   at Microsoft.EntityFrameworkCore.Query.Internal.SingleQueryingEnumerable`1.AsyncEnumerator.MoveNextAsync()
ClientConnectionId:9d9d4b53-bdb5-49a9-adb8-155452dc3cb8
Error Number:207,State:1,Class:16" (f5c7ac34)
Microsoft.Data.SqlClient.SqlException (0x80131904): Invalid column name 'AccountOwner'.
Invalid column name 'Department'.
   at Microsoft.Data.SqlClient.SqlCommand.<>c.<ExecuteDbDataReaderAsync>b__169_0(Task`1 result)
   at System.Threading.Tasks.ContinuationResultTaskFromResultTask`2.InnerInvoke()
   at System.Threading.ExecutionContext.RunInternal(ExecutionContext executionContext, ContextCallback callback, Object state)
--- End of stack trace from previous location ---
   at System.Threading.Tasks.Task.ExecuteWithThreadLocal(Task& currentTaskSlot, Thread threadPoolThread)
--- End of stack trace from previous location ---
   at Microsoft.EntityFrameworkCore.Storage.RelationalCommand.ExecuteReaderAsync(RelationalCommandParameterObject parameterObject, CancellationToken cancellationToken)
   at Microsoft.EntityFrameworkCore.Storage.RelationalCommand.ExecuteReaderAsync(RelationalCommandParameterObject parameterObject, CancellationToken cancellationToken)
   at Microsoft.EntityFrameworkCore.Query.Internal.SingleQueryingEnumerable`1.AsyncEnumerator.InitializeReaderAsync(DbContext _, Boolean result, CancellationToken cancellationToken)
   at Microsoft.EntityFrameworkCore.SqlServer.Storage.Internal.SqlServerExecutionStrategy.ExecuteAsync[TState,TResult](TState state, Func`4 operation, Func`4 verifySucceeded, CancellationToken cancellationToken)
   at Microsoft.EntityFrameworkCore.Query.Internal.SingleQueryingEnumerable`1.AsyncEnumerator.MoveNextAsync()
ClientConnectionId:9d9d4b53-bdb5-49a9-adb8-155452dc3cb8
Error Number:207,State:1,Class:16
2022-06-03T18:43:48.7060704+05:00 80000383-0001-d600-b63f-84710c7967bb [FTL] Unhandled exception: "Invalid column name 'AccountOwner'.
Invalid column name 'Department'." (9b1fe9ee)
Microsoft.Data.SqlClient.SqlException (0x80131904): Invalid column name 'AccountOwner'.
Invalid column name 'Department'.
   at Microsoft.Data.SqlClient.SqlCommand.<>c.<ExecuteDbDataReaderAsync>b__169_0(Task`1 result)
   at System.Threading.Tasks.ContinuationResultTaskFromResultTask`2.InnerInvoke()
   at System.Threading.ExecutionContext.RunInternal(ExecutionContext executionContext, ContextCallback callback, Object state)
--- End of stack trace from previous location ---
   at System.Threading.Tasks.Task.ExecuteWithThreadLocal(Task& currentTaskSlot, Thread threadPoolThread)
--- End of stack trace from previous location ---
   at Microsoft.EntityFrameworkCore.Storage.RelationalCommand.ExecuteReaderAsync(RelationalCommandParameterObject parameterObject, CancellationToken cancellationToken)
   at Microsoft.EntityFrameworkCore.Storage.RelationalCommand.ExecuteReaderAsync(RelationalCommandParameterObject parameterObject, CancellationToken cancellationToken)
   at Microsoft.EntityFrameworkCore.Query.Internal.SingleQueryingEnumerable`1.AsyncEnumerator.InitializeReaderAsync(DbContext _, Boolean result, CancellationToken cancellationToken)
   at Microsoft.EntityFrameworkCore.SqlServer.Storage.Internal.SqlServerExecutionStrategy.ExecuteAsync[TState,TResult](TState state, Func`4 operation, Func`4 verifySucceeded, CancellationToken cancellationToken)
   at Microsoft.EntityFrameworkCore.Query.Internal.SingleQueryingEnumerable`1.AsyncEnumerator.MoveNextAsync()
   at Microsoft.EntityFrameworkCore.Query.ShapedQueryCompilingExpressionVisitor.SingleOrDefaultAsync[TSource](IAsyncEnumerable`1 asyncEnumerable, CancellationToken cancellationToken)
   at Microsoft.EntityFrameworkCore.Query.ShapedQueryCompilingExpressionVisitor.SingleOrDefaultAsync[TSource](IAsyncEnumerable`1 asyncEnumerable, CancellationToken cancellationToken)
   at Microsoft.AspNetCore.Identity.UserManager`1.FindByNameAsync(String userName)
   at IdentityServer4.AspNetIdentity.ResourceOwnerPasswordValidator`1.ValidateAsync(ResourceOwnerPasswordValidationContext context)
   at IdentityServer4.Validation.TokenRequestValidator.ValidateResourceOwnerCredentialRequestAsync(NameValueCollection parameters)
   at IdentityServer4.Validation.TokenRequestValidator.RunValidationAsync(Func`2 validationFunc, NameValueCollection parameters)
   at IdentityServer4.Validation.TokenRequestValidator.ValidateRequestAsync(NameValueCollection parameters, ClientSecretValidationResult clientValidationResult)
   at IdentityServer4.Endpoints.TokenEndpoint.ProcessTokenRequestAsync(HttpContext context)
   at IdentityServer4.Endpoints.TokenEndpoint.ProcessAsync(HttpContext context)
   at IdentityServer4.Hosting.IdentityServerMiddleware.Invoke(HttpContext context, IEndpointRouter router, IUserSession session, IEventService events, IBackChannelLogoutService backChannelLogoutService)
   at IdentityServer4.Hosting.IdentityServerMiddleware.Invoke(HttpContext context, IEndpointRouter router, IUserSession session, IEventService events, IBackChannelLogoutService backChannelLogoutService)
   at IdentityServer4.Hosting.MutualTlsEndpointMiddleware.Invoke(HttpContext context, IAuthenticationSchemeProvider schemes)
   at Microsoft.AspNetCore.Authentication.AuthenticationMiddleware.Invoke(HttpContext context)
   at IdentityServer4.Hosting.BaseUrlMiddleware.Invoke(HttpContext context)
   at Microsoft.AspNetCore.Diagnostics.DeveloperExceptionPageMiddleware.Invoke(HttpContext context)
ClientConnectionId:9d9d4b53-bdb5-49a9-adb8-155452dc3cb8
Error Number:207,State:1,Class:16
2022-06-03T18:43:48.7323291+05:00 80000383-0001-d600-b63f-84710c7967bb [ERR] An unhandled exception has occurred while executing the request. (48a46595)
Microsoft.Data.SqlClient.SqlException (0x80131904): Invalid column name 'AccountOwner'.
Invalid column name 'Department'.
   at Microsoft.Data.SqlClient.SqlCommand.<>c.<ExecuteDbDataReaderAsync>b__169_0(Task`1 result)
   at System.Threading.Tasks.ContinuationResultTaskFromResultTask`2.InnerInvoke()
   at System.Threading.ExecutionContext.RunInternal(ExecutionContext executionContext, ContextCallback callback, Object state)
--- End of stack trace from previous location ---
   at System.Threading.Tasks.Task.ExecuteWithThreadLocal(Task& currentTaskSlot, Thread threadPoolThread)
--- End of stack trace from previous location ---
   at Microsoft.EntityFrameworkCore.Storage.RelationalCommand.ExecuteReaderAsync(RelationalCommandParameterObject parameterObject, CancellationToken cancellationToken)
   at Microsoft.EntityFrameworkCore.Storage.RelationalCommand.ExecuteReaderAsync(RelationalCommandParameterObject parameterObject, CancellationToken cancellationToken)
   at Microsoft.EntityFrameworkCore.Query.Internal.SingleQueryingEnumerable`1.AsyncEnumerator.InitializeReaderAsync(DbContext _, Boolean result, CancellationToken cancellationToken)
   at Microsoft.EntityFrameworkCore.SqlServer.Storage.Internal.SqlServerExecutionStrategy.ExecuteAsync[TState,TResult](TState state, Func`4 operation, Func`4 verifySucceeded, CancellationToken cancellationToken)
   at Microsoft.EntityFrameworkCore.Query.Internal.SingleQueryingEnumerable`1.AsyncEnumerator.MoveNextAsync()
   at Microsoft.EntityFrameworkCore.Query.ShapedQueryCompilingExpressionVisitor.SingleOrDefaultAsync[TSource](IAsyncEnumerable`1 asyncEnumerable, CancellationToken cancellationToken)
   at Microsoft.EntityFrameworkCore.Query.ShapedQueryCompilingExpressionVisitor.SingleOrDefaultAsync[TSource](IAsyncEnumerable`1 asyncEnumerable, CancellationToken cancellationToken)
   at Microsoft.AspNetCore.Identity.UserManager`1.FindByNameAsync(String userName)
   at IdentityServer4.AspNetIdentity.ResourceOwnerPasswordValidator`1.ValidateAsync(ResourceOwnerPasswordValidationContext context)
   at IdentityServer4.Validation.TokenRequestValidator.ValidateResourceOwnerCredentialRequestAsync(NameValueCollection parameters)
   at IdentityServer4.Validation.TokenRequestValidator.RunValidationAsync(Func`2 validationFunc, NameValueCollection parameters)
   at IdentityServer4.Validation.TokenRequestValidator.ValidateRequestAsync(NameValueCollection parameters, ClientSecretValidationResult clientValidationResult)
   at IdentityServer4.Endpoints.TokenEndpoint.ProcessTokenRequestAsync(HttpContext context)
   at IdentityServer4.Endpoints.TokenEndpoint.ProcessAsync(HttpContext context)
   at IdentityServer4.Hosting.IdentityServerMiddleware.Invoke(HttpContext context, IEndpointRouter router, IUserSession session, IEventService events, IBackChannelLogoutService backChannelLogoutService)
   at IdentityServer4.Hosting.IdentityServerMiddleware.Invoke(HttpContext context, IEndpointRouter router, IUserSession session, IEventService events, IBackChannelLogoutService backChannelLogoutService)
   at IdentityServer4.Hosting.MutualTlsEndpointMiddleware.Invoke(HttpContext context, IAuthenticationSchemeProvider schemes)
   at Microsoft.AspNetCore.Authentication.AuthenticationMiddleware.Invoke(HttpContext context)
   at IdentityServer4.Hosting.BaseUrlMiddleware.Invoke(HttpContext context)
   at Microsoft.AspNetCore.Diagnostics.DeveloperExceptionPageMiddleware.Invoke(HttpContext context)
ClientConnectionId:9d9d4b53-bdb5-49a9-adb8-155452dc3cb8
Error Number:207,State:1,Class:16
2022-06-03T18:44:02.1401217+05:00 800002a7-0002-f300-b63f-84710c7967bb [INF] Invoking IdentityServer endpoint: "IdentityServer4.Endpoints.TokenEndpoint" for "/connect/token" (f7642de5)
2022-06-03T18:44:02.2466221+05:00 800002a7-0002-f300-b63f-84710c7967bb [ERR] Failed executing DbCommand ("2"ms) [Parameters=["@__normalizedUserName_0='?' (Size = 256)"], CommandType='Text', CommandTimeout='30']"
""SELECT TOP(1) [a].[Id], [a].[AccessFailedCount], [a].[AccountOwner], [a].[ConcurrencyStamp], [a].[Configuration], [a].[CreatedBy], [a].[CreatedDate], [a].[Department], [a].[Email], [a].[EmailConfirmed], [a].[FullName], [a].[IsEnabled], [a].[JobTitle], [a].[LockoutEnabled], [a].[LockoutEnd], [a].[NormalizedEmail], [a].[NormalizedUserName], [a].[PasswordHash], [a].[PhoneNumber], [a].[PhoneNumberConfirmed], [a].[SecurityStamp], [a].[TwoFactorEnabled], [a].[UpdatedBy], [a].[UpdatedDate], [a].[UserName]
FROM [AspNetUsers] AS [a]
WHERE [a].[NormalizedUserName] = @__normalizedUserName_0" (627a98df)
2022-06-03T18:44:02.2520831+05:00 800002a7-0002-f300-b63f-84710c7967bb [ERR] An exception occurred while iterating over the results of a query for context type '"DAL.ApplicationDbContext"'."
""Microsoft.Data.SqlClient.SqlException (0x80131904): Invalid column name 'AccountOwner'.
Invalid column name 'Department'.
   at Microsoft.Data.SqlClient.SqlCommand.<>c.<ExecuteDbDataReaderAsync>b__169_0(Task`1 result)
   at System.Threading.Tasks.ContinuationResultTaskFromResultTask`2.InnerInvoke()
   at System.Threading.ExecutionContext.RunInternal(ExecutionContext executionContext, ContextCallback callback, Object state)
--- End of stack trace from previous location ---
   at System.Threading.Tasks.Task.ExecuteWithThreadLocal(Task& currentTaskSlot, Thread threadPoolThread)
--- End of stack trace from previous location ---
   at Microsoft.EntityFrameworkCore.Storage.RelationalCommand.ExecuteReaderAsync(RelationalCommandParameterObject parameterObject, CancellationToken cancellationToken)
   at Microsoft.EntityFrameworkCore.Storage.RelationalCommand.ExecuteReaderAsync(RelationalCommandParameterObject parameterObject, CancellationToken cancellationToken)
   at Microsoft.EntityFrameworkCore.Query.Internal.SingleQueryingEnumerable`1.AsyncEnumerator.InitializeReaderAsync(DbContext _, Boolean result, CancellationToken cancellationToken)
   at Microsoft.EntityFrameworkCore.SqlServer.Storage.Internal.SqlServerExecutionStrategy.ExecuteAsync[TState,TResult](TState state, Func`4 operation, Func`4 verifySucceeded, CancellationToken cancellationToken)
   at Microsoft.EntityFrameworkCore.Query.Internal.SingleQueryingEnumerable`1.AsyncEnumerator.MoveNextAsync()
ClientConnectionId:9d9d4b53-bdb5-49a9-adb8-155452dc3cb8
Error Number:207,State:1,Class:16" (f5c7ac34)
Microsoft.Data.SqlClient.SqlException (0x80131904): Invalid column name 'AccountOwner'.
Invalid column name 'Department'.
   at Microsoft.Data.SqlClient.SqlCommand.<>c.<ExecuteDbDataReaderAsync>b__169_0(Task`1 result)
   at System.Threading.Tasks.ContinuationResultTaskFromResultTask`2.InnerInvoke()
   at System.Threading.ExecutionContext.RunInternal(ExecutionContext executionContext, ContextCallback callback, Object state)
--- End of stack trace from previous location ---
   at System.Threading.Tasks.Task.ExecuteWithThreadLocal(Task& currentTaskSlot, Thread threadPoolThread)
--- End of stack trace from previous location ---
   at Microsoft.EntityFrameworkCore.Storage.RelationalCommand.ExecuteReaderAsync(RelationalCommandParameterObject parameterObject, CancellationToken cancellationToken)
   at Microsoft.EntityFrameworkCore.Storage.RelationalCommand.ExecuteReaderAsync(RelationalCommandParameterObject parameterObject, CancellationToken cancellationToken)
   at Microsoft.EntityFrameworkCore.Query.Internal.SingleQueryingEnumerable`1.AsyncEnumerator.InitializeReaderAsync(DbContext _, Boolean result, CancellationToken cancellationToken)
   at Microsoft.EntityFrameworkCore.SqlServer.Storage.Internal.SqlServerExecutionStrategy.ExecuteAsync[TState,TResult](TState state, Func`4 operation, Func`4 verifySucceeded, CancellationToken cancellationToken)
   at Microsoft.EntityFrameworkCore.Query.Internal.SingleQueryingEnumerable`1.AsyncEnumerator.MoveNextAsync()
   at Microsoft.EntityFrameworkCore.Query.ShapedQueryCompilingExpressionVisitor.SingleOrDefaultAsync[TSource](IAsyncEnumerable`1 asyncEnumerable, CancellationToken cancellationToken)
   at Microsoft.EntityFrameworkCore.Query.ShapedQueryCompilingExpressionVisitor.SingleOrDefaultAsync[TSource](IAsyncEnumerable`1 asyncEnumerable, CancellationToken cancellationToken)
   at Microsoft.AspNetCore.Identity.UserManager`1.FindByNameAsync(String userName)
   at IdentityServer4.AspNetIdentity.ResourceOwnerPasswordValidator`1.ValidateAsync(ResourceOwnerPasswordValidationContext context)
ClientConnectionId:9d9d4b53-bdb5-49a9-adb8-155452dc3cb8
Error Number:207,State:1,Class:16
2022-06-03T18:44:02.2675171+05:00 800002a7-0002-f300-b63f-84710c7967bb [FTL] Unhandled exception: "Invalid column name 'AccountOwner'.
Invalid column name 'Department'." (9b1fe9ee)
Microsoft.Data.SqlClient.SqlException (0x80131904): Invalid column name 'AccountOwner'.
Invalid column name 'Department'.
   at Microsoft.Data.SqlClient.SqlCommand.<>c.<ExecuteDbDataReaderAsync>b__169_0(Task`1 result)
   at System.Threading.Tasks.ContinuationResultTaskFromResultTask`2.InnerInvoke()
   at System.Threading.ExecutionContext.RunInternal(ExecutionContext executionContext, ContextCallback callback, Object state)
--- End of stack trace from previous location ---
   at System.Threading.Tasks.Task.ExecuteWithThreadLocal(Task& currentTaskSlot, Thread threadPoolThread)
--- End of stack trace from previous location ---
   at Microsoft.EntityFrameworkCore.Storage.RelationalCommand.ExecuteReaderAsync(RelationalCommandParameterObject parameterObject, CancellationToken cancellationToken)
   at Microsoft.EntityFrameworkCore.Storage.RelationalCommand.ExecuteReaderAsync(RelationalCommandParameterObject parameterObject, CancellationToken cancellationToken)
   at Microsoft.EntityFrameworkCore.Query.Internal.SingleQueryingEnumerable`1.AsyncEnumerator.InitializeReaderAsync(DbContext _, Boolean result, CancellationToken cancellationToken)
   at Microsoft.EntityFrameworkCore.SqlServer.Storage.Internal.SqlServerExecutionStrategy.ExecuteAsync[TState,TResult](TState state, Func`4 operation, Func`4 verifySucceeded, CancellationToken cancellationToken)
   at Microsoft.EntityFrameworkCore.Query.Internal.SingleQueryingEnumerable`1.AsyncEnumerator.MoveNextAsync()
   at Microsoft.EntityFrameworkCore.Query.ShapedQueryCompilingExpressionVisitor.SingleOrDefaultAsync[TSource](IAsyncEnumerable`1 asyncEnumerable, CancellationToken cancellationToken)
   at Microsoft.EntityFrameworkCore.Query.ShapedQueryCompilingExpressionVisitor.SingleOrDefaultAsync[TSource](IAsyncEnumerable`1 asyncEnumerable, CancellationToken cancellationToken)
   at Microsoft.AspNetCore.Identity.UserManager`1.FindByNameAsync(String userName)
   at IdentityServer4.AspNetIdentity.ResourceOwnerPasswordValidator`1.ValidateAsync(ResourceOwnerPasswordValidationContext context)
   at IdentityServer4.Validation.TokenRequestValidator.ValidateResourceOwnerCredentialRequestAsync(NameValueCollection parameters)
   at IdentityServer4.Validation.TokenRequestValidator.RunValidationAsync(Func`2 validationFunc, NameValueCollection parameters)
   at IdentityServer4.Validation.TokenRequestValidator.ValidateRequestAsync(NameValueCollection parameters, ClientSecretValidationResult clientValidationResult)
   at IdentityServer4.Endpoints.TokenEndpoint.ProcessTokenRequestAsync(HttpContext context)
   at IdentityServer4.Endpoints.TokenEndpoint.ProcessAsync(HttpContext context)
   at IdentityServer4.Hosting.IdentityServerMiddleware.Invoke(HttpContext context, IEndpointRouter router, IUserSession session, IEventService events, IBackChannelLogoutService backChannelLogoutService)
   at IdentityServer4.Hosting.IdentityServerMiddleware.Invoke(HttpContext context, IEndpointRouter router, IUserSession session, IEventService events, IBackChannelLogoutService backChannelLogoutService)
   at IdentityServer4.Hosting.MutualTlsEndpointMiddleware.Invoke(HttpContext context, IAuthenticationSchemeProvider schemes)
   at Microsoft.AspNetCore.Authentication.AuthenticationMiddleware.Invoke(HttpContext context)
   at IdentityServer4.Hosting.BaseUrlMiddleware.Invoke(HttpContext context)
   at Microsoft.AspNetCore.Diagnostics.DeveloperExceptionPageMiddleware.Invoke(HttpContext context)
ClientConnectionId:9d9d4b53-bdb5-49a9-adb8-155452dc3cb8
Error Number:207,State:1,Class:16
2022-06-03T18:44:02.2776849+05:00 800002a7-0002-f300-b63f-84710c7967bb [ERR] An unhandled exception has occurred while executing the request. (48a46595)
Microsoft.Data.SqlClient.SqlException (0x80131904): Invalid column name 'AccountOwner'.
Invalid column name 'Department'.
   at Microsoft.Data.SqlClient.SqlCommand.<>c.<ExecuteDbDataReaderAsync>b__169_0(Task`1 result)
   at System.Threading.Tasks.ContinuationResultTaskFromResultTask`2.InnerInvoke()
   at System.Threading.ExecutionContext.RunInternal(ExecutionContext executionContext, ContextCallback callback, Object state)
--- End of stack trace from previous location ---
   at System.Threading.Tasks.Task.ExecuteWithThreadLocal(Task& currentTaskSlot, Thread threadPoolThread)
--- End of stack trace from previous location ---
   at Microsoft.EntityFrameworkCore.Storage.RelationalCommand.ExecuteReaderAsync(RelationalCommandParameterObject parameterObject, CancellationToken cancellationToken)
   at Microsoft.EntityFrameworkCore.Storage.RelationalCommand.ExecuteReaderAsync(RelationalCommandParameterObject parameterObject, CancellationToken cancellationToken)
   at Microsoft.EntityFrameworkCore.Query.Internal.SingleQueryingEnumerable`1.AsyncEnumerator.InitializeReaderAsync(DbContext _, Boolean result, CancellationToken cancellationToken)
   at Microsoft.EntityFrameworkCore.SqlServer.Storage.Internal.SqlServerExecutionStrategy.ExecuteAsync[TState,TResult](TState state, Func`4 operation, Func`4 verifySucceeded, CancellationToken cancellationToken)
   at Microsoft.EntityFrameworkCore.Query.Internal.SingleQueryingEnumerable`1.AsyncEnumerator.MoveNextAsync()
   at Microsoft.EntityFrameworkCore.Query.ShapedQueryCompilingExpressionVisitor.SingleOrDefaultAsync[TSource](IAsyncEnumerable`1 asyncEnumerable, CancellationToken cancellationToken)
   at Microsoft.EntityFrameworkCore.Query.ShapedQueryCompilingExpressionVisitor.SingleOrDefaultAsync[TSource](IAsyncEnumerable`1 asyncEnumerable, CancellationToken cancellationToken)
   at Microsoft.AspNetCore.Identity.UserManager`1.FindByNameAsync(String userName)
   at IdentityServer4.AspNetIdentity.ResourceOwnerPasswordValidator`1.ValidateAsync(ResourceOwnerPasswordValidationContext context)
   at IdentityServer4.Validation.TokenRequestValidator.ValidateResourceOwnerCredentialRequestAsync(NameValueCollection parameters)
   at IdentityServer4.Validation.TokenRequestValidator.RunValidationAsync(Func`2 validationFunc, NameValueCollection parameters)
   at IdentityServer4.Validation.TokenRequestValidator.ValidateRequestAsync(NameValueCollection parameters, ClientSecretValidationResult clientValidationResult)
   at IdentityServer4.Endpoints.TokenEndpoint.ProcessTokenRequestAsync(HttpContext context)
   at IdentityServer4.Endpoints.TokenEndpoint.ProcessAsync(HttpContext context)
   at IdentityServer4.Hosting.IdentityServerMiddleware.Invoke(HttpContext context, IEndpointRouter router, IUserSession session, IEventService events, IBackChannelLogoutService backChannelLogoutService)
   at IdentityServer4.Hosting.IdentityServerMiddleware.Invoke(HttpContext context, IEndpointRouter router, IUserSession session, IEventService events, IBackChannelLogoutService backChannelLogoutService)
   at IdentityServer4.Hosting.MutualTlsEndpointMiddleware.Invoke(HttpContext context, IAuthenticationSchemeProvider schemes)
   at Microsoft.AspNetCore.Authentication.AuthenticationMiddleware.Invoke(HttpContext context)
   at IdentityServer4.Hosting.BaseUrlMiddleware.Invoke(HttpContext context)
   at Microsoft.AspNetCore.Diagnostics.DeveloperExceptionPageMiddleware.Invoke(HttpContext context)
ClientConnectionId:9d9d4b53-bdb5-49a9-adb8-155452dc3cb8
Error Number:207,State:1,Class:16
2022-06-03T18:44:37.4834968+05:00 80000235-0000-f800-b63f-84710c7967bb [WRN] Compiling a query which loads related collections for more than one collection navigation either via 'Include' or through projection but no 'QuerySplittingBehavior' has been configured. By default Entity Framework will use 'QuerySplittingBehavior.SingleQuery' which can potentially result in slow query performance. See https://go.microsoft.com/fwlink/?linkid=2134277 for more information. To identify the query that's triggering this warning call 'ConfigureWarnings(w => w.Throw(RelationalEventId.MultipleCollectionIncludeWarning))' (74d62de4)
2022-06-03T18:44:37.6316378+05:00 80000144-0000-f600-b63f-84710c7967bb [ERR] Failed executing DbCommand ("46"ms) [Parameters=["@__userId_0='?' (Size = 450)"], CommandType='Text', CommandTimeout='30']"
""SELECT [t].[Id], [t].[AccessFailedCount], [t].[AccountOwner], [t].[ConcurrencyStamp], [t].[Configuration], [t].[CreatedBy], [t].[CreatedDate], [t].[Department], [t].[Email], [t].[EmailConfirmed], [t].[FullName], [t].[IsEnabled], [t].[JobTitle], [t].[LockoutEnabled], [t].[LockoutEnd], [t].[NormalizedEmail], [t].[NormalizedUserName], [t].[PasswordHash], [t].[PhoneNumber], [t].[PhoneNumberConfirmed], [t].[SecurityStamp], [t].[TwoFactorEnabled], [t].[UpdatedBy], [t].[UpdatedDate], [t].[UserName], [a0].[UserId], [a0].[RoleId]
FROM (
    SELECT TOP(2) [a].[Id], [a].[AccessFailedCount], [a].[AccountOwner], [a].[ConcurrencyStamp], [a].[Configuration], [a].[CreatedBy], [a].[CreatedDate], [a].[Department], [a].[Email], [a].[EmailConfirmed], [a].[FullName], [a].[IsEnabled], [a].[JobTitle], [a].[LockoutEnabled], [a].[LockoutEnd], [a].[NormalizedEmail], [a].[NormalizedUserName], [a].[PasswordHash], [a].[PhoneNumber], [a].[PhoneNumberConfirmed], [a].[SecurityStamp], [a].[TwoFactorEnabled], [a].[UpdatedBy], [a].[UpdatedDate], [a].[UserName]
    FROM [AspNetUsers] AS [a]
    WHERE [a].[Id] = @__userId_0
) AS [t]
LEFT JOIN [AspNetUserRoles] AS [a0] ON [t].[Id] = [a0].[UserId]
ORDER BY [t].[Id], [a0].[UserId], [a0].[RoleId]" (627a98df)
2022-06-03T18:44:37.6437821+05:00 80000144-0000-f600-b63f-84710c7967bb [ERR] An exception occurred while iterating over the results of a query for context type '"DAL.ApplicationDbContext"'."
""Microsoft.Data.SqlClient.SqlException (0x80131904): Invalid column name 'AccountOwner'.
Invalid column name 'Department'.
   at Microsoft.Data.SqlClient.SqlCommand.<>c.<ExecuteDbDataReaderAsync>b__169_0(Task`1 result)
   at System.Threading.Tasks.ContinuationResultTaskFromResultTask`2.InnerInvoke()
   at System.Threading.ExecutionContext.RunInternal(ExecutionContext executionContext, ContextCallback callback, Object state)
--- End of stack trace from previous location ---
   at System.Threading.Tasks.Task.ExecuteWithThreadLocal(Task& currentTaskSlot, Thread threadPoolThread)
--- End of stack trace from previous location ---
   at Microsoft.EntityFrameworkCore.Storage.RelationalCommand.ExecuteReaderAsync(RelationalCommandParameterObject parameterObject, CancellationToken cancellationToken)
   at Microsoft.EntityFrameworkCore.Storage.RelationalCommand.ExecuteReaderAsync(RelationalCommandParameterObject parameterObject, CancellationToken cancellationToken)
   at Microsoft.EntityFrameworkCore.Query.Internal.SingleQueryingEnumerable`1.AsyncEnumerator.InitializeReaderAsync(DbContext _, Boolean result, CancellationToken cancellationToken)
   at Microsoft.EntityFrameworkCore.SqlServer.Storage.Internal.SqlServerExecutionStrategy.ExecuteAsync[TState,TResult](TState state, Func`4 operation, Func`4 verifySucceeded, CancellationToken cancellationToken)
   at Microsoft.EntityFrameworkCore.Query.Internal.SingleQueryingEnumerable`1.AsyncEnumerator.MoveNextAsync()
ClientConnectionId:9d9d4b53-bdb5-49a9-adb8-155452dc3cb8
Error Number:207,State:1,Class:16" (f5c7ac34)
Microsoft.Data.SqlClient.SqlException (0x80131904): Invalid column name 'AccountOwner'.
Invalid column name 'Department'.
   at Microsoft.Data.SqlClient.SqlCommand.<>c.<ExecuteDbDataReaderAsync>b__169_0(Task`1 result)
   at System.Threading.Tasks.ContinuationResultTaskFromResultTask`2.InnerInvoke()
   at System.Threading.ExecutionContext.RunInternal(ExecutionContext executionContext, ContextCallback callback, Object state)
--- End of stack trace from previous location ---
   at System.Threading.Tasks.Task.ExecuteWithThreadLocal(Task& currentTaskSlot, Thread threadPoolThread)
--- End of stack trace from previous location ---
   at Microsoft.EntityFrameworkCore.Storage.RelationalCommand.ExecuteReaderAsync(RelationalCommandParameterObject parameterObject, CancellationToken cancellationToken)
   at Microsoft.EntityFrameworkCore.Storage.RelationalCommand.ExecuteReaderAsync(RelationalCommandParameterObject parameterObject, CancellationToken cancellationToken)
   at Microsoft.EntityFrameworkCore.Query.Internal.SingleQueryingEnumerable`1.AsyncEnumerator.InitializeReaderAsync(DbContext _, Boolean result, CancellationToken cancellationToken)
   at Microsoft.EntityFrameworkCore.SqlServer.Storage.Internal.SqlServerExecutionStrategy.ExecuteAsync[TState,TResult](TState state, Func`4 operation, Func`4 verifySucceeded, CancellationToken cancellationToken)
   at Microsoft.EntityFrameworkCore.Query.Internal.SingleQueryingEnumerable`1.AsyncEnumerator.MoveNextAsync()
   at Microsoft.EntityFrameworkCore.Query.ShapedQueryCompilingExpressionVisitor.SingleOrDefaultAsync[TSource](IAsyncEnumerable`1 asyncEnumerable, CancellationToken cancellationToken)
   at Microsoft.EntityFrameworkCore.Query.ShapedQueryCompilingExpressionVisitor.SingleOrDefaultAsync[TSource](IAsyncEnumerable`1 asyncEnumerable, CancellationToken cancellationToken)
   at DAL.Core.AccountManager.GetUserAndRolesAsync(String userId) in E:\QuickApp-master\QuickApp-master - Copy\DAL\Core\AccountManager.cs:line 66
ClientConnectionId:9d9d4b53-bdb5-49a9-adb8-155452dc3cb8
Error Number:207,State:1,Class:16
2022-06-03T18:44:37.8181810+05:00 80000144-0000-f600-b63f-84710c7967bb [ERR] An unhandled exception has occurred while executing the request. (48a46595)
Microsoft.Data.SqlClient.SqlException (0x80131904): Invalid column name 'AccountOwner'.
Invalid column name 'Department'.
   at Microsoft.Data.SqlClient.SqlCommand.<>c.<ExecuteDbDataReaderAsync>b__169_0(Task`1 result)
   at System.Threading.Tasks.ContinuationResultTaskFromResultTask`2.InnerInvoke()
   at System.Threading.ExecutionContext.RunInternal(ExecutionContext executionContext, ContextCallback callback, Object state)
--- End of stack trace from previous location ---
   at System.Threading.Tasks.Task.ExecuteWithThreadLocal(Task& currentTaskSlot, Thread threadPoolThread)
--- End of stack trace from previous location ---
   at Microsoft.EntityFrameworkCore.Storage.RelationalCommand.ExecuteReaderAsync(RelationalCommandParameterObject parameterObject, CancellationToken cancellationToken)
   at Microsoft.EntityFrameworkCore.Storage.RelationalCommand.ExecuteReaderAsync(RelationalCommandParameterObject parameterObject, CancellationToken cancellationToken)
   at Microsoft.EntityFrameworkCore.Query.Internal.SingleQueryingEnumerable`1.AsyncEnumerator.InitializeReaderAsync(DbContext _, Boolean result, CancellationToken cancellationToken)
   at Microsoft.EntityFrameworkCore.SqlServer.Storage.Internal.SqlServerExecutionStrategy.ExecuteAsync[TState,TResult](TState state, Func`4 operation, Func`4 verifySucceeded, CancellationToken cancellationToken)
   at Microsoft.EntityFrameworkCore.Query.Internal.SingleQueryingEnumerable`1.AsyncEnumerator.MoveNextAsync()
   at Microsoft.EntityFrameworkCore.Query.ShapedQueryCompilingExpressionVisitor.SingleOrDefaultAsync[TSource](IAsyncEnumerable`1 asyncEnumerable, CancellationToken cancellationToken)
   at Microsoft.EntityFrameworkCore.Query.ShapedQueryCompilingExpressionVisitor.SingleOrDefaultAsync[TSource](IAsyncEnumerable`1 asyncEnumerable, CancellationToken cancellationToken)
   at DAL.Core.AccountManager.GetUserAndRolesAsync(String userId) in E:\QuickApp-master\QuickApp-master - Copy\DAL\Core\AccountManager.cs:line 66
   at QuickApp.Controllers.AccountController.GetUserViewModelHelper(String userId) in E:\QuickApp-master\QuickApp-master - Copy\QuickApp\Controllers\AccountController.cs:line 535
   at QuickApp.Controllers.AccountController.GetUserById(String id) in E:\QuickApp-master\QuickApp-master - Copy\QuickApp\Controllers\AccountController.cs:line 64
   at QuickApp.Controllers.AccountController.GetCurrentUser() in E:\QuickApp-master\QuickApp-master - Copy\QuickApp\Controllers\AccountController.cs:line 50
   at Microsoft.AspNetCore.Mvc.Infrastructure.ActionMethodExecutor.TaskOfIActionResultExecutor.Execute(IActionResultTypeMapper mapper, ObjectMethodExecutor executor, Object controller, Object[] arguments)
   at Microsoft.AspNetCore.Mvc.Infrastructure.ControllerActionInvoker.<InvokeActionMethodAsync>g__Awaited|12_0(ControllerActionInvoker invoker, ValueTask`1 actionResultValueTask)
   at Microsoft.AspNetCore.Mvc.Infrastructure.ControllerActionInvoker.<InvokeNextActionFilterAsync>g__Awaited|10_0(ControllerActionInvoker invoker, Task lastTask, State next, Scope scope, Object state, Boolean isCompleted)
   at Microsoft.AspNetCore.Mvc.Infrastructure.ControllerActionInvoker.Rethrow(ActionExecutedContextSealed context)
   at Microsoft.AspNetCore.Mvc.Infrastructure.ControllerActionInvoker.Next(State& next, Scope& scope, Object& state, Boolean& isCompleted)
   at Microsoft.AspNetCore.Mvc.Infrastructure.ControllerActionInvoker.<InvokeInnerFilterAsync>g__Awaited|13_0(ControllerActionInvoker invoker, Task lastTask, State next, Scope scope, Object state, Boolean isCompleted)
   at Microsoft.AspNetCore.Mvc.Infrastructure.ResourceInvoker.<InvokeNextResourceFilter>g__Awaited|24_0(ResourceInvoker invoker, Task lastTask, State next, Scope scope, Object state, Boolean isCompleted)
   at Microsoft.AspNetCore.Mvc.Infrastructure.ResourceInvoker.Rethrow(ResourceExecutedContextSealed context)
   at Microsoft.AspNetCore.Mvc.Infrastructure.ResourceInvoker.Next(State& next, Scope& scope, Object& state, Boolean& isCompleted)
   at Microsoft.AspNetCore.Mvc.Infrastructure.ResourceInvoker.<InvokeFilterPipelineAsync>g__Awaited|19_0(ResourceInvoker invoker, Task lastTask, State next, Scope scope, Object state, Boolean isCompleted)
   at Microsoft.AspNetCore.Mvc.Infrastructure.ResourceInvoker.<InvokeAsync>g__Awaited|17_0(ResourceInvoker invoker, Task task, IDisposable scope)
   at Microsoft.AspNetCore.Routing.EndpointMiddleware.<Invoke>g__AwaitRequestTask|6_0(Endpoint endpoint, Task requestTask, ILogger logger)
   at Swashbuckle.AspNetCore.SwaggerUI.SwaggerUIMiddleware.Invoke(HttpContext httpContext)
   at Swashbuckle.AspNetCore.Swagger.SwaggerMiddleware.Invoke(HttpContext httpContext, ISwaggerProvider swaggerProvider)
   at Microsoft.AspNetCore.Authorization.Policy.AuthorizationMiddlewareResultHandler.HandleAsync(RequestDelegate next, HttpContext context, AuthorizationPolicy policy, PolicyAuthorizationResult authorizeResult)
   at Microsoft.AspNetCore.Authorization.AuthorizationMiddleware.Invoke(HttpContext context)
   at IdentityServer4.Hosting.IdentityServerMiddleware.Invoke(HttpContext context, IEndpointRouter router, IUserSession session, IEventService events, IBackChannelLogoutService backChannelLogoutService)
   at IdentityServer4.Hosting.MutualTlsEndpointMiddleware.Invoke(HttpContext context, IAuthenticationSchemeProvider schemes)
   at Microsoft.AspNetCore.Authentication.AuthenticationMiddleware.Invoke(HttpContext context)
   at IdentityServer4.Hosting.BaseUrlMiddleware.Invoke(HttpContext context)
   at Microsoft.AspNetCore.Diagnostics.DeveloperExceptionPageMiddleware.Invoke(HttpContext context)
ClientConnectionId:9d9d4b53-bdb5-49a9-adb8-155452dc3cb8
Error Number:207,State:1,Class:16
2022-06-03T19:43:14.3055325+05:00 800000e2-0001-fb00-b63f-84710c7967bb [INF] "Bearer" was not authenticated. Failure message: "IDX10223: Lifetime validation failed. The token is expired. ValidTo: '[PII is hidden. For more details, see https://aka.ms/IdentityModel/PII.]', Current time: '[PII is hidden. For more details, see https://aka.ms/IdentityModel/PII.]'." (48071232)
2022-06-03T19:43:14.3065638+05:00 80000556-0001-ec00-b63f-84710c7967bb [INF] "Bearer" was not authenticated. Failure message: "IDX10223: Lifetime validation failed. The token is expired. ValidTo: '[PII is hidden. For more details, see https://aka.ms/IdentityModel/PII.]', Current time: '[PII is hidden. For more details, see https://aka.ms/IdentityModel/PII.]'." (48071232)
2022-06-03T19:43:14.3085455+05:00 800000e2-0001-fb00-b63f-84710c7967bb [INF] AuthenticationScheme: "Bearer" was challenged. (d45f1f38)
2022-06-03T19:43:14.3085579+05:00 80000556-0001-ec00-b63f-84710c7967bb [INF] AuthenticationScheme: "Bearer" was challenged. (d45f1f38)
2022-06-03T19:43:14.4839687+05:00 80000452-0002-fd00-b63f-84710c7967bb [WRN] CorsPolicyService did not allow origin: "http://localhost:4200" (f5320bfb)
2022-06-03T19:43:14.4900400+05:00 80000452-0002-fd00-b63f-84710c7967bb [INF] Invoking IdentityServer endpoint: "IdentityServer4.Endpoints.DiscoveryEndpoint" for "/.well-known/openid-configuration" (f7642de5)
2022-06-03T19:43:14.5027110+05:00 80000176-0000-f900-b63f-84710c7967bb [WRN] CorsPolicyService did not allow origin: "http://localhost:4200" (f5320bfb)
2022-06-03T19:43:14.5050615+05:00 80000176-0000-f900-b63f-84710c7967bb [INF] Invoking IdentityServer endpoint: "IdentityServer4.Endpoints.DiscoveryKeyEndpoint" for "/.well-known/openid-configuration/jwks" (f7642de5)
2022-06-03T19:43:14.5175289+05:00 80000558-0001-ec00-b63f-84710c7967bb [WRN] CorsPolicyService did not allow origin: "http://localhost:4200" (f5320bfb)
2022-06-03T19:43:14.5192339+05:00 80000558-0001-ec00-b63f-84710c7967bb [INF] Invoking IdentityServer endpoint: "IdentityServer4.Endpoints.TokenEndpoint" for "/connect/token" (f7642de5)
2022-06-03T19:43:14.5210444+05:00 80000558-0001-ec00-b63f-84710c7967bb [WRN] Invalid refresh token (831190ec)
2022-06-03T19:43:14.5219958+05:00 80000558-0001-ec00-b63f-84710c7967bb [WRN] Refresh token validation failed. aborting, TokenRequestValidationLog { ClientId: "quickapp_spa", ClientName: null, GrantType: "refresh_token", Scopes: null, AuthorizationCode: "********", RefreshToken: "********", UserName: null, AuthenticationContextReferenceClasses: null, Tenant: null, IdP: null, Raw: [("refresh_token": "***REDACTED***"), ("client_id": "quickapp_spa"), ("grant_type": "refresh_token")] } (2c8ee86e)
