2022-07-22T03:29:42.3929613+05:00  [INF] Starting IdentityServer4 version "4.1.2+997a6cdd643e46cd5762b710c4ddc43574cbec2e" (8add0571)
2022-07-22T03:29:42.4223322+05:00  [INF] You are using the in-memory version of the persisted grant store. This will store consent decisions, authorization codes, refresh and reference tokens in memory only. If you are using any of those features in production, you want to switch to a different store implementation. (553c312b)
2022-07-22T03:29:42.4308410+05:00  [INF] Using the default authentication scheme "Identity.Application" for IdentityServer (4a54f457)
2022-07-22T03:29:43.2457753+05:00  [INF] Application started. Press Ctrl+C to shut down. (dcaefe54)
2022-07-22T03:29:43.2836492+05:00  [INF] Hosting environment: "Development" (c3307c92)
2022-07-22T03:29:43.2922678+05:00  [INF] Content root path: "E:\QuickApp-master\QuickApp-master - Copy\QuickApp" (b5d60022)
2022-07-22T03:29:44.6888411+05:00 80000140-0003-f600-b63f-84710c7967bb [WRN] CorsPolicyService did not allow origin: "http://localhost:4200" (f5320bfb)
2022-07-22T03:29:44.7084811+05:00 80000140-0003-f600-b63f-84710c7967bb [INF] Invoking IdentityServer endpoint: "IdentityServer4.Endpoints.DiscoveryEndpoint" for "/.well-known/openid-configuration" (f7642de5)
2022-07-22T03:30:48.1157086+05:00  [INF] Starting IdentityServer4 version "4.1.2+997a6cdd643e46cd5762b710c4ddc43574cbec2e" (8add0571)
2022-07-22T03:30:48.1477965+05:00  [INF] You are using the in-memory version of the persisted grant store. This will store consent decisions, authorization codes, refresh and reference tokens in memory only. If you are using any of those features in production, you want to switch to a different store implementation. (553c312b)
2022-07-22T03:30:48.1761888+05:00  [INF] Using the default authentication scheme "Identity.Application" for IdentityServer (4a54f457)
2022-07-22T03:30:48.7103091+05:00  [INF] Application started. Press Ctrl+C to shut down. (dcaefe54)
2022-07-22T03:30:48.7509271+05:00  [INF] Hosting environment: "Development" (c3307c92)
2022-07-22T03:30:48.7558877+05:00  [INF] Content root path: "E:\QuickApp-master\QuickApp-master - Copy\QuickApp" (b5d60022)
2022-07-22T03:51:32.0091751+05:00 8000012a-0001-fb00-b63f-84710c7967bb [INF] Invoking IdentityServer endpoint: "IdentityServer4.Endpoints.DiscoveryEndpoint" for "/.well-known/openid-configuration" (f7642de5)
2022-07-22T03:51:32.0833354+05:00 8000012c-0001-fb00-b63f-84710c7967bb [INF] Invoking IdentityServer endpoint: "IdentityServer4.Endpoints.DiscoveryKeyEndpoint" for "/.well-known/openid-configuration/jwks" (f7642de5)
2022-07-22T03:51:32.1605531+05:00 8000012e-0001-fb00-b63f-84710c7967bb [INF] Invoking IdentityServer endpoint: "IdentityServer4.Endpoints.TokenEndpoint" for "/connect/token" (f7642de5)
2022-07-22T03:51:32.6182263+05:00 8000012e-0001-fb00-b63f-84710c7967bb [INF] Credentials validated for username: "admin" (cb811aa7)
2022-07-22T03:51:32.6844695+05:00 8000012e-0001-fb00-b63f-84710c7967bb [INF] Token request validation success, TokenRequestValidationLog { ClientId: "quickapp_spa", ClientName: null, GrantType: "password", Scopes: "email offline_access openid phone profile quickapp_api roles", AuthorizationCode: "********", RefreshToken: "********", UserName: "admin", AuthenticationContextReferenceClasses: null, Tenant: null, IdP: null, Raw: [("username": "admin"), ("password": "***REDACTED***"), ("client_id": "quickapp_spa"), ("grant_type": "password"), ("scope": "openid email phone profile offline_access roles quickapp_api")] } (3a073258)
2022-07-22T03:52:00.4504487+05:00 800001ba-0001-f700-b63f-84710c7967bb [INF] Invoking IdentityServer endpoint: "IdentityServer4.Endpoints.DiscoveryEndpoint" for "/.well-known/openid-configuration" (f7642de5)
2022-07-22T03:52:00.4683813+05:00 800001bc-0001-f700-b63f-84710c7967bb [INF] Invoking IdentityServer endpoint: "IdentityServer4.Endpoints.DiscoveryKeyEndpoint" for "/.well-known/openid-configuration/jwks" (f7642de5)
2022-07-22T03:52:00.4821778+05:00 80000065-0002-eb00-b63f-84710c7967bb [INF] Invoking IdentityServer endpoint: "IdentityServer4.Endpoints.TokenEndpoint" for "/connect/token" (f7642de5)
2022-07-22T03:52:00.5493065+05:00 80000065-0002-eb00-b63f-84710c7967bb [INF] Credentials validated for username: "admin" (cb811aa7)
2022-07-22T03:52:00.5553052+05:00 80000065-0002-eb00-b63f-84710c7967bb [INF] Token request validation success, TokenRequestValidationLog { ClientId: "quickapp_spa", ClientName: null, GrantType: "password", Scopes: "email offline_access openid phone profile quickapp_api roles", AuthorizationCode: "********", RefreshToken: "********", UserName: "admin", AuthenticationContextReferenceClasses: null, Tenant: null, IdP: null, Raw: [("username": "admin"), ("password": "***REDACTED***"), ("client_id": "quickapp_spa"), ("grant_type": "password"), ("scope": "openid email phone profile offline_access roles quickapp_api")] } (3a073258)
2022-07-22T03:54:12.9519182+05:00  [INF] Starting IdentityServer4 version "4.1.2+997a6cdd643e46cd5762b710c4ddc43574cbec2e" (8add0571)
2022-07-22T03:54:13.0679921+05:00  [INF] You are using the in-memory version of the persisted grant store. This will store consent decisions, authorization codes, refresh and reference tokens in memory only. If you are using any of those features in production, you want to switch to a different store implementation. (553c312b)
2022-07-22T03:54:13.0792773+05:00  [INF] Using the default authentication scheme "Identity.Application" for IdentityServer (4a54f457)
2022-07-22T03:54:13.7006844+05:00  [INF] Application started. Press Ctrl+C to shut down. (dcaefe54)
2022-07-22T03:54:13.7217252+05:00  [INF] Hosting environment: "Development" (c3307c92)
2022-07-22T03:54:13.7281380+05:00  [INF] Content root path: "E:\QuickApp-master\QuickApp-master - Copy\QuickApp" (b5d60022)
2022-07-22T03:55:39.3210885+05:00 80000015-0002-f300-b63f-84710c7967bb [INF] Invoking IdentityServer endpoint: "IdentityServer4.Endpoints.DiscoveryEndpoint" for "/.well-known/openid-configuration" (f7642de5)
2022-07-22T03:55:39.5765195+05:00 80000016-0002-f300-b63f-84710c7967bb [INF] Invoking IdentityServer endpoint: "IdentityServer4.Endpoints.DiscoveryKeyEndpoint" for "/.well-known/openid-configuration/jwks" (f7642de5)
2022-07-22T03:55:39.6773496+05:00 80000297-0002-fa00-b63f-84710c7967bb [INF] AuthenticationScheme: "Bearer" was challenged. (d45f1f38)
2022-07-22T03:55:39.6923006+05:00 80000299-0002-fa00-b63f-84710c7967bb [INF] Invoking IdentityServer endpoint: "IdentityServer4.Endpoints.DiscoveryEndpoint" for "/.well-known/openid-configuration" (f7642de5)
2022-07-22T03:55:39.7152580+05:00 80000148-0001-fb00-b63f-84710c7967bb [INF] Invoking IdentityServer endpoint: "IdentityServer4.Endpoints.DiscoveryKeyEndpoint" for "/.well-known/openid-configuration/jwks" (f7642de5)
2022-07-22T03:55:39.7472496+05:00 8000029b-0002-fa00-b63f-84710c7967bb [INF] Invoking IdentityServer endpoint: "IdentityServer4.Endpoints.TokenEndpoint" for "/connect/token" (f7642de5)
2022-07-22T03:55:39.8054705+05:00 8000029b-0002-fa00-b63f-84710c7967bb [WRN] Invalid refresh token (831190ec)
2022-07-22T03:55:39.8349495+05:00 8000029b-0002-fa00-b63f-84710c7967bb [WRN] Refresh token validation failed. aborting, TokenRequestValidationLog { ClientId: "quickapp_spa", ClientName: null, GrantType: "refresh_token", Scopes: null, AuthorizationCode: "********", RefreshToken: "********", UserName: null, AuthenticationContextReferenceClasses: null, Tenant: null, IdP: null, Raw: [("refresh_token": "***REDACTED***"), ("client_id": "quickapp_spa"), ("grant_type": "refresh_token")] } (2c8ee86e)
2022-07-22T03:55:39.8843819+05:00 800000e0-0000-f800-b63f-84710c7967bb [INF] AuthenticationScheme: "Bearer" was challenged. (d45f1f38)
2022-07-22T03:55:39.9560565+05:00 8000014a-0001-fb00-b63f-84710c7967bb [INF] Invoking IdentityServer endpoint: "IdentityServer4.Endpoints.DiscoveryEndpoint" for "/.well-known/openid-configuration" (f7642de5)
2022-07-22T03:57:02.5603215+05:00 80000133-0002-f800-b63f-84710c7967bb [INF] Invoking IdentityServer endpoint: "IdentityServer4.Endpoints.DiscoveryKeyEndpoint" for "/.well-known/openid-configuration/jwks" (f7642de5)
2022-07-22T03:57:03.1000660+05:00 800001ce-0001-f700-b63f-84710c7967bb [INF] Invoking IdentityServer endpoint: "IdentityServer4.Endpoints.TokenEndpoint" for "/connect/token" (f7642de5)
2022-07-22T03:57:03.1368877+05:00 800001ce-0001-f700-b63f-84710c7967bb [WRN] Invalid refresh token (831190ec)
2022-07-22T03:57:03.1752956+05:00 800001ce-0001-f700-b63f-84710c7967bb [WRN] Refresh token validation failed. aborting, TokenRequestValidationLog { ClientId: "quickapp_spa", ClientName: null, GrantType: "refresh_token", Scopes: null, AuthorizationCode: "********", RefreshToken: "********", UserName: null, AuthenticationContextReferenceClasses: null, Tenant: null, IdP: null, Raw: [("refresh_token": "***REDACTED***"), ("client_id": "quickapp_spa"), ("grant_type": "refresh_token")] } (2c8ee86e)
2022-07-22T03:57:07.6853487+05:00 800002a1-0002-fa00-b63f-84710c7967bb [INF] AuthenticationScheme: "Bearer" was challenged. (d45f1f38)
2022-07-22T03:57:07.8022467+05:00 800002a3-0002-fa00-b63f-84710c7967bb [INF] Invoking IdentityServer endpoint: "IdentityServer4.Endpoints.DiscoveryEndpoint" for "/.well-known/openid-configuration" (f7642de5)
2022-07-22T03:57:07.9096436+05:00 8000014c-0001-fb00-b63f-84710c7967bb [INF] Invoking IdentityServer endpoint: "IdentityServer4.Endpoints.DiscoveryKeyEndpoint" for "/.well-known/openid-configuration/jwks" (f7642de5)
2022-07-22T03:57:07.9594487+05:00 8000014e-0001-fb00-b63f-84710c7967bb [INF] Invoking IdentityServer endpoint: "IdentityServer4.Endpoints.TokenEndpoint" for "/connect/token" (f7642de5)
2022-07-22T03:57:07.9638257+05:00 8000014e-0001-fb00-b63f-84710c7967bb [WRN] Invalid refresh token (831190ec)
2022-07-22T03:57:07.9674540+05:00 8000014e-0001-fb00-b63f-84710c7967bb [WRN] Refresh token validation failed. aborting, TokenRequestValidationLog { ClientId: "quickapp_spa", ClientName: null, GrantType: "refresh_token", Scopes: null, AuthorizationCode: "********", RefreshToken: "********", UserName: null, AuthenticationContextReferenceClasses: null, Tenant: null, IdP: null, Raw: [("refresh_token": "***REDACTED***"), ("client_id": "quickapp_spa"), ("grant_type": "refresh_token")] } (2c8ee86e)
2022-07-22T03:57:08.2181438+05:00 80000137-0002-f800-b63f-84710c7967bb [INF] AuthenticationScheme: "Bearer" was challenged. (d45f1f38)
2022-07-22T03:57:08.2649432+05:00 80000218-0000-fe00-b63f-84710c7967bb [INF] Invoking IdentityServer endpoint: "IdentityServer4.Endpoints.DiscoveryEndpoint" for "/.well-known/openid-configuration" (f7642de5)
2022-07-22T03:57:11.9695044+05:00 8000021a-0000-fe00-b63f-84710c7967bb [INF] Invoking IdentityServer endpoint: "IdentityServer4.Endpoints.DiscoveryKeyEndpoint" for "/.well-known/openid-configuration/jwks" (f7642de5)
2022-07-22T03:57:14.9218115+05:00 8000008c-0003-fb00-b63f-84710c7967bb [INF] AuthenticationScheme: "Bearer" was challenged. (d45f1f38)
2022-07-22T03:57:15.0572652+05:00 80000080-0003-f300-b63f-84710c7967bb [INF] Invoking IdentityServer endpoint: "IdentityServer4.Endpoints.DiscoveryEndpoint" for "/.well-known/openid-configuration" (f7642de5)
2022-07-22T03:57:15.1896853+05:00 8000000a-0002-ec00-b63f-84710c7967bb [INF] Invoking IdentityServer endpoint: "IdentityServer4.Endpoints.DiscoveryKeyEndpoint" for "/.well-known/openid-configuration/jwks" (f7642de5)
2022-07-22T03:57:15.2433425+05:00 80000082-0003-f300-b63f-84710c7967bb [INF] Invoking IdentityServer endpoint: "IdentityServer4.Endpoints.TokenEndpoint" for "/connect/token" (f7642de5)
2022-07-22T03:57:15.2505071+05:00 80000082-0003-f300-b63f-84710c7967bb [WRN] Invalid refresh token (831190ec)
2022-07-22T03:57:15.2645924+05:00 80000082-0003-f300-b63f-84710c7967bb [WRN] Refresh token validation failed. aborting, TokenRequestValidationLog { ClientId: "quickapp_spa", ClientName: null, GrantType: "refresh_token", Scopes: null, AuthorizationCode: "********", RefreshToken: "********", UserName: null, AuthenticationContextReferenceClasses: null, Tenant: null, IdP: null, Raw: [("refresh_token": "***REDACTED***"), ("client_id": "quickapp_spa"), ("grant_type": "refresh_token")] } (2c8ee86e)
2022-07-22T03:57:15.2868210+05:00 8000000c-0002-ec00-b63f-84710c7967bb [INF] AuthenticationScheme: "Bearer" was challenged. (d45f1f38)
2022-07-22T03:57:15.3051665+05:00 800000e2-0000-f800-b63f-84710c7967bb [INF] Invoking IdentityServer endpoint: "IdentityServer4.Endpoints.DiscoveryEndpoint" for "/.well-known/openid-configuration" (f7642de5)
2022-07-22T03:57:16.9869247+05:00 80000084-0003-f300-b63f-84710c7967bb [INF] Invoking IdentityServer endpoint: "IdentityServer4.Endpoints.DiscoveryKeyEndpoint" for "/.well-known/openid-configuration/jwks" (f7642de5)
2022-07-22T03:57:17.1225231+05:00 800001d4-0001-f700-b63f-84710c7967bb [INF] Invoking IdentityServer endpoint: "IdentityServer4.Endpoints.TokenEndpoint" for "/connect/token" (f7642de5)
2022-07-22T03:57:19.1018223+05:00 800001d4-0001-f700-b63f-84710c7967bb [FTL] Unhandled exception: "The client has disconnected" (9b1fe9ee)
Microsoft.AspNetCore.Connections.ConnectionResetException: The client has disconnected
 ---> System.Runtime.InteropServices.COMException (0x800704CD): An operation was attempted on a nonexistent network connection. (0x800704CD)
   --- End of inner exception stack trace ---
   at Microsoft.AspNetCore.Server.IIS.Core.IO.AsyncIOOperation.GetResult(Int16 token)
   at Microsoft.AspNetCore.Server.IIS.Core.IISHttpContext.ReadBody()
   at System.IO.Pipelines.PipeCompletion.ThrowLatchedException()
   at System.IO.Pipelines.Pipe.GetReadResult(ReadResult& result)
   at System.IO.Pipelines.Pipe.ReadAsync(CancellationToken token)
   at System.IO.Pipelines.Pipe.DefaultPipeReader.ReadAsync(CancellationToken cancellationToken)
   at Microsoft.AspNetCore.Server.IIS.Core.IISHttpContext.ReadAsync(Memory`1 memory, CancellationToken cancellationToken)
   at Microsoft.AspNetCore.Server.IIS.Core.HttpRequestStream.ReadAsyncInternal(Memory`1 buffer, CancellationToken cancellationToken)
   at System.IO.Pipelines.StreamPipeReader.ReadAsync(CancellationToken cancellationToken)
   at Microsoft.AspNetCore.WebUtilities.FormPipeReader.ReadFormAsync(CancellationToken cancellationToken)
   at Microsoft.AspNetCore.Http.Features.FormFeature.InnerReadFormAsync(CancellationToken cancellationToken)
   at IdentityServer4.Validation.PostBodySecretParser.ParseAsync(HttpContext context)
   at IdentityServer4.Validation.SecretParser.ParseAsync(HttpContext context)
   at IdentityServer4.Validation.ClientSecretValidator.ValidateAsync(HttpContext context)
   at IdentityServer4.Endpoints.TokenEndpoint.ProcessTokenRequestAsync(HttpContext context)
   at IdentityServer4.Endpoints.TokenEndpoint.ProcessAsync(HttpContext context)
   at IdentityServer4.Hosting.IdentityServerMiddleware.Invoke(HttpContext context, IEndpointRouter router, IUserSession session, IEventService events, IBackChannelLogoutService backChannelLogoutService)
   at System.Runtime.ExceptionServices.ExceptionDispatchInfo.Throw()
2022-07-22T03:57:19.5805540+05:00 80000224-0000-fe00-b63f-84710c7967bb [INF] AuthenticationScheme: "Bearer" was challenged. (d45f1f38)
2022-07-22T03:57:19.7208354+05:00 80000010-0002-ec00-b63f-84710c7967bb [INF] Invoking IdentityServer endpoint: "IdentityServer4.Endpoints.DiscoveryEndpoint" for "/.well-known/openid-configuration" (f7642de5)
2022-07-22T03:57:19.7251759+05:00 800001d4-0001-f700-b63f-84710c7967bb [ERR] An unhandled exception has occurred while executing the request. (48a46595)
Microsoft.AspNetCore.Connections.ConnectionResetException: The client has disconnected
 ---> System.Runtime.InteropServices.COMException (0x800704CD): An operation was attempted on a nonexistent network connection. (0x800704CD)
   --- End of inner exception stack trace ---
   at Microsoft.AspNetCore.Server.IIS.Core.IO.AsyncIOOperation.GetResult(Int16 token)
   at Microsoft.AspNetCore.Server.IIS.Core.IISHttpContext.ReadBody()
   at System.IO.Pipelines.PipeCompletion.ThrowLatchedException()
   at System.IO.Pipelines.Pipe.GetReadResult(ReadResult& result)
   at System.IO.Pipelines.Pipe.ReadAsync(CancellationToken token)
   at System.IO.Pipelines.Pipe.DefaultPipeReader.ReadAsync(CancellationToken cancellationToken)
   at Microsoft.AspNetCore.Server.IIS.Core.IISHttpContext.ReadAsync(Memory`1 memory, CancellationToken cancellationToken)
   at Microsoft.AspNetCore.Server.IIS.Core.HttpRequestStream.ReadAsyncInternal(Memory`1 buffer, CancellationToken cancellationToken)
   at System.IO.Pipelines.StreamPipeReader.ReadAsync(CancellationToken cancellationToken)
   at Microsoft.AspNetCore.WebUtilities.FormPipeReader.ReadFormAsync(CancellationToken cancellationToken)
   at Microsoft.AspNetCore.Http.Features.FormFeature.InnerReadFormAsync(CancellationToken cancellationToken)
   at IdentityServer4.Validation.PostBodySecretParser.ParseAsync(HttpContext context)
   at IdentityServer4.Validation.SecretParser.ParseAsync(HttpContext context)
   at IdentityServer4.Validation.ClientSecretValidator.ValidateAsync(HttpContext context)
   at IdentityServer4.Endpoints.TokenEndpoint.ProcessTokenRequestAsync(HttpContext context)
   at IdentityServer4.Endpoints.TokenEndpoint.ProcessAsync(HttpContext context)
   at IdentityServer4.Hosting.IdentityServerMiddleware.Invoke(HttpContext context, IEndpointRouter router, IUserSession session, IEventService events, IBackChannelLogoutService backChannelLogoutService)
   at IdentityServer4.Hosting.IdentityServerMiddleware.Invoke(HttpContext context, IEndpointRouter router, IUserSession session, IEventService events, IBackChannelLogoutService backChannelLogoutService)
   at IdentityServer4.Hosting.MutualTlsEndpointMiddleware.Invoke(HttpContext context, IAuthenticationSchemeProvider schemes)
   at Microsoft.AspNetCore.Authentication.AuthenticationMiddleware.Invoke(HttpContext context)
   at IdentityServer4.Hosting.BaseUrlMiddleware.Invoke(HttpContext context)
   at Microsoft.AspNetCore.Diagnostics.DeveloperExceptionPageMiddleware.Invoke(HttpContext context)
2022-07-22T03:57:19.8049841+05:00 80000226-0000-fe00-b63f-84710c7967bb [INF] Invoking IdentityServer endpoint: "IdentityServer4.Endpoints.DiscoveryKeyEndpoint" for "/.well-known/openid-configuration/jwks" (f7642de5)
2022-07-22T03:57:19.8238836+05:00 80000094-0003-fb00-b63f-84710c7967bb [INF] Invoking IdentityServer endpoint: "IdentityServer4.Endpoints.TokenEndpoint" for "/connect/token" (f7642de5)
2022-07-22T03:57:19.8303648+05:00 80000094-0003-fb00-b63f-84710c7967bb [WRN] Invalid refresh token (831190ec)
2022-07-22T03:57:19.8333976+05:00 80000094-0003-fb00-b63f-84710c7967bb [WRN] Refresh token validation failed. aborting, TokenRequestValidationLog { ClientId: "quickapp_spa", ClientName: null, GrantType: "refresh_token", Scopes: null, AuthorizationCode: "********", RefreshToken: "********", UserName: null, AuthenticationContextReferenceClasses: null, Tenant: null, IdP: null, Raw: [("refresh_token": "***REDACTED***"), ("client_id": "quickapp_spa"), ("grant_type": "refresh_token")] } (2c8ee86e)
2022-07-22T03:57:19.8483378+05:00 80000096-0003-fb00-b63f-84710c7967bb [INF] AuthenticationScheme: "Bearer" was challenged. (d45f1f38)
2022-07-22T03:57:19.8664055+05:00 80000150-0001-fb00-b63f-84710c7967bb [INF] Invoking IdentityServer endpoint: "IdentityServer4.Endpoints.DiscoveryEndpoint" for "/.well-known/openid-configuration" (f7642de5)
2022-07-22T03:57:58.3302468+05:00 800000e8-0000-f800-b63f-84710c7967bb [INF] Invoking IdentityServer endpoint: "IdentityServer4.Endpoints.DiscoveryKeyEndpoint" for "/.well-known/openid-configuration/jwks" (f7642de5)
2022-07-22T03:57:59.2465042+05:00 80000152-0001-fb00-b63f-84710c7967bb [INF] Invoking IdentityServer endpoint: "IdentityServer4.Endpoints.TokenEndpoint" for "/connect/token" (f7642de5)
2022-07-22T03:57:59.2601339+05:00 80000152-0001-fb00-b63f-84710c7967bb [WRN] Invalid refresh token (831190ec)
2022-07-22T03:57:59.2895940+05:00 80000152-0001-fb00-b63f-84710c7967bb [WRN] Refresh token validation failed. aborting, TokenRequestValidationLog { ClientId: "quickapp_spa", ClientName: null, GrantType: "refresh_token", Scopes: null, AuthorizationCode: "********", RefreshToken: "********", UserName: null, AuthenticationContextReferenceClasses: null, Tenant: null, IdP: null, Raw: [("refresh_token": "***REDACTED***"), ("client_id": "quickapp_spa"), ("grant_type": "refresh_token")] } (2c8ee86e)
2022-07-22T03:58:04.9745644+05:00 8000001a-0002-f300-b63f-84710c7967bb [INF] AuthenticationScheme: "Bearer" was challenged. (d45f1f38)
2022-07-22T03:58:05.0373127+05:00 800000ec-0000-f800-b63f-84710c7967bb [INF] Invoking IdentityServer endpoint: "IdentityServer4.Endpoints.DiscoveryEndpoint" for "/.well-known/openid-configuration" (f7642de5)
2022-07-22T03:58:05.3897514+05:00 8000001c-0002-f300-b63f-84710c7967bb [INF] Invoking IdentityServer endpoint: "IdentityServer4.Endpoints.DiscoveryKeyEndpoint" for "/.well-known/openid-configuration/jwks" (f7642de5)
2022-07-22T03:58:05.4722697+05:00 800000ee-0000-f800-b63f-84710c7967bb [INF] Invoking IdentityServer endpoint: "IdentityServer4.Endpoints.TokenEndpoint" for "/connect/token" (f7642de5)
2022-07-22T03:58:05.4770065+05:00 800000ee-0000-f800-b63f-84710c7967bb [WRN] Invalid refresh token (831190ec)
2022-07-22T03:58:05.4866835+05:00 800000ee-0000-f800-b63f-84710c7967bb [WRN] Refresh token validation failed. aborting, TokenRequestValidationLog { ClientId: "quickapp_spa", ClientName: null, GrantType: "refresh_token", Scopes: null, AuthorizationCode: "********", RefreshToken: "********", UserName: null, AuthenticationContextReferenceClasses: null, Tenant: null, IdP: null, Raw: [("refresh_token": "***REDACTED***"), ("client_id": "quickapp_spa"), ("grant_type": "refresh_token")] } (2c8ee86e)
2022-07-22T03:58:05.5090307+05:00 8000001e-0002-f300-b63f-84710c7967bb [INF] AuthenticationScheme: "Bearer" was challenged. (d45f1f38)
2022-07-22T03:58:05.5309141+05:00 8000009a-0003-fb00-b63f-84710c7967bb [INF] Invoking IdentityServer endpoint: "IdentityServer4.Endpoints.DiscoveryEndpoint" for "/.well-known/openid-configuration" (f7642de5)
2022-07-22T03:58:07.6202450+05:00 800000f0-0000-f800-b63f-84710c7967bb [INF] Invoking IdentityServer endpoint: "IdentityServer4.Endpoints.DiscoveryKeyEndpoint" for "/.well-known/openid-configuration/jwks" (f7642de5)
2022-07-22T03:58:07.7053037+05:00 80000020-0002-f300-b63f-84710c7967bb [INF] Invoking IdentityServer endpoint: "IdentityServer4.Endpoints.TokenEndpoint" for "/connect/token" (f7642de5)
2022-07-22T03:58:07.7993704+05:00 80000020-0002-f300-b63f-84710c7967bb [WRN] Invalid refresh token (831190ec)
2022-07-22T03:58:07.8084466+05:00 80000020-0002-f300-b63f-84710c7967bb [WRN] Refresh token validation failed. aborting, TokenRequestValidationLog { ClientId: "quickapp_spa", ClientName: null, GrantType: "refresh_token", Scopes: null, AuthorizationCode: "********", RefreshToken: "********", UserName: null, AuthenticationContextReferenceClasses: null, Tenant: null, IdP: null, Raw: [("refresh_token": "***REDACTED***"), ("client_id": "quickapp_spa"), ("grant_type": "refresh_token")] } (2c8ee86e)
2022-07-22T03:58:09.2073428+05:00 8000015a-0001-fb00-b63f-84710c7967bb [INF] AuthenticationScheme: "Bearer" was challenged. (d45f1f38)
2022-07-22T03:58:09.2399727+05:00 800000f2-0000-f800-b63f-84710c7967bb [INF] Invoking IdentityServer endpoint: "IdentityServer4.Endpoints.DiscoveryEndpoint" for "/.well-known/openid-configuration" (f7642de5)
2022-07-22T03:58:09.3352222+05:00 8000015c-0001-fb00-b63f-84710c7967bb [INF] Invoking IdentityServer endpoint: "IdentityServer4.Endpoints.DiscoveryKeyEndpoint" for "/.well-known/openid-configuration/jwks" (f7642de5)
2022-07-22T03:58:09.3927671+05:00 8000015e-0001-fb00-b63f-84710c7967bb [INF] Invoking IdentityServer endpoint: "IdentityServer4.Endpoints.TokenEndpoint" for "/connect/token" (f7642de5)
2022-07-22T03:58:09.3978689+05:00 8000015e-0001-fb00-b63f-84710c7967bb [WRN] Invalid refresh token (831190ec)
2022-07-22T03:58:09.4056559+05:00 8000015e-0001-fb00-b63f-84710c7967bb [WRN] Refresh token validation failed. aborting, TokenRequestValidationLog { ClientId: "quickapp_spa", ClientName: null, GrantType: "refresh_token", Scopes: null, AuthorizationCode: "********", RefreshToken: "********", UserName: null, AuthenticationContextReferenceClasses: null, Tenant: null, IdP: null, Raw: [("refresh_token": "***REDACTED***"), ("client_id": "quickapp_spa"), ("grant_type": "refresh_token")] } (2c8ee86e)
2022-07-22T03:58:09.4464205+05:00 800000f4-0000-f800-b63f-84710c7967bb [INF] AuthenticationScheme: "Bearer" was challenged. (d45f1f38)
2022-07-22T03:58:10.5051963+05:00 800000a2-0003-fb00-b63f-84710c7967bb [INF] Invoking IdentityServer endpoint: "IdentityServer4.Endpoints.DiscoveryEndpoint" for "/.well-known/openid-configuration" (f7642de5)
2022-07-22T03:58:10.6074240+05:00 80000079-0002-eb00-b63f-84710c7967bb [INF] Invoking IdentityServer endpoint: "IdentityServer4.Endpoints.DiscoveryKeyEndpoint" for "/.well-known/openid-configuration/jwks" (f7642de5)
2022-07-22T03:58:12.3326983+05:00 8000010e-0002-fc00-b63f-84710c7967bb [INF] AuthenticationScheme: "Bearer" was challenged. (d45f1f38)
2022-07-22T03:58:12.5925153+05:00 80000160-0001-fb00-b63f-84710c7967bb [INF] Invoking IdentityServer endpoint: "IdentityServer4.Endpoints.DiscoveryEndpoint" for "/.well-known/openid-configuration" (f7642de5)
2022-07-22T03:58:12.6098897+05:00 80000162-0001-fb00-b63f-84710c7967bb [INF] Invoking IdentityServer endpoint: "IdentityServer4.Endpoints.DiscoveryKeyEndpoint" for "/.well-known/openid-configuration/jwks" (f7642de5)
2022-07-22T03:58:12.6233740+05:00 8000019b-0003-ff00-b63f-84710c7967bb [INF] Invoking IdentityServer endpoint: "IdentityServer4.Endpoints.TokenEndpoint" for "/connect/token" (f7642de5)
2022-07-22T03:58:12.6271600+05:00 8000019b-0003-ff00-b63f-84710c7967bb [WRN] Invalid refresh token (831190ec)
2022-07-22T03:58:12.6314168+05:00 8000019b-0003-ff00-b63f-84710c7967bb [WRN] Refresh token validation failed. aborting, TokenRequestValidationLog { ClientId: "quickapp_spa", ClientName: null, GrantType: "refresh_token", Scopes: null, AuthorizationCode: "********", RefreshToken: "********", UserName: null, AuthenticationContextReferenceClasses: null, Tenant: null, IdP: null, Raw: [("refresh_token": "***REDACTED***"), ("client_id": "quickapp_spa"), ("grant_type": "refresh_token")] } (2c8ee86e)
2022-07-22T03:58:12.6593570+05:00 80000164-0001-fb00-b63f-84710c7967bb [INF] AuthenticationScheme: "Bearer" was challenged. (d45f1f38)
2022-07-22T03:58:15.6636960+05:00 80000166-0001-fb00-b63f-84710c7967bb [INF] Invoking IdentityServer endpoint: "IdentityServer4.Endpoints.DiscoveryEndpoint" for "/.well-known/openid-configuration" (f7642de5)
2022-07-22T03:58:15.7895759+05:00 80000168-0001-fb00-b63f-84710c7967bb [INF] Invoking IdentityServer endpoint: "IdentityServer4.Endpoints.DiscoveryKeyEndpoint" for "/.well-known/openid-configuration/jwks" (f7642de5)
2022-07-22T03:58:32.8163128+05:00  [INF] Starting IdentityServer4 version "4.1.2+997a6cdd643e46cd5762b710c4ddc43574cbec2e" (8add0571)
2022-07-22T03:58:32.8531097+05:00  [INF] You are using the in-memory version of the persisted grant store. This will store consent decisions, authorization codes, refresh and reference tokens in memory only. If you are using any of those features in production, you want to switch to a different store implementation. (553c312b)
2022-07-22T03:58:32.8731937+05:00  [INF] Using the default authentication scheme "Identity.Application" for IdentityServer (4a54f457)
2022-07-22T03:58:33.1950096+05:00  [INF] Application started. Press Ctrl+C to shut down. (dcaefe54)
2022-07-22T03:58:33.1970349+05:00  [INF] Hosting environment: "Development" (c3307c92)
2022-07-22T03:58:33.1995910+05:00  [INF] Content root path: "E:\QuickApp-master\QuickApp-master - Copy\QuickApp" (b5d60022)
2022-07-22T03:59:31.5336160+05:00 80000110-0002-fc00-b63f-84710c7967bb [INF] Invoking IdentityServer endpoint: "IdentityServer4.Endpoints.DiscoveryEndpoint" for "/.well-known/openid-configuration" (f7642de5)
2022-07-22T03:59:31.8482767+05:00 80000111-0002-fc00-b63f-84710c7967bb [INF] Invoking IdentityServer endpoint: "IdentityServer4.Endpoints.DiscoveryKeyEndpoint" for "/.well-known/openid-configuration/jwks" (f7642de5)
2022-07-22T03:59:31.9833353+05:00 80000081-0002-eb00-b63f-84710c7967bb [INF] AuthenticationScheme: "Bearer" was challenged. (d45f1f38)
2022-07-22T03:59:32.0008042+05:00 80000023-0000-f300-b63f-84710c7967bb [INF] Invoking IdentityServer endpoint: "IdentityServer4.Endpoints.DiscoveryEndpoint" for "/.well-known/openid-configuration" (f7642de5)
2022-07-22T03:59:32.0155619+05:00 80000025-0000-f300-b63f-84710c7967bb [INF] Invoking IdentityServer endpoint: "IdentityServer4.Endpoints.DiscoveryKeyEndpoint" for "/.well-known/openid-configuration/jwks" (f7642de5)
2022-07-22T03:59:32.0366644+05:00 80000163-0001-f400-b63f-84710c7967bb [INF] Invoking IdentityServer endpoint: "IdentityServer4.Endpoints.TokenEndpoint" for "/connect/token" (f7642de5)
2022-07-22T03:59:32.0982944+05:00 80000163-0001-f400-b63f-84710c7967bb [WRN] Invalid refresh token (831190ec)
2022-07-22T03:59:32.1202540+05:00 80000163-0001-f400-b63f-84710c7967bb [WRN] Refresh token validation failed. aborting, TokenRequestValidationLog { ClientId: "quickapp_spa", ClientName: null, GrantType: "refresh_token", Scopes: null, AuthorizationCode: "********", RefreshToken: "********", UserName: null, AuthenticationContextReferenceClasses: null, Tenant: null, IdP: null, Raw: [("refresh_token": "***REDACTED***"), ("client_id": "quickapp_spa"), ("grant_type": "refresh_token")] } (2c8ee86e)
2022-07-22T03:59:32.1569268+05:00 80000083-0002-eb00-b63f-84710c7967bb [INF] AuthenticationScheme: "Bearer" was challenged. (d45f1f38)
2022-07-22T03:59:32.1885476+05:00 80000065-0003-fa00-b63f-84710c7967bb [INF] Invoking IdentityServer endpoint: "IdentityServer4.Endpoints.DiscoveryEndpoint" for "/.well-known/openid-configuration" (f7642de5)
2022-07-22T03:59:44.6449910+05:00 80000085-0002-eb00-b63f-84710c7967bb [INF] Invoking IdentityServer endpoint: "IdentityServer4.Endpoints.DiscoveryKeyEndpoint" for "/.well-known/openid-configuration/jwks" (f7642de5)
2022-07-22T03:59:44.7797507+05:00 8000004f-0000-f500-b63f-84710c7967bb [INF] Invoking IdentityServer endpoint: "IdentityServer4.Endpoints.TokenEndpoint" for "/connect/token" (f7642de5)
2022-07-22T03:59:44.7988778+05:00 8000004f-0000-f500-b63f-84710c7967bb [WRN] Invalid refresh token (831190ec)
2022-07-22T03:59:44.8041060+05:00 8000004f-0000-f500-b63f-84710c7967bb [WRN] Refresh token validation failed. aborting, TokenRequestValidationLog { ClientId: "quickapp_spa", ClientName: null, GrantType: "refresh_token", Scopes: null, AuthorizationCode: "********", RefreshToken: "********", UserName: null, AuthenticationContextReferenceClasses: null, Tenant: null, IdP: null, Raw: [("refresh_token": "***REDACTED***"), ("client_id": "quickapp_spa"), ("grant_type": "refresh_token")] } (2c8ee86e)
2022-07-22T03:59:53.9454668+05:00 8000002d-0000-f300-b63f-84710c7967bb [INF] AuthenticationScheme: "Bearer" was challenged. (d45f1f38)
2022-07-22T03:59:54.0494279+05:00 80000028-0002-f300-b63f-84710c7967bb [INF] Invoking IdentityServer endpoint: "IdentityServer4.Endpoints.DiscoveryEndpoint" for "/.well-known/openid-configuration" (f7642de5)
2022-07-22T03:59:54.1544362+05:00 80000051-0000-f500-b63f-84710c7967bb [INF] Invoking IdentityServer endpoint: "IdentityServer4.Endpoints.DiscoveryKeyEndpoint" for "/.well-known/openid-configuration/jwks" (f7642de5)
2022-07-22T03:59:54.4315900+05:00 80000167-0001-f400-b63f-84710c7967bb [INF] Invoking IdentityServer endpoint: "IdentityServer4.Endpoints.TokenEndpoint" for "/connect/token" (f7642de5)
2022-07-22T03:59:54.4438353+05:00 80000167-0001-f400-b63f-84710c7967bb [WRN] Invalid refresh token (831190ec)
2022-07-22T03:59:54.4483530+05:00 80000167-0001-f400-b63f-84710c7967bb [WRN] Refresh token validation failed. aborting, TokenRequestValidationLog { ClientId: "quickapp_spa", ClientName: null, GrantType: "refresh_token", Scopes: null, AuthorizationCode: "********", RefreshToken: "********", UserName: null, AuthenticationContextReferenceClasses: null, Tenant: null, IdP: null, Raw: [("refresh_token": "***REDACTED***"), ("client_id": "quickapp_spa"), ("grant_type": "refresh_token")] } (2c8ee86e)
2022-07-22T03:59:54.5035304+05:00 80000169-0001-f400-b63f-84710c7967bb [INF] AuthenticationScheme: "Bearer" was challenged. (d45f1f38)
2022-07-22T03:59:54.5636805+05:00 8000006b-0003-fa00-b63f-84710c7967bb [INF] Invoking IdentityServer endpoint: "IdentityServer4.Endpoints.DiscoveryEndpoint" for "/.well-known/openid-configuration" (f7642de5)
2022-07-22T04:00:00.1174374+05:00 8000002c-0002-f300-b63f-84710c7967bb [INF] Invoking IdentityServer endpoint: "IdentityServer4.Endpoints.DiscoveryKeyEndpoint" for "/.well-known/openid-configuration/jwks" (f7642de5)
2022-07-22T04:00:00.1657617+05:00 8000016b-0001-f400-b63f-84710c7967bb [INF] Invoking IdentityServer endpoint: "IdentityServer4.Endpoints.TokenEndpoint" for "/connect/token" (f7642de5)
2022-07-22T04:00:00.1702877+05:00 8000016b-0001-f400-b63f-84710c7967bb [WRN] Invalid refresh token (831190ec)
2022-07-22T04:00:00.1759995+05:00 8000016b-0001-f400-b63f-84710c7967bb [WRN] Refresh token validation failed. aborting, TokenRequestValidationLog { ClientId: "quickapp_spa", ClientName: null, GrantType: "refresh_token", Scopes: null, AuthorizationCode: "********", RefreshToken: "********", UserName: null, AuthenticationContextReferenceClasses: null, Tenant: null, IdP: null, Raw: [("refresh_token": "***REDACTED***"), ("client_id": "quickapp_spa"), ("grant_type": "refresh_token")] } (2c8ee86e)
2022-07-22T04:00:26.9283074+05:00 800001e8-0001-f700-b63f-84710c7967bb [INF] AuthenticationScheme: "Bearer" was challenged. (d45f1f38)
2022-07-22T04:00:27.1263370+05:00 80000171-0001-f400-b63f-84710c7967bb [INF] Invoking IdentityServer endpoint: "IdentityServer4.Endpoints.DiscoveryEndpoint" for "/.well-known/openid-configuration" (f7642de5)
2022-07-22T04:00:27.1809209+05:00 80000057-0000-f500-b63f-84710c7967bb [INF] Invoking IdentityServer endpoint: "IdentityServer4.Endpoints.DiscoveryKeyEndpoint" for "/.well-known/openid-configuration/jwks" (f7642de5)
2022-07-22T04:00:27.4476560+05:00 80000147-0002-f800-b63f-84710c7967bb [INF] Invoking IdentityServer endpoint: "IdentityServer4.Endpoints.TokenEndpoint" for "/connect/token" (f7642de5)
2022-07-22T04:00:27.4821205+05:00 80000147-0002-f800-b63f-84710c7967bb [WRN] Invalid refresh token (831190ec)
2022-07-22T04:00:27.4986473+05:00 80000147-0002-f800-b63f-84710c7967bb [WRN] Refresh token validation failed. aborting, TokenRequestValidationLog { ClientId: "quickapp_spa", ClientName: null, GrantType: "refresh_token", Scopes: null, AuthorizationCode: "********", RefreshToken: "********", UserName: null, AuthenticationContextReferenceClasses: null, Tenant: null, IdP: null, Raw: [("refresh_token": "***REDACTED***"), ("client_id": "quickapp_spa"), ("grant_type": "refresh_token")] } (2c8ee86e)
2022-07-22T04:00:27.5648363+05:00 80000058-0001-f500-b63f-84710c7967bb [INF] AuthenticationScheme: "Bearer" was challenged. (d45f1f38)
2022-07-22T04:00:27.5873330+05:00 800000a8-0003-fb00-b63f-84710c7967bb [INF] Invoking IdentityServer endpoint: "IdentityServer4.Endpoints.DiscoveryEndpoint" for "/.well-known/openid-configuration" (f7642de5)
2022-07-22T04:01:10.4643181+05:00  [INF] Starting IdentityServer4 version "4.1.2+997a6cdd643e46cd5762b710c4ddc43574cbec2e" (8add0571)
2022-07-22T04:01:10.5063228+05:00  [INF] You are using the in-memory version of the persisted grant store. This will store consent decisions, authorization codes, refresh and reference tokens in memory only. If you are using any of those features in production, you want to switch to a different store implementation. (553c312b)
2022-07-22T04:01:10.5124202+05:00  [INF] Using the default authentication scheme "Identity.Application" for IdentityServer (4a54f457)
2022-07-22T04:01:10.8168966+05:00  [INF] Application started. Press Ctrl+C to shut down. (dcaefe54)
2022-07-22T04:01:10.8241531+05:00  [INF] Hosting environment: "Development" (c3307c92)
2022-07-22T04:01:10.8393586+05:00  [INF] Content root path: "E:\QuickApp-master\QuickApp-master - Copy\QuickApp" (b5d60022)
2022-07-22T04:02:49.9188656+05:00  [INF] Starting IdentityServer4 version "4.1.2+997a6cdd643e46cd5762b710c4ddc43574cbec2e" (8add0571)
2022-07-22T04:02:49.9411089+05:00  [INF] You are using the in-memory version of the persisted grant store. This will store consent decisions, authorization codes, refresh and reference tokens in memory only. If you are using any of those features in production, you want to switch to a different store implementation. (553c312b)
2022-07-22T04:02:49.9560298+05:00  [INF] Using the default authentication scheme "Identity.Application" for IdentityServer (4a54f457)
2022-07-22T04:02:50.3061845+05:00  [INF] Application started. Press Ctrl+C to shut down. (dcaefe54)
2022-07-22T04:02:50.3086899+05:00  [INF] Hosting environment: "Development" (c3307c92)
2022-07-22T04:02:50.3116743+05:00  [INF] Content root path: "E:\QuickApp-master\QuickApp-master - Copy\QuickApp" (b5d60022)
2022-07-22T04:03:58.1136999+05:00 8000008f-0002-eb00-b63f-84710c7967bb [INF] Invoking IdentityServer endpoint: "IdentityServer4.Endpoints.DiscoveryEndpoint" for "/.well-known/openid-configuration" (f7642de5)
2022-07-22T04:03:58.2778184+05:00 80000091-0002-eb00-b63f-84710c7967bb [INF] Invoking IdentityServer endpoint: "IdentityServer4.Endpoints.DiscoveryKeyEndpoint" for "/.well-known/openid-configuration/jwks" (f7642de5)
2022-07-22T04:03:58.3863447+05:00 80000234-0000-fe00-b63f-84710c7967bb [INF] Invoking IdentityServer endpoint: "IdentityServer4.Endpoints.TokenEndpoint" for "/connect/token" (f7642de5)
2022-07-22T04:03:58.8397788+05:00 80000234-0000-fe00-b63f-84710c7967bb [INF] Credentials validated for username: "admin" (cb811aa7)
2022-07-22T04:03:58.8932530+05:00 80000234-0000-fe00-b63f-84710c7967bb [INF] Token request validation success, TokenRequestValidationLog { ClientId: "quickapp_spa", ClientName: null, GrantType: "password", Scopes: "email offline_access openid phone profile quickapp_api roles", AuthorizationCode: "********", RefreshToken: "********", UserName: "admin", AuthenticationContextReferenceClasses: null, Tenant: null, IdP: null, Raw: [("username": "admin"), ("password": "***REDACTED***"), ("client_id": "quickapp_spa"), ("grant_type": "password"), ("scope": "openid email phone profile offline_access roles quickapp_api")] } (3a073258)
2022-07-22T04:04:01.7770412+05:00 8000007d-0003-fa00-b63f-84710c7967bb [INF] Invoking IdentityServer endpoint: "IdentityServer4.Endpoints.DiscoveryEndpoint" for "/.well-known/openid-configuration" (f7642de5)
2022-07-22T04:04:01.9177433+05:00 8000007e-0003-fa00-b63f-84710c7967bb [INF] Invoking IdentityServer endpoint: "IdentityServer4.Endpoints.DiscoveryKeyEndpoint" for "/.well-known/openid-configuration/jwks" (f7642de5)
2022-07-22T04:04:02.3588552+05:00 8000012b-0000-fb00-b63f-84710c7967bb [WRN] Compiling a query which loads related collections for more than one collection navigation either via 'Include' or through projection but no 'QuerySplittingBehavior' has been configured. By default Entity Framework will use 'QuerySplittingBehavior.SingleQuery' which can potentially result in slow query performance. See https://go.microsoft.com/fwlink/?linkid=2134277 for more information. To identify the query that's triggering this warning call 'ConfigureWarnings(w => w.Throw(RelationalEventId.MultipleCollectionIncludeWarning))' (74d62de4)
2022-07-22T04:15:19.2335486+05:00  [ERR] Error: src/app/components/login/login.component.ts:53:31 - error TS2304: Cannot find name 'DoresultsmainVM'.
 (27374429)
2022-07-22T04:15:19.2529801+05:00  [ERR] 53       console.log("DomainVM"+ DoresultsmainVM);
 (d55d419e)
2022-07-22T04:15:19.2587817+05:00  [ERR]                                  ~~~~~~~~~~~~~~~
 (316e8d89)
2022-07-22T04:21:36.4926735+05:00  [ERR] Error: src/app/components/login/login.component.html:34:31 - error NG5002: Opening tag "ng-select" not terminated.
 (637caaf9)
2022-07-22T04:21:36.5759227+05:00  [ERR] 34                               <ng-select id="login-domain" name="domain"  [items]="DomainVM" [(ngModel)]="userLogin.domain"
 (b3f209bb)
2022-07-22T04:21:36.5843935+05:00  [ERR]                                  ~~~~~~~~~~~~~~~~~~~~~~~~~~~~~~~~~~~~~~~~~~~~~~~~~~~~~~~~~~~~~~~~~~~~~~~~~~~~~~~~~~~~~~~~~~~~~
 (a075844c)
2022-07-22T04:21:36.5904374+05:00  [ERR] 35                               id="roles" bindLabel="name" [multiple]="false" bindValue="name" placeholder="[(ngModel)]="userLogin.domain"  " #domains="ngModel" class="form-control left-status pill-items">
 (a0095066)
2022-07-22T04:21:36.5999714+05:00  [ERR]    ~~~~~~~~~~~~~~~~~~~~~~~~~~~~~~~~~~~~~~~~~~~~~~~~~~~~~~~~~~~~~~~~~~~~~~~~~~~~~~~~~~~~~~~~~~~~~~~~~~~~~~~~~~~~~~~~~~~~~~~~~~~~~~~~~~~~~~~~
 (7b842f51)
2022-07-22T04:21:36.6048011+05:00  [ERR]   src/app/components/login/login.component.ts:13:16
 (265fa858)
2022-07-22T04:21:36.6107609+05:00  [ERR]     13   templateUrl: './login.component.html',
 (9097fac3)
2022-07-22T04:21:36.6141195+05:00  [ERR]                       ~~~~~~~~~~~~~~~~~~~~~~~~
 (b2fdad83)
2022-07-22T04:21:36.6194592+05:00  [ERR]     Error occurs in the template of component LoginComponent.
 (7ca383e2)
2022-07-22T04:21:36.6224599+05:00  [ERR] Error: src/app/components/login/login.component.html:38:31 - error NG5002: Unexpected closing tag "ng-select". It may happen when the tag has already been closed by another tag. For more info see https://www.w3.org/TR/html5/syntax.html#closing-elements-that-have-implied-end-tags
 (0b3f7d6d)
2022-07-22T04:21:36.6253165+05:00  [ERR] 38                               </ng-select>
 (ce21ec98)
2022-07-22T04:21:36.6285216+05:00  [ERR]                                  ~~~~~~~~~~~~
 (91eecd64)
2022-07-22T04:21:36.6315961+05:00  [ERR]   src/app/components/login/login.component.ts:13:16
 (265fa858)
2022-07-22T04:21:36.6349644+05:00  [ERR]     13   templateUrl: './login.component.html',
 (9097fac3)
2022-07-22T04:21:36.6385200+05:00  [ERR]                       ~~~~~~~~~~~~~~~~~~~~~~~~
 (b2fdad83)
2022-07-22T04:21:36.6441644+05:00  [ERR]     Error occurs in the template of component LoginComponent.
 (7ca383e2)
2022-07-22T04:30:33.1867155+05:00  [ERR] Error: src/app/components/login/login.component.html:35:31 - error NG5002: Opening tag "ng-select" not terminated.
 (a925fb49)
2022-07-22T04:30:33.2605383+05:00  [ERR] 35                               <ng-select id="login-domain" name="domain"  [items]="DomainVM" [(ngModel)]="userLogin.domain"
 (adedfaa3)
2022-07-22T04:30:33.2662983+05:00  [ERR]                                  ~~~~~~~~~~~~~~~~~~~~~~~~~~~~~~~~~~~~~~~~~~~~~~~~~~~~~~~~~~~~~~~~~~~~~~~~~~~~~~~~~~~~~~~~~~~~~
 (a075844c)
2022-07-22T04:30:33.2735436+05:00  [ERR] 36                               id="roles" bindLabel="name" [multiple]="false" bindValue="name" placeholder="select" [(ngModel)]="userLogin.domain"
 (f6d95b9a)
2022-07-22T04:30:33.2791473+05:00  [ERR]    ~~~~~~~~~~~~~~~~~~~~~~~~~~~~~~~~~~~~~~~~~~~~~~~~~~~~~~~~~~~~~~~~~~~~~~~~~~~~~~~~~~~~~~~~~~~~~~~~~~~~~~~~~~~~~~~~~~~~~~~~~~~~~~~~~~~~~~~~~~~~~~~~~
 (bcc51e1d)
2022-07-22T04:30:33.2822800+05:00  [ERR] 37                               #domains="ngModel" class="form-control left-status pill-items" required">
 (cb2788c8)
2022-07-22T04:30:33.2856206+05:00  [ERR]    ~~~~~~~~~~~~~~~~~~~~~~~~~~~~~~~~~~~~~~~~~~~~~~~~~~~~~~~~~~~~~~~~~~~~~~~~~~~~~~~~~~~~~~~~~~~~~~~~~~~~~
 (575cbf55)
2022-07-22T04:30:33.2892562+05:00  [ERR]   src/app/components/login/login.component.ts:13:16
 (265fa858)
2022-07-22T04:30:33.2947185+05:00  [ERR]     13   templateUrl: './login.component.html',
 (9097fac3)
2022-07-22T04:30:33.3196854+05:00  [ERR]                       ~~~~~~~~~~~~~~~~~~~~~~~~
 (b2fdad83)
2022-07-22T04:30:33.3263033+05:00  [ERR]     Error occurs in the template of component LoginComponent.
 (7ca383e2)
2022-07-22T04:30:33.3296719+05:00  [ERR] Error: src/app/components/login/login.component.html:40:31 - error NG5002: Unexpected closing tag "ng-select". It may happen when the tag has already been closed by another tag. For more info see https://www.w3.org/TR/html5/syntax.html#closing-elements-that-have-implied-end-tags
 (79dae230)
2022-07-22T04:30:33.3326791+05:00  [ERR] 40                               </ng-select>
 (e99067f7)
2022-07-22T04:30:33.3358929+05:00  [ERR]                                  ~~~~~~~~~~~~
 (91eecd64)
2022-07-22T04:30:33.3418469+05:00  [ERR]   src/app/components/login/login.component.ts:13:16
 (265fa858)
2022-07-22T04:30:33.3453874+05:00  [ERR]     13   templateUrl: './login.component.html',
 (9097fac3)
2022-07-22T04:30:33.3523981+05:00  [ERR]                       ~~~~~~~~~~~~~~~~~~~~~~~~
 (b2fdad83)
2022-07-22T04:30:33.3743555+05:00  [ERR]     Error occurs in the template of component LoginComponent.
 (7ca383e2)
2022-07-22T04:32:16.8132465+05:00 8000009e-0003-fa00-b63f-84710c7967bb [INF] Invoking IdentityServer endpoint: "IdentityServer4.Endpoints.DiscoveryEndpoint" for "/.well-known/openid-configuration" (f7642de5)
2022-07-22T04:32:21.4831193+05:00 80000079-0003-f900-b63f-84710c7967bb [INF] Invoking IdentityServer endpoint: "IdentityServer4.Endpoints.DiscoveryKeyEndpoint" for "/.well-known/openid-configuration/jwks" (f7642de5)
2022-07-22T04:32:21.5021171+05:00 80000024-0002-ec00-b63f-84710c7967bb [INF] Invoking IdentityServer endpoint: "IdentityServer4.Endpoints.TokenEndpoint" for "/connect/token" (f7642de5)
2022-07-22T04:32:21.5615026+05:00 80000024-0002-ec00-b63f-84710c7967bb [INF] Credentials validated for username: "admin" (cb811aa7)
2022-07-22T04:32:21.5690498+05:00 80000024-0002-ec00-b63f-84710c7967bb [INF] Token request validation success, TokenRequestValidationLog { ClientId: "quickapp_spa", ClientName: null, GrantType: "password", Scopes: "email offline_access openid phone profile quickapp_api roles", AuthorizationCode: "********", RefreshToken: "********", UserName: "admin", AuthenticationContextReferenceClasses: null, Tenant: null, IdP: null, Raw: [("username": "admin"), ("password": "***REDACTED***"), ("client_id": "quickapp_spa"), ("grant_type": "password"), ("scope": "openid email phone profile offline_access roles quickapp_api")] } (3a073258)
2022-07-22T04:37:21.6557667+05:00  [ERR] Error: src/app/components/login/login.component.ts:84:22 - error TS2554: Expected 4 arguments, but got 3.
 (f928520f)
2022-07-22T04:37:21.6601384+05:00  [ERR] 84     this.authService.loginWithPassword(this.userLogin.userName, this.userLogin.password, this.userLogin.rememberMe)
 (550ba1cf)
2022-07-22T04:37:21.6648794+05:00  [ERR]                         ~~~~~~~~~~~~~~~~~~~~~~~~~~~~~~~~~~~~~~~~~~~~~~~~~~~~~~~~~~~~~~~~~~~~~~~~~~~~~~~~~~~~~~~~~~~~~~
 (0be5639b)
2022-07-22T04:37:21.6743189+05:00  [ERR]   src/app/services/auth.service.ts:103:78
 (e011dd2e)
2022-07-22T04:37:21.6782310+05:00  [ERR]     103   loginWithPassword(userName: string, password: string, rememberMe?: boolean,selectedDomain: string) {
 (3f2f38e0)
2022-07-22T04:37:21.6854431+05:00  [ERR]                                                                                      ~~~~~~~~~~~~~~~~~~~~~~
 (8599f9c1)
2022-07-22T04:37:21.6913573+05:00  [ERR]     An argument for 'selectedDomain' was not provided.
 (982a514b)
2022-07-22T04:37:21.7027528+05:00  [ERR] Error: src/app/services/auth.service.ts:103:78 - error TS1016: A required parameter cannot follow an optional parameter.
 (bfe7e3ba)
2022-07-22T04:37:21.7132557+05:00  [ERR] 103   loginWithPassword(userName: string, password: string, rememberMe?: boolean,selectedDomain: string) {
 (3c9de2e4)
2022-07-22T04:37:21.7590170+05:00  [ERR]                                                                                  ~~~~~~~~~~~~~~
 (830ffd7a)
2022-07-22T04:37:21.7638267+05:00  [ERR] Error: src/app/services/auth.service.ts:108:72 - error TS2554: Expected 2 arguments, but got 3.
 (aed3c8d5)
2022-07-22T04:37:21.7677535+05:00  [ERR] 108     return this.oidcHelperService.loginWithPassword(userName, password,selectedDomain)
 (de94e439)
2022-07-22T04:37:21.7721785+05:00  [ERR]                                                                            ~~~~~~~~~~~~~~
 (6f3ead85)
2022-07-22T04:38:42.3119626+05:00  [ERR] Error: src/app/components/login/login.component.ts:84:22 - error TS2554: Expected 4 arguments, but got 3.
 (f928520f)
2022-07-22T04:38:42.3175704+05:00  [ERR] 84     this.authService.loginWithPassword(this.userLogin.userName, this.userLogin.password, this.userLogin.rememberMe)
 (550ba1cf)
2022-07-22T04:38:42.3209716+05:00  [ERR]                         ~~~~~~~~~~~~~~~~~~~~~~~~~~~~~~~~~~~~~~~~~~~~~~~~~~~~~~~~~~~~~~~~~~~~~~~~~~~~~~~~~~~~~~~~~~~~~~
 (0be5639b)
2022-07-22T04:38:42.3239983+05:00  [ERR]   src/app/services/auth.service.ts:103:78
 (e011dd2e)
2022-07-22T04:38:42.3276846+05:00  [ERR]     103   loginWithPassword(userName: string, password: string, rememberMe?: boolean,selectedDomain: string) {
 (3f2f38e0)
2022-07-22T04:38:42.3309386+05:00  [ERR]                                                                                      ~~~~~~~~~~~~~~~~~~~~~~
 (8599f9c1)
2022-07-22T04:38:42.3348775+05:00  [ERR]     An argument for 'selectedDomain' was not provided.
 (982a514b)
2022-07-22T04:38:42.3389305+05:00  [ERR] Error: src/app/services/auth.service.ts:103:78 - error TS1016: A required parameter cannot follow an optional parameter.
 (bfe7e3ba)
2022-07-22T04:38:42.3447002+05:00  [ERR] 103   loginWithPassword(userName: string, password: string, rememberMe?: boolean,selectedDomain: string) {
 (3c9de2e4)
2022-07-22T04:38:42.3508825+05:00  [ERR]                                                                                  ~~~~~~~~~~~~~~
 (830ffd7a)
2022-07-22T04:38:50.1949091+05:00  [ERR] Error: src/app/components/login/login.component.ts:84:131 - error TS2339: Property 'domain' does not exist on type 'UserLogin'.
 (e7a0bda3)
2022-07-22T04:38:50.2008564+05:00  [ERR] 84     this.authService.loginWithPassword(this.userLogin.userName, this.userLogin.password, this.userLogin.rememberMe,this.userLogin.domain)
 (bfc7f2e1)
2022-07-22T04:38:50.2049802+05:00  [ERR]                                                                                                                                      ~~~~~~
 (a4feb5b8)
2022-07-22T04:39:22.7861769+05:00  [ERR] Error: src/app/components/login/login.component.ts:84:131 - error TS2339: Property 'domain' does not exist on type 'UserLogin'.
 (e7a0bda3)
2022-07-22T04:39:22.7987249+05:00  [ERR] 84     this.authService.loginWithPassword(this.userLogin.userName, this.userLogin.password, this.userLogin.rememberMe,this.userLogin.domain)
 (bfc7f2e1)
2022-07-22T04:39:22.8017917+05:00  [ERR]                                                                                                                                      ~~~~~~
 (a4feb5b8)
2022-07-22T04:39:25.0707374+05:00  [ERR] Error: src/app/components/login/login.component.ts:84:131 - error TS2339: Property 'domain' does not exist on type 'UserLogin'.
 (e7a0bda3)
2022-07-22T04:39:25.0745378+05:00  [ERR] 84     this.authService.loginWithPassword(this.userLogin.userName, this.userLogin.password, this.userLogin.rememberMe,this.userLogin.domain)
 (bfc7f2e1)
2022-07-22T04:39:25.0788314+05:00  [ERR]                                                                                                                                      ~~~~~~
 (a4feb5b8)
2022-07-22T04:43:59.6749357+05:00 800000ae-0003-fa00-b63f-84710c7967bb [INF] Invoking IdentityServer endpoint: "IdentityServer4.Endpoints.DiscoveryEndpoint" for "/.well-known/openid-configuration" (f7642de5)
2022-07-22T04:44:01.0877382+05:00 800000b0-0003-fa00-b63f-84710c7967bb [INF] Invoking IdentityServer endpoint: "IdentityServer4.Endpoints.DiscoveryKeyEndpoint" for "/.well-known/openid-configuration/jwks" (f7642de5)
2022-07-22T04:44:01.1355415+05:00 800000b2-0003-fa00-b63f-84710c7967bb [INF] Invoking IdentityServer endpoint: "IdentityServer4.Endpoints.TokenEndpoint" for "/connect/token" (f7642de5)
2022-07-22T04:44:01.2009296+05:00 800000b2-0003-fa00-b63f-84710c7967bb [INF] Credentials validated for username: "admin" (cb811aa7)
2022-07-22T04:44:01.2048104+05:00 800000b2-0003-fa00-b63f-84710c7967bb [INF] Token request validation success, TokenRequestValidationLog { ClientId: "quickapp_spa", ClientName: null, GrantType: "password", Scopes: "email offline_access openid phone profile quickapp_api roles", AuthorizationCode: "********", RefreshToken: "********", UserName: "admin", AuthenticationContextReferenceClasses: null, Tenant: null, IdP: null, Raw: [("username": "admin"), ("password": "***REDACTED***"), ("domain": "undefined"), ("client_id": "quickapp_spa"), ("grant_type": "password"), ("scope": "openid email phone profile offline_access roles quickapp_api")] } (3a073258)
2022-07-22T14:51:19.1293125+05:00 80000034-0002-ec00-b63f-84710c7967bb [INF] Invoking IdentityServer endpoint: "IdentityServer4.Endpoints.DiscoveryEndpoint" for "/.well-known/openid-configuration" (f7642de5)
2022-07-22T14:51:23.5546881+05:00 800000dd-0003-fb00-b63f-84710c7967bb [INF] Invoking IdentityServer endpoint: "IdentityServer4.Endpoints.DiscoveryKeyEndpoint" for "/.well-known/openid-configuration/jwks" (f7642de5)
2022-07-22T14:51:23.7169381+05:00 80000185-0001-f400-b63f-84710c7967bb [INF] Invoking IdentityServer endpoint: "IdentityServer4.Endpoints.TokenEndpoint" for "/connect/token" (f7642de5)
2022-07-22T14:51:24.1326285+05:00 80000185-0001-f400-b63f-84710c7967bb [INF] Credentials validated for username: "admin" (cb811aa7)
2022-07-22T14:51:24.1421740+05:00 80000185-0001-f400-b63f-84710c7967bb [INF] Token request validation success, TokenRequestValidationLog { ClientId: "quickapp_spa", ClientName: null, GrantType: "password", Scopes: "email offline_access openid phone profile quickapp_api roles", AuthorizationCode: "********", RefreshToken: "********", UserName: "admin", AuthenticationContextReferenceClasses: null, Tenant: null, IdP: null, Raw: [("username": "admin"), ("password": "***REDACTED***"), ("domain": "Sharepoint-Dev"), ("client_id": "quickapp_spa"), ("grant_type": "password"), ("scope": "openid email phone profile offline_access roles quickapp_api")] } (3a073258)
2022-07-22T14:59:01.0802569+05:00 800000a2-0002-eb00-b63f-84710c7967bb [INF] Invoking IdentityServer endpoint: "IdentityServer4.Endpoints.DiscoveryEndpoint" for "/.well-known/openid-configuration" (f7642de5)
2022-07-22T14:59:04.2659485+05:00 8000001e-0000-f100-b63f-84710c7967bb [INF] Invoking IdentityServer endpoint: "IdentityServer4.Endpoints.DiscoveryKeyEndpoint" for "/.well-known/openid-configuration/jwks" (f7642de5)
2022-07-22T14:59:04.3369951+05:00 800000c3-0003-fa00-b63f-84710c7967bb [INF] Invoking IdentityServer endpoint: "IdentityServer4.Endpoints.TokenEndpoint" for "/connect/token" (f7642de5)
2022-07-22T14:59:05.1417348+05:00 800000c3-0003-fa00-b63f-84710c7967bb [INF] Credentials validated for username: "admin" (cb811aa7)
2022-07-22T14:59:05.1518167+05:00 800000c3-0003-fa00-b63f-84710c7967bb [INF] Token request validation success, TokenRequestValidationLog { ClientId: "quickapp_spa", ClientName: null, GrantType: "password", Scopes: "email offline_access openid phone profile quickapp_api roles", AuthorizationCode: "********", RefreshToken: "********", UserName: "admin", AuthenticationContextReferenceClasses: null, Tenant: null, IdP: null, Raw: [("username": "admin"), ("password": "***REDACTED***"), ("domain": "ZONE3-SCBNET"), ("client_id": "quickapp_spa"), ("grant_type": "password"), ("scope": "openid email phone profile offline_access roles quickapp_api")] } (3a073258)
2022-07-22T15:00:56.3717863+05:00 80000044-0002-ec00-b63f-84710c7967bb [INF] Invoking IdentityServer endpoint: "IdentityServer4.Endpoints.DiscoveryEndpoint" for "/.well-known/openid-configuration" (f7642de5)
2022-07-22T15:00:57.9811149+05:00 800000c9-0003-fa00-b63f-84710c7967bb [INF] Invoking IdentityServer endpoint: "IdentityServer4.Endpoints.DiscoveryKeyEndpoint" for "/.well-known/openid-configuration/jwks" (f7642de5)
2022-07-22T15:00:58.0539441+05:00 80000022-0000-f100-b63f-84710c7967bb [INF] Invoking IdentityServer endpoint: "IdentityServer4.Endpoints.TokenEndpoint" for "/connect/token" (f7642de5)
2022-07-22T15:00:58.1333716+05:00 80000022-0000-f100-b63f-84710c7967bb [INF] Credentials validated for username: "admin" (cb811aa7)
2022-07-22T15:00:58.1409328+05:00 80000022-0000-f100-b63f-84710c7967bb [INF] Token request validation success, TokenRequestValidationLog { ClientId: "quickapp_spa", ClientName: null, GrantType: "password", Scopes: "email offline_access openid phone profile quickapp_api roles", AuthorizationCode: "********", RefreshToken: "********", UserName: "admin", AuthenticationContextReferenceClasses: null, Tenant: null, IdP: null, Raw: [("username": "admin"), ("password": "***REDACTED***"), ("domain": "Sharepoint-Dev"), ("client_id": "quickapp_spa"), ("grant_type": "password"), ("scope": "openid email phone profile offline_access roles quickapp_api")] } (3a073258)
2022-07-22T15:06:48.3337013+05:00 800000bc-0002-f100-b63f-84710c7967bb [INF] Invoking IdentityServer endpoint: "IdentityServer4.Endpoints.DiscoveryEndpoint" for "/.well-known/openid-configuration" (f7642de5)
2022-07-22T15:06:49.9665281+05:00 80000163-0000-fb00-b63f-84710c7967bb [INF] Invoking IdentityServer endpoint: "IdentityServer4.Endpoints.DiscoveryKeyEndpoint" for "/.well-known/openid-configuration/jwks" (f7642de5)
2022-07-22T15:06:50.1196407+05:00 80000165-0000-fb00-b63f-84710c7967bb [INF] Invoking IdentityServer endpoint: "IdentityServer4.Endpoints.TokenEndpoint" for "/connect/token" (f7642de5)
2022-07-22T15:06:50.2377025+05:00 80000165-0000-fb00-b63f-84710c7967bb [INF] Credentials validated for username: "admin" (cb811aa7)
2022-07-22T15:06:50.2442564+05:00 80000165-0000-fb00-b63f-84710c7967bb [INF] Token request validation success, TokenRequestValidationLog { ClientId: "quickapp_spa", ClientName: null, GrantType: "password", Scopes: "email offline_access openid phone profile quickapp_api roles", AuthorizationCode: "********", RefreshToken: "********", UserName: "admin", AuthenticationContextReferenceClasses: null, Tenant: null, IdP: null, Raw: [("username": "admin"), ("password": "***REDACTED***"), ("domain": "undefined"), ("client_id": "quickapp_spa"), ("grant_type": "password"), ("scope": "openid email phone profile offline_access roles quickapp_api")] } (3a073258)
2022-07-22T15:18:56.7917132+05:00 80000226-0001-f700-b63f-84710c7967bb [WRN] CorsPolicyService did not allow origin: "http://localhost:4200" (f5320bfb)
2022-07-22T15:18:56.7992137+05:00 80000226-0001-f700-b63f-84710c7967bb [INF] Invoking IdentityServer endpoint: "IdentityServer4.Endpoints.DiscoveryEndpoint" for "/.well-known/openid-configuration" (f7642de5)
2022-07-22T15:18:58.3004389+05:00 80000228-0001-f700-b63f-84710c7967bb [WRN] CorsPolicyService did not allow origin: "http://localhost:4200" (f5320bfb)
2022-07-22T15:18:58.3616808+05:00 80000228-0001-f700-b63f-84710c7967bb [INF] Invoking IdentityServer endpoint: "IdentityServer4.Endpoints.DiscoveryKeyEndpoint" for "/.well-known/openid-configuration/jwks" (f7642de5)
2022-07-22T15:38:53.7214821+05:00 8000018d-0001-f400-b63f-84710c7967bb [WRN] CorsPolicyService did not allow origin: "http://localhost:4200" (f5320bfb)
2022-07-22T15:38:53.7263802+05:00 8000018d-0001-f400-b63f-84710c7967bb [INF] Invoking IdentityServer endpoint: "IdentityServer4.Endpoints.DiscoveryEndpoint" for "/.well-known/openid-configuration" (f7642de5)
2022-07-22T15:39:33.9934583+05:00  [INF] Starting IdentityServer4 version "4.1.2+997a6cdd643e46cd5762b710c4ddc43574cbec2e" (8add0571)
2022-07-22T15:39:34.0628568+05:00  [INF] You are using the in-memory version of the persisted grant store. This will store consent decisions, authorization codes, refresh and reference tokens in memory only. If you are using any of those features in production, you want to switch to a different store implementation. (553c312b)
2022-07-22T15:39:34.0760897+05:00  [INF] Using the default authentication scheme "Identity.Application" for IdentityServer (4a54f457)
2022-07-22T15:39:35.0501761+05:00  [INF] Application started. Press Ctrl+C to shut down. (dcaefe54)
2022-07-22T15:39:35.0695458+05:00  [INF] Hosting environment: "Development" (c3307c92)
2022-07-22T15:39:35.0932416+05:00  [INF] Content root path: "E:\QuickApp-master\QuickApp-master - Copy\QuickApp" (b5d60022)
2022-07-22T15:40:23.1967579+05:00 80000189-0001-fd00-b63f-84710c7967bb [WRN] CorsPolicyService did not allow origin: "http://localhost:4200" (f5320bfb)
2022-07-22T15:40:23.2342897+05:00 80000189-0001-fd00-b63f-84710c7967bb [INF] Invoking IdentityServer endpoint: "IdentityServer4.Endpoints.DiscoveryKeyEndpoint" for "/.well-known/openid-configuration/jwks" (f7642de5)
2022-07-22T15:40:43.5466623+05:00 8000013b-0000-f700-b63f-84710c7967bb [WRN] CorsPolicyService did not allow origin: "http://localhost:4200" (f5320bfb)
2022-07-22T15:40:43.5832330+05:00 8000013b-0000-f700-b63f-84710c7967bb [INF] Invoking IdentityServer endpoint: "IdentityServer4.Endpoints.DiscoveryEndpoint" for "/.well-known/openid-configuration" (f7642de5)
2022-07-22T15:40:58.6294017+05:00 800000ab-0002-eb00-b63f-84710c7967bb [WRN] CorsPolicyService did not allow origin: "http://localhost:4200" (f5320bfb)
2022-07-22T15:40:58.6501289+05:00 800000ab-0002-eb00-b63f-84710c7967bb [INF] Invoking IdentityServer endpoint: "IdentityServer4.Endpoints.DiscoveryKeyEndpoint" for "/.well-known/openid-configuration/jwks" (f7642de5)
2022-07-22T15:40:58.6996734+05:00 800000ad-0002-eb00-b63f-84710c7967bb [WRN] CorsPolicyService did not allow origin: "http://localhost:4200" (f5320bfb)
2022-07-22T15:40:58.7169127+05:00 800000ad-0002-eb00-b63f-84710c7967bb [INF] Invoking IdentityServer endpoint: "IdentityServer4.Endpoints.TokenEndpoint" for "/connect/token" (f7642de5)
2022-07-22T15:41:05.4962412+05:00 800000ad-0002-eb00-b63f-84710c7967bb [INF] Credentials validated for username: "admin" (cb811aa7)
2022-07-22T15:41:05.7420392+05:00 800000ad-0002-eb00-b63f-84710c7967bb [INF] Token request validation success, TokenRequestValidationLog { ClientId: "quickapp_spa", ClientName: null, GrantType: "password", Scopes: "email offline_access openid phone profile quickapp_api roles", AuthorizationCode: "********", RefreshToken: "********", UserName: "admin", AuthenticationContextReferenceClasses: null, Tenant: null, IdP: null, Raw: [("username": "admin"), ("password": "***REDACTED***"), ("client_id": "quickapp_spa"), ("grant_type": "password"), ("scope": "openid email phone profile offline_access roles quickapp_api")] } (3a073258)
2022-07-22T15:45:02.1213468+05:00  [INF] Starting IdentityServer4 version "4.1.2+997a6cdd643e46cd5762b710c4ddc43574cbec2e" (8add0571)
2022-07-22T15:45:02.1961592+05:00  [INF] You are using the in-memory version of the persisted grant store. This will store consent decisions, authorization codes, refresh and reference tokens in memory only. If you are using any of those features in production, you want to switch to a different store implementation. (553c312b)
2022-07-22T15:45:02.2122087+05:00  [INF] Using the default authentication scheme "Identity.Application" for IdentityServer (4a54f457)
2022-07-22T15:45:04.4197022+05:00  [INF] Application started. Press Ctrl+C to shut down. (dcaefe54)
2022-07-22T15:45:04.4705065+05:00  [INF] Hosting environment: "Development" (c3307c92)
2022-07-22T15:45:04.4867394+05:00  [INF] Content root path: "E:\QuickApp-master\QuickApp-master - Copy\QuickApp" (b5d60022)
2022-07-22T15:46:14.1353323+05:00 8000016b-0000-fb00-b63f-84710c7967bb [INF] Invoking IdentityServer endpoint: "IdentityServer4.Endpoints.DiscoveryEndpoint" for "/.well-known/openid-configuration" (f7642de5)
2022-07-22T15:46:14.4064781+05:00 8000016c-0000-fb00-b63f-84710c7967bb [INF] Invoking IdentityServer endpoint: "IdentityServer4.Endpoints.DiscoveryKeyEndpoint" for "/.well-known/openid-configuration/jwks" (f7642de5)
2022-07-22T15:47:49.4506015+05:00 80000084-0001-f500-b63f-84710c7967bb [WRN] Compiling a query which loads related collections for more than one collection navigation either via 'Include' or through projection but no 'QuerySplittingBehavior' has been configured. By default Entity Framework will use 'QuerySplittingBehavior.SingleQuery' which can potentially result in slow query performance. See https://go.microsoft.com/fwlink/?linkid=2134277 for more information. To identify the query that's triggering this warning call 'ConfigureWarnings(w => w.Throw(RelationalEventId.MultipleCollectionIncludeWarning))' (74d62de4)
2022-07-22T15:47:58.6481632+05:00 800001b9-0003-f500-b63f-84710c7967bb [INF] Invoking IdentityServer endpoint: "IdentityServer4.Endpoints.DiscoveryEndpoint" for "/.well-known/openid-configuration" (f7642de5)
2022-07-22T15:48:00.0070602+05:00 8000010d-0000-f800-b63f-84710c7967bb [INF] Invoking IdentityServer endpoint: "IdentityServer4.Endpoints.DiscoveryKeyEndpoint" for "/.well-known/openid-configuration/jwks" (f7642de5)
2022-07-22T15:48:00.1824799+05:00 80000086-0001-f500-b63f-84710c7967bb [INF] Invoking IdentityServer endpoint: "IdentityServer4.Endpoints.TokenEndpoint" for "/connect/token" (f7642de5)
2022-07-22T15:48:00.3121946+05:00 80000086-0001-f500-b63f-84710c7967bb [INF] Credentials validated for username: "admin" (cb811aa7)
2022-07-22T15:48:00.3726842+05:00 80000086-0001-f500-b63f-84710c7967bb [INF] Token request validation success, TokenRequestValidationLog { ClientId: "quickapp_spa", ClientName: null, GrantType: "password", Scopes: "email offline_access openid phone profile quickapp_api roles", AuthorizationCode: "********", RefreshToken: "********", UserName: "admin", AuthenticationContextReferenceClasses: null, Tenant: null, IdP: null, Raw: [("username": "admin"), ("password": "***REDACTED***"), ("client_id": "quickapp_spa"), ("grant_type": "password"), ("scope": "openid email phone profile offline_access roles quickapp_api")] } (3a073258)
2022-07-22T15:49:16.5266450+05:00 80000170-0000-fb00-b63f-84710c7967bb [INF] Invoking IdentityServer endpoint: "IdentityServer4.Endpoints.DiscoveryEndpoint" for "/.well-known/openid-configuration" (f7642de5)
2022-07-22T15:50:15.8164842+05:00 800001bd-0003-f500-b63f-84710c7967bb [INF] Invoking IdentityServer endpoint: "IdentityServer4.Endpoints.DiscoveryKeyEndpoint" for "/.well-known/openid-configuration/jwks" (f7642de5)
2022-07-22T15:50:16.0036862+05:00 80000090-0001-f500-b63f-84710c7967bb [INF] Invoking IdentityServer endpoint: "IdentityServer4.Endpoints.TokenEndpoint" for "/connect/token" (f7642de5)
2022-07-22T15:50:16.4316024+05:00 80000090-0001-f500-b63f-84710c7967bb [INF] Credentials validated for username: "admin" (cb811aa7)
2022-07-22T15:50:16.4716272+05:00 80000090-0001-f500-b63f-84710c7967bb [INF] Token request validation success, TokenRequestValidationLog { ClientId: "quickapp_spa", ClientName: null, GrantType: "password", Scopes: "email offline_access openid phone profile quickapp_api roles", AuthorizationCode: "********", RefreshToken: "********", UserName: "admin", AuthenticationContextReferenceClasses: null, Tenant: null, IdP: null, Raw: [("username": "admin"), ("password": "***REDACTED***"), ("client_id": "quickapp_spa"), ("grant_type": "password"), ("scope": "openid email phone profile offline_access roles quickapp_api")] } (3a073258)
2022-07-22T15:50:36.7184243+05:00 80000073-0000-f400-b63f-84710c7967bb [INF] Invoking IdentityServer endpoint: "IdentityServer4.Endpoints.DiscoveryEndpoint" for "/.well-known/openid-configuration" (f7642de5)
2022-07-22T15:50:36.7389420+05:00 80000047-0001-f100-b63f-84710c7967bb [INF] Invoking IdentityServer endpoint: "IdentityServer4.Endpoints.DiscoveryKeyEndpoint" for "/.well-known/openid-configuration/jwks" (f7642de5)
2022-07-22T15:50:36.7779036+05:00 80000058-0002-f300-b63f-84710c7967bb [INF] Invoking IdentityServer endpoint: "IdentityServer4.Endpoints.TokenEndpoint" for "/connect/token" (f7642de5)
2022-07-22T15:50:36.7997621+05:00 80000058-0002-f300-b63f-84710c7967bb [INF] Credentials validated for username: "admin" (cb811aa7)
2022-07-22T15:50:36.8034317+05:00 80000058-0002-f300-b63f-84710c7967bb [INF] Token request validation success, TokenRequestValidationLog { ClientId: "quickapp_spa", ClientName: null, GrantType: "password", Scopes: "email offline_access openid phone profile quickapp_api roles", AuthorizationCode: "********", RefreshToken: "********", UserName: "admin", AuthenticationContextReferenceClasses: null, Tenant: null, IdP: null, Raw: [("username": "admin"), ("password": "***REDACTED***"), ("client_id": "quickapp_spa"), ("grant_type": "password"), ("scope": "openid email phone profile offline_access roles quickapp_api")] } (3a073258)
2022-07-22T16:53:48.2825516+05:00 80000020-0002-e800-b63f-84710c7967bb [WRN] CorsPolicyService did not allow origin: "http://localhost:4200" (f5320bfb)
2022-07-22T16:53:48.2925602+05:00 80000020-0002-e800-b63f-84710c7967bb [INF] Invoking IdentityServer endpoint: "IdentityServer4.Endpoints.DiscoveryEndpoint" for "/.well-known/openid-configuration" (f7642de5)
2022-07-22T16:53:48.3206976+05:00 800000e5-0001-fe00-b63f-84710c7967bb [WRN] CorsPolicyService did not allow origin: "http://localhost:4200" (f5320bfb)
2022-07-22T16:53:48.3306191+05:00 800000e5-0001-fe00-b63f-84710c7967bb [INF] Invoking IdentityServer endpoint: "IdentityServer4.Endpoints.DiscoveryKeyEndpoint" for "/.well-known/openid-configuration/jwks" (f7642de5)
2022-07-22T16:53:48.3589413+05:00 80000022-0002-e800-b63f-84710c7967bb [WRN] CorsPolicyService did not allow origin: "http://localhost:4200" (f5320bfb)
2022-07-22T16:53:48.3639258+05:00 80000022-0002-e800-b63f-84710c7967bb [INF] Invoking IdentityServer endpoint: "IdentityServer4.Endpoints.TokenEndpoint" for "/connect/token" (f7642de5)
2022-07-22T16:53:48.4468853+05:00 80000022-0002-e800-b63f-84710c7967bb [INF] Credentials validated for username: "admin" (cb811aa7)
2022-07-22T16:53:48.4527550+05:00 80000022-0002-e800-b63f-84710c7967bb [INF] Token request validation success, TokenRequestValidationLog { ClientId: "quickapp_spa", ClientName: null, GrantType: "password", Scopes: "email offline_access openid phone profile quickapp_api roles", AuthorizationCode: "********", RefreshToken: "********", UserName: "admin", AuthenticationContextReferenceClasses: null, Tenant: null, IdP: null, Raw: [("username": "admin"), ("password": "***REDACTED***"), ("client_id": "quickapp_spa"), ("grant_type": "password"), ("scope": "openid email phone profile offline_access roles quickapp_api")] } (3a073258)
2022-07-22T16:57:49.0725760+05:00 80000095-0003-f900-b63f-84710c7967bb [INF] "Bearer" was not authenticated. Failure message: "IDX10223: Lifetime validation failed. The token is expired. ValidTo: '[PII is hidden. For more details, see https://aka.ms/IdentityModel/PII.]', Current time: '[PII is hidden. For more details, see https://aka.ms/IdentityModel/PII.]'." (48071232)
2022-07-22T16:57:49.0725531+05:00 80000097-0000-f900-b63f-84710c7967bb [INF] "Bearer" was not authenticated. Failure message: "IDX10223: Lifetime validation failed. The token is expired. ValidTo: '[PII is hidden. For more details, see https://aka.ms/IdentityModel/PII.]', Current time: '[PII is hidden. For more details, see https://aka.ms/IdentityModel/PII.]'." (48071232)
2022-07-22T16:57:49.0725530+05:00 800000b5-0000-f500-b63f-84710c7967bb [INF] "Bearer" was not authenticated. Failure message: "IDX10223: Lifetime validation failed. The token is expired. ValidTo: '[PII is hidden. For more details, see https://aka.ms/IdentityModel/PII.]', Current time: '[PII is hidden. For more details, see https://aka.ms/IdentityModel/PII.]'." (48071232)
2022-07-22T16:57:49.6147721+05:00 80000097-0000-f900-b63f-84710c7967bb [INF] AuthenticationScheme: "Bearer" was challenged. (d45f1f38)
2022-07-22T16:57:49.6149274+05:00 80000095-0003-f900-b63f-84710c7967bb [INF] AuthenticationScheme: "Bearer" was challenged. (d45f1f38)
2022-07-22T16:57:49.7341775+05:00 800001da-0001-fd00-b63f-84710c7967bb [INF] Invoking IdentityServer endpoint: "IdentityServer4.Endpoints.DiscoveryEndpoint" for "/.well-known/openid-configuration" (f7642de5)
2022-07-22T16:57:49.8287441+05:00 80000097-0003-f900-b63f-84710c7967bb [INF] "Bearer" was not authenticated. Failure message: "IDX10223: Lifetime validation failed. The token is expired. ValidTo: '[PII is hidden. For more details, see https://aka.ms/IdentityModel/PII.]', Current time: '[PII is hidden. For more details, see https://aka.ms/IdentityModel/PII.]'." (48071232)
2022-07-22T16:57:50.0648865+05:00 80000097-0003-f900-b63f-84710c7967bb [INF] AuthenticationScheme: "Bearer" was challenged. (d45f1f38)
2022-07-22T16:57:50.0706914+05:00 80000125-0000-f800-b63f-84710c7967bb [INF] "Bearer" was not authenticated. Failure message: "IDX10223: Lifetime validation failed. The token is expired. ValidTo: '[PII is hidden. For more details, see https://aka.ms/IdentityModel/PII.]', Current time: '[PII is hidden. For more details, see https://aka.ms/IdentityModel/PII.]'." (48071232)
2022-07-22T16:57:50.0775129+05:00 80000125-0000-f800-b63f-84710c7967bb [INF] AuthenticationScheme: "Bearer" was challenged. (d45f1f38)
2022-07-22T16:57:50.1304627+05:00 800000c6-0003-fe00-b63f-84710c7967bb [INF] Invoking IdentityServer endpoint: "IdentityServer4.Endpoints.DiscoveryKeyEndpoint" for "/.well-known/openid-configuration/jwks" (f7642de5)
2022-07-22T16:57:50.2037365+05:00 800001dc-0001-fd00-b63f-84710c7967bb [INF] Invoking IdentityServer endpoint: "IdentityServer4.Endpoints.TokenEndpoint" for "/connect/token" (f7642de5)
2022-07-22T16:57:50.3912245+05:00 800001dc-0001-fd00-b63f-84710c7967bb [INF] Token request validation success, TokenRequestValidationLog { ClientId: "quickapp_spa", ClientName: null, GrantType: "refresh_token", Scopes: null, AuthorizationCode: "********", RefreshToken: "****D949", UserName: null, AuthenticationContextReferenceClasses: null, Tenant: null, IdP: null, Raw: [("refresh_token": "***REDACTED***"), ("client_id": "quickapp_spa"), ("grant_type": "refresh_token")] } (3a073258)
2022-07-22T18:05:59.6565996+05:00 8000009b-0001-f100-b63f-84710c7967bb [INF] "Bearer" was not authenticated. Failure message: "IDX10223: Lifetime validation failed. The token is expired. ValidTo: '[PII is hidden. For more details, see https://aka.ms/IdentityModel/PII.]', Current time: '[PII is hidden. For more details, see https://aka.ms/IdentityModel/PII.]'." (48071232)
2022-07-22T18:05:59.6940121+05:00 800001c3-0001-f400-b63f-84710c7967bb [INF] "Bearer" was not authenticated. Failure message: "IDX10223: Lifetime validation failed. The token is expired. ValidTo: '[PII is hidden. For more details, see https://aka.ms/IdentityModel/PII.]', Current time: '[PII is hidden. For more details, see https://aka.ms/IdentityModel/PII.]'." (48071232)
2022-07-22T18:05:59.7791264+05:00 800001c3-0001-f400-b63f-84710c7967bb [INF] AuthenticationScheme: "Bearer" was challenged. (d45f1f38)
2022-07-22T18:05:59.7872638+05:00 8000009b-0001-f100-b63f-84710c7967bb [INF] AuthenticationScheme: "Bearer" was challenged. (d45f1f38)
2022-07-22T18:05:59.8004308+05:00 800000df-0001-f500-b63f-84710c7967bb [INF] "Bearer" was not authenticated. Failure message: "IDX10223: Lifetime validation failed. The token is expired. ValidTo: '[PII is hidden. For more details, see https://aka.ms/IdentityModel/PII.]', Current time: '[PII is hidden. For more details, see https://aka.ms/IdentityModel/PII.]'." (48071232)
2022-07-22T18:05:59.8189211+05:00 800000df-0001-f500-b63f-84710c7967bb [INF] AuthenticationScheme: "Bearer" was challenged. (d45f1f38)
2022-07-22T18:06:00.0208807+05:00 80000034-0002-e800-b63f-84710c7967bb [WRN] CorsPolicyService did not allow origin: "http://localhost:4200" (f5320bfb)
2022-07-22T18:06:00.0637606+05:00 800000e1-0001-f500-b63f-84710c7967bb [INF] "Bearer" was not authenticated. Failure message: "IDX10223: Lifetime validation failed. The token is expired. ValidTo: '[PII is hidden. For more details, see https://aka.ms/IdentityModel/PII.]', Current time: '[PII is hidden. For more details, see https://aka.ms/IdentityModel/PII.]'." (48071232)
2022-07-22T18:06:00.0714920+05:00 80000034-0002-e800-b63f-84710c7967bb [INF] Invoking IdentityServer endpoint: "IdentityServer4.Endpoints.DiscoveryEndpoint" for "/.well-known/openid-configuration" (f7642de5)
2022-07-22T18:06:00.0816181+05:00 800000e1-0001-f500-b63f-84710c7967bb [INF] AuthenticationScheme: "Bearer" was challenged. (d45f1f38)
2022-07-22T18:06:00.1542327+05:00 800000e3-0001-f500-b63f-84710c7967bb [WRN] CorsPolicyService did not allow origin: "http://localhost:4200" (f5320bfb)
2022-07-22T18:06:00.1699128+05:00 800000e3-0001-f500-b63f-84710c7967bb [INF] Invoking IdentityServer endpoint: "IdentityServer4.Endpoints.DiscoveryKeyEndpoint" for "/.well-known/openid-configuration/jwks" (f7642de5)
2022-07-22T18:06:00.2564875+05:00 800000e5-0001-f500-b63f-84710c7967bb [WRN] CorsPolicyService did not allow origin: "http://localhost:4200" (f5320bfb)
2022-07-22T18:06:00.2772131+05:00 800000e5-0001-f500-b63f-84710c7967bb [INF] Invoking IdentityServer endpoint: "IdentityServer4.Endpoints.TokenEndpoint" for "/connect/token" (f7642de5)
2022-07-22T18:06:00.4119611+05:00 800000e5-0001-f500-b63f-84710c7967bb [INF] Token request validation success, TokenRequestValidationLog { ClientId: "quickapp_spa", ClientName: null, GrantType: "refresh_token", Scopes: null, AuthorizationCode: "********", RefreshToken: "****C830", UserName: null, AuthenticationContextReferenceClasses: null, Tenant: null, IdP: null, Raw: [("refresh_token": "***REDACTED***"), ("client_id": "quickapp_spa"), ("grant_type": "refresh_token")] } (3a073258)
2022-07-22T18:06:32.1872811+05:00 800000dc-0003-fe00-b63f-84710c7967bb [INF] "Bearer" was not authenticated. Failure message: "IDX10223: Lifetime validation failed. The token is expired. ValidTo: '[PII is hidden. For more details, see https://aka.ms/IdentityModel/PII.]', Current time: '[PII is hidden. For more details, see https://aka.ms/IdentityModel/PII.]'." (48071232)
2022-07-22T18:06:32.2188309+05:00 80000180-0000-fb00-b63f-84710c7967bb [INF] "Bearer" was not authenticated. Failure message: "IDX10223: Lifetime validation failed. The token is expired. ValidTo: '[PII is hidden. For more details, see https://aka.ms/IdentityModel/PII.]', Current time: '[PII is hidden. For more details, see https://aka.ms/IdentityModel/PII.]'." (48071232)
2022-07-22T18:06:32.2298515+05:00 800000dc-0003-fe00-b63f-84710c7967bb [INF] AuthenticationScheme: "Bearer" was challenged. (d45f1f38)
2022-07-22T18:06:32.2357738+05:00 80000180-0000-fb00-b63f-84710c7967bb [INF] AuthenticationScheme: "Bearer" was challenged. (d45f1f38)
2022-07-22T18:06:33.4446296+05:00 8000009d-0000-f400-b63f-84710c7967bb [INF] "Bearer" was not authenticated. Failure message: "IDX10223: Lifetime validation failed. The token is expired. ValidTo: '[PII is hidden. For more details, see https://aka.ms/IdentityModel/PII.]', Current time: '[PII is hidden. For more details, see https://aka.ms/IdentityModel/PII.]'." (48071232)
2022-07-22T18:06:34.1680876+05:00 80000085-0002-f200-b63f-84710c7967bb [INF] "Bearer" was not authenticated. Failure message: "IDX10223: Lifetime validation failed. The token is expired. ValidTo: '[PII is hidden. For more details, see https://aka.ms/IdentityModel/PII.]', Current time: '[PII is hidden. For more details, see https://aka.ms/IdentityModel/PII.]'." (48071232)
2022-07-22T18:06:34.2007140+05:00 80000085-0002-f200-b63f-84710c7967bb [INF] AuthenticationScheme: "Bearer" was challenged. (d45f1f38)
2022-07-22T18:06:34.4716839+05:00 800000b1-0003-f900-b63f-84710c7967bb [INF] "Bearer" was not authenticated. Failure message: "IDX10223: Lifetime validation failed. The token is expired. ValidTo: '[PII is hidden. For more details, see https://aka.ms/IdentityModel/PII.]', Current time: '[PII is hidden. For more details, see https://aka.ms/IdentityModel/PII.]'." (48071232)
2022-07-22T18:06:34.5775900+05:00 800000b1-0003-f900-b63f-84710c7967bb [INF] AuthenticationScheme: "Bearer" was challenged. (d45f1f38)
2022-07-22T18:06:37.0460500+05:00 80000182-0000-fb00-b63f-84710c7967bb [INF] Invoking IdentityServer endpoint: "IdentityServer4.Endpoints.DiscoveryEndpoint" for "/.well-known/openid-configuration" (f7642de5)
2022-07-22T18:06:37.1576886+05:00 800000f5-0001-f500-b63f-84710c7967bb [INF] Invoking IdentityServer endpoint: "IdentityServer4.Endpoints.DiscoveryKeyEndpoint" for "/.well-known/openid-configuration/jwks" (f7642de5)
2022-07-22T18:06:37.2348003+05:00 80000184-0000-fb00-b63f-84710c7967bb [INF] Invoking IdentityServer endpoint: "IdentityServer4.Endpoints.TokenEndpoint" for "/connect/token" (f7642de5)
2022-07-22T18:06:37.2602256+05:00 80000184-0000-fb00-b63f-84710c7967bb [INF] Token request validation success, TokenRequestValidationLog { ClientId: "quickapp_spa", ClientName: null, GrantType: "refresh_token", Scopes: null, AuthorizationCode: "********", RefreshToken: "****BC5F", UserName: null, AuthenticationContextReferenceClasses: null, Tenant: null, IdP: null, Raw: [("refresh_token": "***REDACTED***"), ("client_id": "quickapp_spa"), ("grant_type": "refresh_token")] } (3a073258)
2022-07-22T18:38:17.0139304+05:00  [ERR] Error: src/app/services/account.service.ts:53:44 - error TS2304: Cannot find name 'UserViewModel'.
 (c814a296)
2022-07-22T18:38:17.1327290+05:00  [ERR] 53     return this.accountEndpoint.getDomains<UserViewModel>();
 (0b38f1ea)
2022-07-22T18:38:17.1524349+05:00  [ERR]                                               ~~~~~~~~~~~~~
 (7200cac4)
