2022-06-04T00:38:33.9895345+05:00 800003f6-0001-df00-b63f-84710c7967bb [INF] "Bearer" was not authenticated. Failure message: "IDX10223: Lifetime validation failed. The token is expired. ValidTo: '[PII is hidden. For more details, see https://aka.ms/IdentityModel/PII.]', Current time: '[PII is hidden. For more details, see https://aka.ms/IdentityModel/PII.]'." (48071232)
2022-06-04T00:38:33.9898661+05:00 800003f6-0001-df00-b63f-84710c7967bb [INF] AuthenticationScheme: "Bearer" was challenged. (d45f1f38)
2022-06-04T00:38:34.0246271+05:00 800002ad-0002-f300-b63f-84710c7967bb [INF] "Bearer" was not authenticated. Failure message: "IDX10223: Lifetime validation failed. The token is expired. ValidTo: '[PII is hidden. For more details, see https://aka.ms/IdentityModel/PII.]', Current time: '[PII is hidden. For more details, see https://aka.ms/IdentityModel/PII.]'." (48071232)
2022-06-04T00:38:34.0248717+05:00 800002ad-0002-f300-b63f-84710c7967bb [INF] AuthenticationScheme: "Bearer" was challenged. (d45f1f38)
2022-06-04T00:38:35.1448603+05:00 800002af-0002-f300-b63f-84710c7967bb [WRN] CorsPolicyService did not allow origin: "http://localhost:4200" (f5320bfb)
2022-06-04T00:38:35.1456485+05:00 800002af-0002-f300-b63f-84710c7967bb [INF] Invoking IdentityServer endpoint: "IdentityServer4.Endpoints.DiscoveryEndpoint" for "/.well-known/openid-configuration" (f7642de5)
2022-06-04T00:38:39.2760578+05:00 80000274-0003-fb00-b63f-84710c7967bb [WRN] CorsPolicyService did not allow origin: "http://localhost:4200" (f5320bfb)
2022-06-04T00:38:39.2765479+05:00 80000274-0003-fb00-b63f-84710c7967bb [INF] Invoking IdentityServer endpoint: "IdentityServer4.Endpoints.DiscoveryKeyEndpoint" for "/.well-known/openid-configuration/jwks" (f7642de5)
2022-06-04T00:38:40.4676617+05:00 80000276-0003-fb00-b63f-84710c7967bb [WRN] CorsPolicyService did not allow origin: "http://localhost:4200" (f5320bfb)
2022-06-04T00:38:40.4684814+05:00 80000276-0003-fb00-b63f-84710c7967bb [INF] Invoking IdentityServer endpoint: "IdentityServer4.Endpoints.TokenEndpoint" for "/connect/token" (f7642de5)
2022-06-04T00:38:40.4707020+05:00 80000276-0003-fb00-b63f-84710c7967bb [WRN] Invalid refresh token (831190ec)
2022-06-04T00:38:40.4716464+05:00 80000276-0003-fb00-b63f-84710c7967bb [WRN] Refresh token validation failed. aborting, TokenRequestValidationLog { ClientId: "quickapp_spa", ClientName: null, GrantType: "refresh_token", Scopes: null, AuthorizationCode: "********", RefreshToken: "********", UserName: null, AuthenticationContextReferenceClasses: null, Tenant: null, IdP: null, Raw: [("refresh_token": "***REDACTED***"), ("client_id": "quickapp_spa"), ("grant_type": "refresh_token")] } (2c8ee86e)
2022-06-04T01:13:13.6072110+05:00 80000390-0001-d600-b63f-84710c7967bb [WRN] CorsPolicyService did not allow origin: "http://localhost:4200" (f5320bfb)
2022-06-04T01:13:13.6093369+05:00 80000390-0001-d600-b63f-84710c7967bb [INF] Invoking IdentityServer endpoint: "IdentityServer4.Endpoints.DiscoveryEndpoint" for "/.well-known/openid-configuration" (f7642de5)
2022-06-04T01:13:13.6469976+05:00 80000278-0003-fb00-b63f-84710c7967bb [WRN] CorsPolicyService did not allow origin: "http://localhost:4200" (f5320bfb)
2022-06-04T01:13:13.6477134+05:00 80000278-0003-fb00-b63f-84710c7967bb [INF] Invoking IdentityServer endpoint: "IdentityServer4.Endpoints.DiscoveryKeyEndpoint" for "/.well-known/openid-configuration/jwks" (f7642de5)
2022-06-04T01:13:13.6833050+05:00 80000392-0001-d600-b63f-84710c7967bb [WRN] CorsPolicyService did not allow origin: "http://localhost:4200" (f5320bfb)
2022-06-04T01:13:13.6838622+05:00 80000392-0001-d600-b63f-84710c7967bb [INF] Invoking IdentityServer endpoint: "IdentityServer4.Endpoints.TokenEndpoint" for "/connect/token" (f7642de5)
2022-06-04T01:13:13.7553958+05:00 80000392-0001-d600-b63f-84710c7967bb [ERR] Failed executing DbCommand ("9"ms) [Parameters=["@__normalizedUserName_0='?' (Size = 256)"], CommandType='Text', CommandTimeout='30']"
""SELECT TOP(1) [a].[Id], [a].[AccessFailedCount], [a].[AccountOwner], [a].[ConcurrencyStamp], [a].[Configuration], [a].[CreatedBy], [a].[CreatedDate], [a].[Department], [a].[Email], [a].[EmailConfirmed], [a].[FullName], [a].[IsEnabled], [a].[JobTitle], [a].[LockoutEnabled], [a].[LockoutEnd], [a].[NormalizedEmail], [a].[NormalizedUserName], [a].[PasswordHash], [a].[PhoneNumber], [a].[PhoneNumberConfirmed], [a].[SecurityStamp], [a].[TwoFactorEnabled], [a].[UpdatedBy], [a].[UpdatedDate], [a].[UserName]
FROM [AspNetUsers] AS [a]
WHERE [a].[NormalizedUserName] = @__normalizedUserName_0" (627a98df)
2022-06-04T01:13:13.7712141+05:00 80000392-0001-d600-b63f-84710c7967bb [ERR] An exception occurred while iterating over the results of a query for context type '"DAL.ApplicationDbContext"'."
""Microsoft.Data.SqlClient.SqlException (0x80131904): Invalid column name 'AccountOwner'.
Invalid column name 'Department'.
   at Microsoft.Data.SqlClient.SqlCommand.<>c.<ExecuteDbDataReaderAsync>b__169_0(Task`1 result)
   at System.Threading.Tasks.ContinuationResultTaskFromResultTask`2.InnerInvoke()
   at System.Threading.ExecutionContext.RunInternal(ExecutionContext executionContext, ContextCallback callback, Object state)
--- End of stack trace from previous location ---
   at System.Threading.Tasks.Task.ExecuteWithThreadLocal(Task& currentTaskSlot, Thread threadPoolThread)
--- End of stack trace from previous location ---
   at Microsoft.EntityFrameworkCore.Storage.RelationalCommand.ExecuteReaderAsync(RelationalCommandParameterObject parameterObject, CancellationToken cancellationToken)
   at Microsoft.EntityFrameworkCore.Storage.RelationalCommand.ExecuteReaderAsync(RelationalCommandParameterObject parameterObject, CancellationToken cancellationToken)
   at Microsoft.EntityFrameworkCore.Query.Internal.SingleQueryingEnumerable`1.AsyncEnumerator.InitializeReaderAsync(DbContext _, Boolean result, CancellationToken cancellationToken)
   at Microsoft.EntityFrameworkCore.SqlServer.Storage.Internal.SqlServerExecutionStrategy.ExecuteAsync[TState,TResult](TState state, Func`4 operation, Func`4 verifySucceeded, CancellationToken cancellationToken)
   at Microsoft.EntityFrameworkCore.Query.Internal.SingleQueryingEnumerable`1.AsyncEnumerator.MoveNextAsync()
ClientConnectionId:a3dc81fe-40e6-427e-a838-4d66621fa5a7
Error Number:207,State:1,Class:16" (f5c7ac34)
Microsoft.Data.SqlClient.SqlException (0x80131904): Invalid column name 'AccountOwner'.
Invalid column name 'Department'.
   at Microsoft.Data.SqlClient.SqlCommand.<>c.<ExecuteDbDataReaderAsync>b__169_0(Task`1 result)
   at System.Threading.Tasks.ContinuationResultTaskFromResultTask`2.InnerInvoke()
   at System.Threading.ExecutionContext.RunInternal(ExecutionContext executionContext, ContextCallback callback, Object state)
--- End of stack trace from previous location ---
   at System.Threading.Tasks.Task.ExecuteWithThreadLocal(Task& currentTaskSlot, Thread threadPoolThread)
--- End of stack trace from previous location ---
   at Microsoft.EntityFrameworkCore.Storage.RelationalCommand.ExecuteReaderAsync(RelationalCommandParameterObject parameterObject, CancellationToken cancellationToken)
   at Microsoft.EntityFrameworkCore.Storage.RelationalCommand.ExecuteReaderAsync(RelationalCommandParameterObject parameterObject, CancellationToken cancellationToken)
   at Microsoft.EntityFrameworkCore.Query.Internal.SingleQueryingEnumerable`1.AsyncEnumerator.InitializeReaderAsync(DbContext _, Boolean result, CancellationToken cancellationToken)
   at Microsoft.EntityFrameworkCore.SqlServer.Storage.Internal.SqlServerExecutionStrategy.ExecuteAsync[TState,TResult](TState state, Func`4 operation, Func`4 verifySucceeded, CancellationToken cancellationToken)
   at Microsoft.EntityFrameworkCore.Query.Internal.SingleQueryingEnumerable`1.AsyncEnumerator.MoveNextAsync()
ClientConnectionId:a3dc81fe-40e6-427e-a838-4d66621fa5a7
Error Number:207,State:1,Class:16
2022-06-04T01:13:13.7921102+05:00 80000392-0001-d600-b63f-84710c7967bb [FTL] Unhandled exception: "Invalid column name 'AccountOwner'.
Invalid column name 'Department'." (9b1fe9ee)
Microsoft.Data.SqlClient.SqlException (0x80131904): Invalid column name 'AccountOwner'.
Invalid column name 'Department'.
   at Microsoft.Data.SqlClient.SqlCommand.<>c.<ExecuteDbDataReaderAsync>b__169_0(Task`1 result)
   at System.Threading.Tasks.ContinuationResultTaskFromResultTask`2.InnerInvoke()
   at System.Threading.ExecutionContext.RunInternal(ExecutionContext executionContext, ContextCallback callback, Object state)
--- End of stack trace from previous location ---
   at System.Threading.Tasks.Task.ExecuteWithThreadLocal(Task& currentTaskSlot, Thread threadPoolThread)
--- End of stack trace from previous location ---
   at Microsoft.EntityFrameworkCore.Storage.RelationalCommand.ExecuteReaderAsync(RelationalCommandParameterObject parameterObject, CancellationToken cancellationToken)
   at Microsoft.EntityFrameworkCore.Storage.RelationalCommand.ExecuteReaderAsync(RelationalCommandParameterObject parameterObject, CancellationToken cancellationToken)
   at Microsoft.EntityFrameworkCore.Query.Internal.SingleQueryingEnumerable`1.AsyncEnumerator.InitializeReaderAsync(DbContext _, Boolean result, CancellationToken cancellationToken)
   at Microsoft.EntityFrameworkCore.SqlServer.Storage.Internal.SqlServerExecutionStrategy.ExecuteAsync[TState,TResult](TState state, Func`4 operation, Func`4 verifySucceeded, CancellationToken cancellationToken)
   at Microsoft.EntityFrameworkCore.Query.Internal.SingleQueryingEnumerable`1.AsyncEnumerator.MoveNextAsync()
   at Microsoft.EntityFrameworkCore.Query.ShapedQueryCompilingExpressionVisitor.SingleOrDefaultAsync[TSource](IAsyncEnumerable`1 asyncEnumerable, CancellationToken cancellationToken)
   at Microsoft.EntityFrameworkCore.Query.ShapedQueryCompilingExpressionVisitor.SingleOrDefaultAsync[TSource](IAsyncEnumerable`1 asyncEnumerable, CancellationToken cancellationToken)
   at Microsoft.AspNetCore.Identity.UserManager`1.FindByNameAsync(String userName)
   at IdentityServer4.AspNetIdentity.ResourceOwnerPasswordValidator`1.ValidateAsync(ResourceOwnerPasswordValidationContext context)
   at IdentityServer4.Validation.TokenRequestValidator.ValidateResourceOwnerCredentialRequestAsync(NameValueCollection parameters)
   at IdentityServer4.Validation.TokenRequestValidator.RunValidationAsync(Func`2 validationFunc, NameValueCollection parameters)
   at IdentityServer4.Validation.TokenRequestValidator.ValidateRequestAsync(NameValueCollection parameters, ClientSecretValidationResult clientValidationResult)
   at IdentityServer4.Endpoints.TokenEndpoint.ProcessTokenRequestAsync(HttpContext context)
   at IdentityServer4.Endpoints.TokenEndpoint.ProcessAsync(HttpContext context)
   at IdentityServer4.Hosting.IdentityServerMiddleware.Invoke(HttpContext context, IEndpointRouter router, IUserSession session, IEventService events, IBackChannelLogoutService backChannelLogoutService)
   at IdentityServer4.Hosting.IdentityServerMiddleware.Invoke(HttpContext context, IEndpointRouter router, IUserSession session, IEventService events, IBackChannelLogoutService backChannelLogoutService)
   at IdentityServer4.Hosting.MutualTlsEndpointMiddleware.Invoke(HttpContext context, IAuthenticationSchemeProvider schemes)
   at Microsoft.AspNetCore.Authentication.AuthenticationMiddleware.Invoke(HttpContext context)
   at IdentityServer4.Hosting.BaseUrlMiddleware.Invoke(HttpContext context)
   at Microsoft.AspNetCore.Diagnostics.DeveloperExceptionPageMiddleware.Invoke(HttpContext context)
ClientConnectionId:a3dc81fe-40e6-427e-a838-4d66621fa5a7
Error Number:207,State:1,Class:16
2022-06-04T01:13:13.8006592+05:00 80000392-0001-d600-b63f-84710c7967bb [ERR] An unhandled exception has occurred while executing the request. (48a46595)
Microsoft.Data.SqlClient.SqlException (0x80131904): Invalid column name 'AccountOwner'.
Invalid column name 'Department'.
   at Microsoft.Data.SqlClient.SqlCommand.<>c.<ExecuteDbDataReaderAsync>b__169_0(Task`1 result)
   at System.Threading.Tasks.ContinuationResultTaskFromResultTask`2.InnerInvoke()
   at System.Threading.ExecutionContext.RunInternal(ExecutionContext executionContext, ContextCallback callback, Object state)
--- End of stack trace from previous location ---
   at System.Threading.Tasks.Task.ExecuteWithThreadLocal(Task& currentTaskSlot, Thread threadPoolThread)
--- End of stack trace from previous location ---
   at Microsoft.EntityFrameworkCore.Storage.RelationalCommand.ExecuteReaderAsync(RelationalCommandParameterObject parameterObject, CancellationToken cancellationToken)
   at Microsoft.EntityFrameworkCore.Storage.RelationalCommand.ExecuteReaderAsync(RelationalCommandParameterObject parameterObject, CancellationToken cancellationToken)
   at Microsoft.EntityFrameworkCore.Query.Internal.SingleQueryingEnumerable`1.AsyncEnumerator.InitializeReaderAsync(DbContext _, Boolean result, CancellationToken cancellationToken)
   at Microsoft.EntityFrameworkCore.SqlServer.Storage.Internal.SqlServerExecutionStrategy.ExecuteAsync[TState,TResult](TState state, Func`4 operation, Func`4 verifySucceeded, CancellationToken cancellationToken)
   at Microsoft.EntityFrameworkCore.Query.Internal.SingleQueryingEnumerable`1.AsyncEnumerator.MoveNextAsync()
   at Microsoft.EntityFrameworkCore.Query.ShapedQueryCompilingExpressionVisitor.SingleOrDefaultAsync[TSource](IAsyncEnumerable`1 asyncEnumerable, CancellationToken cancellationToken)
   at Microsoft.EntityFrameworkCore.Query.ShapedQueryCompilingExpressionVisitor.SingleOrDefaultAsync[TSource](IAsyncEnumerable`1 asyncEnumerable, CancellationToken cancellationToken)
   at Microsoft.AspNetCore.Identity.UserManager`1.FindByNameAsync(String userName)
   at IdentityServer4.AspNetIdentity.ResourceOwnerPasswordValidator`1.ValidateAsync(ResourceOwnerPasswordValidationContext context)
   at IdentityServer4.Validation.TokenRequestValidator.ValidateResourceOwnerCredentialRequestAsync(NameValueCollection parameters)
   at IdentityServer4.Validation.TokenRequestValidator.RunValidationAsync(Func`2 validationFunc, NameValueCollection parameters)
   at IdentityServer4.Validation.TokenRequestValidator.ValidateRequestAsync(NameValueCollection parameters, ClientSecretValidationResult clientValidationResult)
   at IdentityServer4.Endpoints.TokenEndpoint.ProcessTokenRequestAsync(HttpContext context)
   at IdentityServer4.Endpoints.TokenEndpoint.ProcessAsync(HttpContext context)
   at IdentityServer4.Hosting.IdentityServerMiddleware.Invoke(HttpContext context, IEndpointRouter router, IUserSession session, IEventService events, IBackChannelLogoutService backChannelLogoutService)
   at IdentityServer4.Hosting.IdentityServerMiddleware.Invoke(HttpContext context, IEndpointRouter router, IUserSession session, IEventService events, IBackChannelLogoutService backChannelLogoutService)
   at IdentityServer4.Hosting.MutualTlsEndpointMiddleware.Invoke(HttpContext context, IAuthenticationSchemeProvider schemes)
   at Microsoft.AspNetCore.Authentication.AuthenticationMiddleware.Invoke(HttpContext context)
   at IdentityServer4.Hosting.BaseUrlMiddleware.Invoke(HttpContext context)
   at Microsoft.AspNetCore.Diagnostics.DeveloperExceptionPageMiddleware.Invoke(HttpContext context)
ClientConnectionId:a3dc81fe-40e6-427e-a838-4d66621fa5a7
Error Number:207,State:1,Class:16
2022-06-04T01:15:18.3987332+05:00 8000027a-0003-fb00-b63f-84710c7967bb [WRN] CorsPolicyService did not allow origin: "http://localhost:4200" (f5320bfb)
2022-06-04T01:15:18.3991737+05:00 8000027a-0003-fb00-b63f-84710c7967bb [INF] Invoking IdentityServer endpoint: "IdentityServer4.Endpoints.DiscoveryEndpoint" for "/.well-known/openid-configuration" (f7642de5)
2022-06-04T01:15:18.4143474+05:00 8000017c-0000-f900-b63f-84710c7967bb [WRN] CorsPolicyService did not allow origin: "http://localhost:4200" (f5320bfb)
2022-06-04T01:15:18.4149249+05:00 8000017c-0000-f900-b63f-84710c7967bb [INF] Invoking IdentityServer endpoint: "IdentityServer4.Endpoints.DiscoveryKeyEndpoint" for "/.well-known/openid-configuration/jwks" (f7642de5)
2022-06-04T01:15:18.4639906+05:00 800000cb-0002-ec00-b63f-84710c7967bb [WRN] CorsPolicyService did not allow origin: "http://localhost:4200" (f5320bfb)
2022-06-04T01:15:18.4644811+05:00 800000cb-0002-ec00-b63f-84710c7967bb [INF] Invoking IdentityServer endpoint: "IdentityServer4.Endpoints.TokenEndpoint" for "/connect/token" (f7642de5)
2022-06-04T01:15:18.7295113+05:00 800000cb-0002-ec00-b63f-84710c7967bb [INF] Credentials validated for username: "admin" (cb811aa7)
2022-06-04T01:15:18.7567009+05:00 800000cb-0002-ec00-b63f-84710c7967bb [INF] Token request validation success, TokenRequestValidationLog { ClientId: "quickapp_spa", ClientName: null, GrantType: "password", Scopes: "email offline_access openid phone profile quickapp_api roles", AuthorizationCode: "********", RefreshToken: "********", UserName: "admin", AuthenticationContextReferenceClasses: null, Tenant: null, IdP: null, Raw: [("username": "admin"), ("password": "***REDACTED***"), ("client_id": "quickapp_spa"), ("grant_type": "password"), ("scope": "openid email phone profile offline_access roles quickapp_api")] } (3a073258)
2022-06-04T01:19:51.1881790+05:00 800000cf-0002-ec00-b63f-84710c7967bb [INF] "Bearer" was not authenticated. Failure message: "IDX10223: Lifetime validation failed. The token is expired. ValidTo: '[PII is hidden. For more details, see https://aka.ms/IdentityModel/PII.]', Current time: '[PII is hidden. For more details, see https://aka.ms/IdentityModel/PII.]'." (48071232)
2022-06-04T01:19:51.1884372+05:00 8000045f-0002-fd00-b63f-84710c7967bb [INF] "Bearer" was not authenticated. Failure message: "IDX10223: Lifetime validation failed. The token is expired. ValidTo: '[PII is hidden. For more details, see https://aka.ms/IdentityModel/PII.]', Current time: '[PII is hidden. For more details, see https://aka.ms/IdentityModel/PII.]'." (48071232)
2022-06-04T01:19:51.1887205+05:00 800000cf-0002-ec00-b63f-84710c7967bb [INF] AuthenticationScheme: "Bearer" was challenged. (d45f1f38)
2022-06-04T01:19:51.1956112+05:00 8000045f-0002-fd00-b63f-84710c7967bb [INF] AuthenticationScheme: "Bearer" was challenged. (d45f1f38)
2022-06-04T01:19:52.2881544+05:00 80000461-0002-fd00-b63f-84710c7967bb [WRN] CorsPolicyService did not allow origin: "http://localhost:4200" (f5320bfb)
2022-06-04T01:19:52.2887204+05:00 80000461-0002-fd00-b63f-84710c7967bb [INF] Invoking IdentityServer endpoint: "IdentityServer4.Endpoints.DiscoveryEndpoint" for "/.well-known/openid-configuration" (f7642de5)
2022-06-04T01:19:53.4211365+05:00 80000182-0000-f900-b63f-84710c7967bb [WRN] CorsPolicyService did not allow origin: "http://localhost:4200" (f5320bfb)
2022-06-04T01:19:53.4215713+05:00 80000182-0000-f900-b63f-84710c7967bb [INF] Invoking IdentityServer endpoint: "IdentityServer4.Endpoints.DiscoveryKeyEndpoint" for "/.well-known/openid-configuration/jwks" (f7642de5)
2022-06-04T01:19:54.1676452+05:00 80000184-0000-f900-b63f-84710c7967bb [WRN] CorsPolicyService did not allow origin: "http://localhost:4200" (f5320bfb)
2022-06-04T01:19:54.1682539+05:00 80000184-0000-f900-b63f-84710c7967bb [INF] Invoking IdentityServer endpoint: "IdentityServer4.Endpoints.TokenEndpoint" for "/connect/token" (f7642de5)
2022-06-04T01:19:54.2008372+05:00 80000184-0000-f900-b63f-84710c7967bb [WRN] Invalid refresh token (831190ec)
2022-06-04T01:19:54.2010761+05:00 80000184-0000-f900-b63f-84710c7967bb [WRN] Refresh token validation failed. aborting, TokenRequestValidationLog { ClientId: "quickapp_spa", ClientName: null, GrantType: "refresh_token", Scopes: null, AuthorizationCode: "********", RefreshToken: "********", UserName: null, AuthenticationContextReferenceClasses: null, Tenant: null, IdP: null, Raw: [("refresh_token": "***REDACTED***"), ("client_id": "quickapp_spa"), ("grant_type": "refresh_token")] } (2c8ee86e)
2022-06-04T01:19:56.5850033+05:00 80000186-0000-f900-b63f-84710c7967bb [WRN] CorsPolicyService did not allow origin: "http://localhost:4200" (f5320bfb)
2022-06-04T01:19:56.5853720+05:00 80000186-0000-f900-b63f-84710c7967bb [INF] Invoking IdentityServer endpoint: "IdentityServer4.Endpoints.DiscoveryEndpoint" for "/.well-known/openid-configuration" (f7642de5)
2022-06-04T01:19:56.6460444+05:00 80000188-0000-f900-b63f-84710c7967bb [WRN] CorsPolicyService did not allow origin: "http://localhost:4200" (f5320bfb)
2022-06-04T01:19:56.6466416+05:00 80000188-0000-f900-b63f-84710c7967bb [INF] Invoking IdentityServer endpoint: "IdentityServer4.Endpoints.DiscoveryKeyEndpoint" for "/.well-known/openid-configuration/jwks" (f7642de5)
2022-06-04T01:19:56.6689540+05:00 80000252-0003-f800-b63f-84710c7967bb [WRN] CorsPolicyService did not allow origin: "http://localhost:4200" (f5320bfb)
2022-06-04T01:19:56.6694640+05:00 80000252-0003-f800-b63f-84710c7967bb [INF] Invoking IdentityServer endpoint: "IdentityServer4.Endpoints.TokenEndpoint" for "/connect/token" (f7642de5)
2022-06-04T01:19:56.7195297+05:00 80000252-0003-f800-b63f-84710c7967bb [INF] Credentials validated for username: "admin" (cb811aa7)
2022-06-04T01:19:56.7201095+05:00 80000252-0003-f800-b63f-84710c7967bb [INF] Token request validation success, TokenRequestValidationLog { ClientId: "quickapp_spa", ClientName: null, GrantType: "password", Scopes: "email offline_access openid phone profile quickapp_api roles", AuthorizationCode: "********", RefreshToken: "********", UserName: "admin", AuthenticationContextReferenceClasses: null, Tenant: null, IdP: null, Raw: [("username": "admin"), ("password": "***REDACTED***"), ("client_id": "quickapp_spa"), ("grant_type": "password"), ("scope": "openid email phone profile offline_access roles quickapp_api")] } (3a073258)
2022-06-04T01:24:56.6683666+05:00 8000046b-0002-fd00-b63f-84710c7967bb [WRN] CorsPolicyService did not allow origin: "http://localhost:4200" (f5320bfb)
2022-06-04T01:24:56.6690649+05:00 8000046b-0002-fd00-b63f-84710c7967bb [INF] Invoking IdentityServer endpoint: "IdentityServer4.Endpoints.DiscoveryEndpoint" for "/.well-known/openid-configuration" (f7642de5)
2022-06-04T01:24:56.7452047+05:00 8000018a-0000-f900-b63f-84710c7967bb [WRN] CorsPolicyService did not allow origin: "http://localhost:4200" (f5320bfb)
2022-06-04T01:24:56.7456075+05:00 8000018a-0000-f900-b63f-84710c7967bb [INF] Invoking IdentityServer endpoint: "IdentityServer4.Endpoints.DiscoveryKeyEndpoint" for "/.well-known/openid-configuration/jwks" (f7642de5)
2022-06-04T01:24:56.7906847+05:00 800003fa-0001-df00-b63f-84710c7967bb [WRN] CorsPolicyService did not allow origin: "http://localhost:4200" (f5320bfb)
2022-06-04T01:24:56.7912855+05:00 800003fa-0001-df00-b63f-84710c7967bb [INF] Invoking IdentityServer endpoint: "IdentityServer4.Endpoints.TokenEndpoint" for "/connect/token" (f7642de5)
2022-06-04T01:24:56.8535576+05:00 800003fa-0001-df00-b63f-84710c7967bb [INF] Credentials validated for username: "admin" (cb811aa7)
2022-06-04T01:24:56.8540295+05:00 800003fa-0001-df00-b63f-84710c7967bb [INF] Token request validation success, TokenRequestValidationLog { ClientId: "quickapp_spa", ClientName: null, GrantType: "password", Scopes: "email offline_access openid phone profile quickapp_api roles", AuthorizationCode: "********", RefreshToken: "********", UserName: "admin", AuthenticationContextReferenceClasses: null, Tenant: null, IdP: null, Raw: [("username": "admin"), ("password": "***REDACTED***"), ("client_id": "quickapp_spa"), ("grant_type": "password"), ("scope": "openid email phone profile offline_access roles quickapp_api")] } (3a073258)
2022-06-04T01:35:19.9436895+05:00 80000473-0002-fd00-b63f-84710c7967bb [INF] "Bearer" was not authenticated. Failure message: "IDX10223: Lifetime validation failed. The token is expired. ValidTo: '[PII is hidden. For more details, see https://aka.ms/IdentityModel/PII.]', Current time: '[PII is hidden. For more details, see https://aka.ms/IdentityModel/PII.]'." (48071232)
2022-06-04T01:35:19.9439733+05:00 80000473-0002-fd00-b63f-84710c7967bb [INF] AuthenticationScheme: "Bearer" was challenged. (d45f1f38)
2022-06-04T01:35:20.1286201+05:00 8000057a-0001-ec00-b63f-84710c7967bb [INF] "Bearer" was not authenticated. Failure message: "IDX10223: Lifetime validation failed. The token is expired. ValidTo: '[PII is hidden. For more details, see https://aka.ms/IdentityModel/PII.]', Current time: '[PII is hidden. For more details, see https://aka.ms/IdentityModel/PII.]'." (48071232)
2022-06-04T01:35:20.1288850+05:00 8000057a-0001-ec00-b63f-84710c7967bb [INF] AuthenticationScheme: "Bearer" was challenged. (d45f1f38)
2022-06-04T01:35:20.2931589+05:00 8000017d-0003-fe00-b63f-84710c7967bb [INF] Invoking IdentityServer endpoint: "IdentityServer4.Endpoints.DiscoveryEndpoint" for "/.well-known/openid-configuration" (f7642de5)
2022-06-04T01:35:21.0215829+05:00 80000475-0002-fd00-b63f-84710c7967bb [INF] Invoking IdentityServer endpoint: "IdentityServer4.Endpoints.DiscoveryKeyEndpoint" for "/.well-known/openid-configuration/jwks" (f7642de5)
2022-06-04T01:35:21.0590993+05:00 80000249-0000-f800-b63f-84710c7967bb [INF] Invoking IdentityServer endpoint: "IdentityServer4.Endpoints.TokenEndpoint" for "/connect/token" (f7642de5)
2022-06-04T01:35:21.0596158+05:00 80000249-0000-f800-b63f-84710c7967bb [WRN] Invalid refresh token (831190ec)
2022-06-04T01:35:21.0598354+05:00 80000249-0000-f800-b63f-84710c7967bb [WRN] Refresh token validation failed. aborting, TokenRequestValidationLog { ClientId: "quickapp_spa", ClientName: null, GrantType: "refresh_token", Scopes: null, AuthorizationCode: "********", RefreshToken: "********", UserName: null, AuthenticationContextReferenceClasses: null, Tenant: null, IdP: null, Raw: [("refresh_token": "***REDACTED***"), ("client_id": "quickapp_spa"), ("grant_type": "refresh_token")] } (2c8ee86e)
2022-06-04T01:43:34.8111587+05:00 80000102-0002-ec00-b63f-84710c7967bb [INF] "Bearer" was not authenticated. Failure message: "IDX10223: Lifetime validation failed. The token is expired. ValidTo: '[PII is hidden. For more details, see https://aka.ms/IdentityModel/PII.]', Current time: '[PII is hidden. For more details, see https://aka.ms/IdentityModel/PII.]'." (48071232)
2022-06-04T01:43:34.8111587+05:00 800002b3-0002-f300-b63f-84710c7967bb [INF] "Bearer" was not authenticated. Failure message: "IDX10223: Lifetime validation failed. The token is expired. ValidTo: '[PII is hidden. For more details, see https://aka.ms/IdentityModel/PII.]', Current time: '[PII is hidden. For more details, see https://aka.ms/IdentityModel/PII.]'." (48071232)
2022-06-04T01:43:34.8113944+05:00 800002b3-0002-f300-b63f-84710c7967bb [INF] AuthenticationScheme: "Bearer" was challenged. (d45f1f38)
2022-06-04T01:43:34.8113997+05:00 80000102-0002-ec00-b63f-84710c7967bb [INF] AuthenticationScheme: "Bearer" was challenged. (d45f1f38)
2022-06-04T01:43:35.0049207+05:00 800002a8-0000-fd00-b63f-84710c7967bb [INF] Invoking IdentityServer endpoint: "IdentityServer4.Endpoints.DiscoveryEndpoint" for "/.well-known/openid-configuration" (f7642de5)
2022-06-04T01:43:35.9367851+05:00 800002aa-0000-fd00-b63f-84710c7967bb [INF] Invoking IdentityServer endpoint: "IdentityServer4.Endpoints.DiscoveryKeyEndpoint" for "/.well-known/openid-configuration/jwks" (f7642de5)
2022-06-04T01:43:36.1129999+05:00 800002ac-0000-fd00-b63f-84710c7967bb [INF] Invoking IdentityServer endpoint: "IdentityServer4.Endpoints.TokenEndpoint" for "/connect/token" (f7642de5)
2022-06-04T01:43:36.1138056+05:00 800002ac-0000-fd00-b63f-84710c7967bb [WRN] Invalid refresh token (831190ec)
2022-06-04T01:43:36.1140122+05:00 800002ac-0000-fd00-b63f-84710c7967bb [WRN] Refresh token validation failed. aborting, TokenRequestValidationLog { ClientId: "quickapp_spa", ClientName: null, GrantType: "refresh_token", Scopes: null, AuthorizationCode: "********", RefreshToken: "********", UserName: null, AuthenticationContextReferenceClasses: null, Tenant: null, IdP: null, Raw: [("refresh_token": "***REDACTED***"), ("client_id": "quickapp_spa"), ("grant_type": "refresh_token")] } (2c8ee86e)
2022-06-04T02:02:24.7135579+05:00 800003b8-0001-d600-b63f-84710c7967bb [INF] "Bearer" was not authenticated. Failure message: "IDX10223: Lifetime validation failed. The token is expired. ValidTo: '[PII is hidden. For more details, see https://aka.ms/IdentityModel/PII.]', Current time: '[PII is hidden. For more details, see https://aka.ms/IdentityModel/PII.]'." (48071232)
2022-06-04T02:02:24.7140767+05:00 800003b8-0001-d600-b63f-84710c7967bb [INF] AuthenticationScheme: "Bearer" was challenged. (d45f1f38)
2022-06-04T02:02:24.7142950+05:00 8000041c-0001-df00-b63f-84710c7967bb [INF] "Bearer" was not authenticated. Failure message: "IDX10223: Lifetime validation failed. The token is expired. ValidTo: '[PII is hidden. For more details, see https://aka.ms/IdentityModel/PII.]', Current time: '[PII is hidden. For more details, see https://aka.ms/IdentityModel/PII.]'." (48071232)
2022-06-04T02:02:24.7144342+05:00 8000041c-0001-df00-b63f-84710c7967bb [INF] AuthenticationScheme: "Bearer" was challenged. (d45f1f38)
2022-06-04T02:02:24.8848010+05:00 800003ba-0001-d600-b63f-84710c7967bb [INF] Invoking IdentityServer endpoint: "IdentityServer4.Endpoints.DiscoveryEndpoint" for "/.well-known/openid-configuration" (f7642de5)
2022-06-04T02:02:25.6478885+05:00 800002c2-0000-fd00-b63f-84710c7967bb [INF] Invoking IdentityServer endpoint: "IdentityServer4.Endpoints.DiscoveryKeyEndpoint" for "/.well-known/openid-configuration/jwks" (f7642de5)
2022-06-04T02:02:25.6847839+05:00 8000027e-0003-f800-b63f-84710c7967bb [INF] Invoking IdentityServer endpoint: "IdentityServer4.Endpoints.TokenEndpoint" for "/connect/token" (f7642de5)
2022-06-04T02:02:25.6857134+05:00 8000027e-0003-f800-b63f-84710c7967bb [WRN] Invalid refresh token (831190ec)
2022-06-04T02:02:25.6860865+05:00 8000027e-0003-f800-b63f-84710c7967bb [WRN] Refresh token validation failed. aborting, TokenRequestValidationLog { ClientId: "quickapp_spa", ClientName: null, GrantType: "refresh_token", Scopes: null, AuthorizationCode: "********", RefreshToken: "********", UserName: null, AuthenticationContextReferenceClasses: null, Tenant: null, IdP: null, Raw: [("refresh_token": "***REDACTED***"), ("client_id": "quickapp_spa"), ("grant_type": "refresh_token")] } (2c8ee86e)
2022-06-04T02:31:41.8247150+05:00 800002ca-0000-fd00-b63f-84710c7967bb [INF] "Bearer" was not authenticated. Failure message: "IDX10223: Lifetime validation failed. The token is expired. ValidTo: '[PII is hidden. For more details, see https://aka.ms/IdentityModel/PII.]', Current time: '[PII is hidden. For more details, see https://aka.ms/IdentityModel/PII.]'." (48071232)
2022-06-04T02:31:41.8261893+05:00 800002ca-0000-fd00-b63f-84710c7967bb [INF] AuthenticationScheme: "Bearer" was challenged. (d45f1f38)
2022-06-04T02:31:41.9303027+05:00 800002ce-0000-fd00-b63f-84710c7967bb [INF] "Bearer" was not authenticated. Failure message: "IDX10223: Lifetime validation failed. The token is expired. ValidTo: '[PII is hidden. For more details, see https://aka.ms/IdentityModel/PII.]', Current time: '[PII is hidden. For more details, see https://aka.ms/IdentityModel/PII.]'." (48071232)
2022-06-04T02:31:41.9305757+05:00 800002ce-0000-fd00-b63f-84710c7967bb [INF] AuthenticationScheme: "Bearer" was challenged. (d45f1f38)
2022-06-04T02:31:44.0094844+05:00 800002d0-0000-fd00-b63f-84710c7967bb [WRN] CorsPolicyService did not allow origin: "http://localhost:4200" (f5320bfb)
2022-06-04T02:31:44.0100761+05:00 800002d0-0000-fd00-b63f-84710c7967bb [INF] Invoking IdentityServer endpoint: "IdentityServer4.Endpoints.DiscoveryEndpoint" for "/.well-known/openid-configuration" (f7642de5)
2022-06-04T02:31:51.8236062+05:00 80000014-0002-e700-b63f-84710c7967bb [WRN] CorsPolicyService did not allow origin: "http://localhost:4200" (f5320bfb)
2022-06-04T02:31:51.8241057+05:00 80000014-0002-e700-b63f-84710c7967bb [INF] Invoking IdentityServer endpoint: "IdentityServer4.Endpoints.DiscoveryKeyEndpoint" for "/.well-known/openid-configuration/jwks" (f7642de5)
2022-06-04T02:31:55.3407604+05:00 80000288-0003-f800-b63f-84710c7967bb [WRN] CorsPolicyService did not allow origin: "http://localhost:4200" (f5320bfb)
2022-06-04T02:31:55.3412326+05:00 80000288-0003-f800-b63f-84710c7967bb [INF] Invoking IdentityServer endpoint: "IdentityServer4.Endpoints.TokenEndpoint" for "/connect/token" (f7642de5)
2022-06-04T02:31:55.6278575+05:00 80000288-0003-f800-b63f-84710c7967bb [INF] Token request validation success, TokenRequestValidationLog { ClientId: "quickapp_spa", ClientName: null, GrantType: "refresh_token", Scopes: null, AuthorizationCode: "********", RefreshToken: "****C6F5", UserName: null, AuthenticationContextReferenceClasses: null, Tenant: null, IdP: null, Raw: [("refresh_token": "***REDACTED***"), ("client_id": "quickapp_spa"), ("grant_type": "refresh_token")] } (3a073258)
2022-06-04T02:40:34.1370067+05:00  [ERR] Error: src/app/components/controls/group-info.component.ts:160:14 - error TS2551: Property 'isNewUser' does not exist on type 'GroupInfoComponent'. Did you mean 'newUser'?
 (c06463fc)
2022-06-04T02:40:34.1371413+05:00  [ERR] 160     if (this.isNewUser) {
 (6f07ae64)
2022-06-04T02:40:34.1371707+05:00  [ERR]                  ~~~~~~~~~
 (7102c159)
2022-06-04T02:40:34.1371879+05:00  [ERR]   src/app/components/controls/group-info.component.ts:324:3
 (9be0e013)
2022-06-04T02:40:34.1371992+05:00  [ERR]     324   newUser(allRoles: Role[]) {
 (cc9394ce)
2022-06-04T02:40:34.1372089+05:00  [ERR]           ~~~~~~~
 (92963eee)
2022-06-04T02:40:34.1372213+05:00  [ERR]     'newUser' is declared here.
 (4f6f27ca)
2022-06-04T02:40:34.1372356+05:00  [ERR] Error: src/app/components/controls/group-info.component.ts:187:16 - error TS2551: Property 'isNewUser' does not exist on type 'GroupInfoComponent'. Did you mean 'newUser'?
 (3c240547)
2022-06-04T02:40:34.1372469+05:00  [ERR] 187       if (this.isNewUser) {
 (3fb62f19)
2022-06-04T02:40:34.1372573+05:00  [ERR]                    ~~~~~~~~~
 (b13d9aa8)
2022-06-04T02:40:34.1372720+05:00  [ERR]   src/app/components/controls/group-info.component.ts:324:3
 (9be0e013)
2022-06-04T02:40:34.1372831+05:00  [ERR]     324   newUser(allRoles: Role[]) {
 (cc9394ce)
2022-06-04T02:40:34.1372925+05:00  [ERR]           ~~~~~~~
 (92963eee)
2022-06-04T02:40:34.1373020+05:00  [ERR]     'newUser' is declared here.
 (4f6f27ca)
2022-06-04T02:40:34.1373201+05:00  [ERR] Error: src/app/components/controls/group-info.component.ts:223:29 - error TS2551: Property 'isNewUser' does not exist on type 'GroupInfoComponent'. Did you mean 'newUser'?
 (84629fbc)
2022-06-04T02:40:34.1373343+05:00  [ERR] 223     const rolesAdded = this.isNewUser ? editedUser.roles : editedUser.roles.filter(role => currentUser.roles.indexOf(role) === -1);
 (62faf904)
2022-06-04T02:40:34.1373453+05:00  [ERR]                                 ~~~~~~~~~
 (a0428995)
2022-06-04T02:40:34.1373590+05:00  [ERR]   src/app/components/controls/group-info.component.ts:324:3
 (9be0e013)
2022-06-04T02:40:34.1373702+05:00  [ERR]     324   newUser(allRoles: Role[]) {
 (cc9394ce)
2022-06-04T02:40:34.1373800+05:00  [ERR]           ~~~~~~~
 (92963eee)
2022-06-04T02:40:34.1373900+05:00  [ERR]     'newUser' is declared here.
 (4f6f27ca)
2022-06-04T02:40:34.1374068+05:00  [ERR] Error: src/app/components/controls/group-info.component.ts:224:31 - error TS2551: Property 'isNewUser' does not exist on type 'GroupInfoComponent'. Did you mean 'newUser'?
 (90733ff7)
2022-06-04T02:40:34.1376592+05:00  [ERR] 224     const rolesRemoved = this.isNewUser ? [] : currentUser.roles.filter(role => editedUser.roles.indexOf(role) === -1);
 (21706490)
2022-06-04T02:40:34.1376779+05:00  [ERR]                                   ~~~~~~~~~
 (481ab78d)
2022-06-04T02:40:34.1376995+05:00  [ERR]   src/app/components/controls/group-info.component.ts:324:3
 (9be0e013)
2022-06-04T02:40:34.1378154+05:00  [ERR]     324   newUser(allRoles: Role[]) {
 (cc9394ce)
2022-06-04T02:40:34.1378411+05:00  [ERR]           ~~~~~~~
 (92963eee)
2022-06-04T02:40:34.1378529+05:00  [ERR]     'newUser' is declared here.
 (4f6f27ca)
2022-06-04T02:40:34.1378713+05:00  [ERR] Error: src/app/components/controls/group-info.component.ts:326:10 - error TS2551: Property 'isNewUser' does not exist on type 'GroupInfoComponent'. Did you mean 'newUser'?
 (5b8c6a4e)
2022-06-04T02:40:34.1378826+05:00  [ERR] 326     this.isNewUser = true;
 (1ce9c050)
2022-06-04T02:40:34.1379368+05:00  [ERR]              ~~~~~~~~~
 (4730f1f1)
2022-06-04T02:40:34.1379532+05:00  [ERR]   src/app/components/controls/group-info.component.ts:324:3
 (9be0e013)
2022-06-04T02:40:34.1405645+05:00  [ERR]     324   newUser(allRoles: Role[]) {
 (cc9394ce)
2022-06-04T02:40:34.1406085+05:00  [ERR]           ~~~~~~~
 (92963eee)
2022-06-04T02:40:34.1406215+05:00  [ERR]     'newUser' is declared here.
 (4f6f27ca)
2022-06-04T02:40:34.1406403+05:00  [ERR] Error: src/app/components/controls/group-info.component.ts:339:12 - error TS2551: Property 'isNewUser' does not exist on type 'GroupInfoComponent'. Did you mean 'newUser'?
 (101e862e)
2022-06-04T02:40:34.1406505+05:00  [ERR] 339       this.isNewUser = false;
 (9501ac24)
2022-06-04T02:40:34.1406594+05:00  [ERR]                ~~~~~~~~~
 (0730bafa)
2022-06-04T02:40:34.1406721+05:00  [ERR]   src/app/components/controls/group-info.component.ts:324:3
 (9be0e013)
2022-06-04T02:40:34.1406828+05:00  [ERR]     324   newUser(allRoles: Role[]) {
 (cc9394ce)
2022-06-04T02:40:34.1406922+05:00  [ERR]           ~~~~~~~
 (92963eee)
2022-06-04T02:40:34.1407013+05:00  [ERR]     'newUser' is declared here.
 (4f6f27ca)
2022-06-04T02:42:21.0748517+05:00  [ERR] Error: src/app/components/controls/group-info.component.ts:187:16 - error TS2551: Property 'isNewUser' does not exist on type 'GroupInfoComponent'. Did you mean 'newUser'?
 (3c240547)
2022-06-04T02:42:21.0748856+05:00  [ERR] 187       if (this.isNewUser) {
 (3fb62f19)
2022-06-04T02:42:21.0748938+05:00  [ERR]                    ~~~~~~~~~
 (b13d9aa8)
2022-06-04T02:42:21.0749013+05:00  [ERR]   src/app/components/controls/group-info.component.ts:324:3
 (9be0e013)
2022-06-04T02:42:21.0749117+05:00  [ERR]     324   newUser(allRoles: Role[]) {
 (cc9394ce)
2022-06-04T02:42:21.0749186+05:00  [ERR]           ~~~~~~~
 (92963eee)
2022-06-04T02:42:21.0749278+05:00  [ERR]     'newUser' is declared here.
 (4f6f27ca)
2022-06-04T02:42:21.0749496+05:00  [ERR] Error: src/app/components/controls/group-info.component.ts:223:29 - error TS2551: Property 'isNewUser' does not exist on type 'GroupInfoComponent'. Did you mean 'newUser'?
 (84629fbc)
2022-06-04T02:42:21.0749601+05:00  [ERR] 223     const rolesAdded = this.isNewUser ? editedUser.roles : editedUser.roles.filter(role => currentUser.roles.indexOf(role) === -1);
 (62faf904)
2022-06-04T02:42:21.0749673+05:00  [ERR]                                 ~~~~~~~~~
 (a0428995)
2022-06-04T02:42:21.0749747+05:00  [ERR]   src/app/components/controls/group-info.component.ts:324:3
 (9be0e013)
2022-06-04T02:42:21.0749840+05:00  [ERR]     324   newUser(allRoles: Role[]) {
 (cc9394ce)
2022-06-04T02:42:21.0749903+05:00  [ERR]           ~~~~~~~
 (92963eee)
2022-06-04T02:42:21.0749968+05:00  [ERR]     'newUser' is declared here.
 (4f6f27ca)
2022-06-04T02:42:21.0750068+05:00  [ERR] Error: src/app/components/controls/group-info.component.ts:224:31 - error TS2551: Property 'isNewUser' does not exist on type 'GroupInfoComponent'. Did you mean 'newUser'?
 (90733ff7)
2022-06-04T02:42:21.0750289+05:00  [ERR] 224     const rolesRemoved = this.isNewUser ? [] : currentUser.roles.filter(role => editedUser.roles.indexOf(role) === -1);
 (21706490)
2022-06-04T02:42:21.0750425+05:00  [ERR]                                   ~~~~~~~~~
 (481ab78d)
2022-06-04T02:42:21.0750576+05:00  [ERR]   src/app/components/controls/group-info.component.ts:324:3
 (9be0e013)
2022-06-04T02:42:21.0750719+05:00  [ERR]     324   newUser(allRoles: Role[]) {
 (cc9394ce)
2022-06-04T02:42:21.0750794+05:00  [ERR]           ~~~~~~~
 (92963eee)
2022-06-04T02:42:21.0750861+05:00  [ERR]     'newUser' is declared here.
 (4f6f27ca)
2022-06-04T02:42:21.0750956+05:00  [ERR] Error: src/app/components/controls/group-info.component.ts:326:10 - error TS2551: Property 'isNewUser' does not exist on type 'GroupInfoComponent'. Did you mean 'newUser'?
 (5b8c6a4e)
2022-06-04T02:42:21.0751061+05:00  [ERR] 326     this.isNewUser = true;
 (1ce9c050)
2022-06-04T02:42:21.0751145+05:00  [ERR]              ~~~~~~~~~
 (4730f1f1)
2022-06-04T02:42:21.0751226+05:00  [ERR]   src/app/components/controls/group-info.component.ts:324:3
 (9be0e013)
2022-06-04T02:42:21.0751307+05:00  [ERR]     324   newUser(allRoles: Role[]) {
 (cc9394ce)
2022-06-04T02:42:21.0751399+05:00  [ERR]           ~~~~~~~
 (92963eee)
2022-06-04T02:42:21.0751471+05:00  [ERR]     'newUser' is declared here.
 (4f6f27ca)
2022-06-04T02:42:21.0751572+05:00  [ERR] Error: src/app/components/controls/group-info.component.ts:339:12 - error TS2551: Property 'isNewUser' does not exist on type 'GroupInfoComponent'. Did you mean 'newUser'?
 (101e862e)
2022-06-04T02:42:21.0751687+05:00  [ERR] 339       this.isNewUser = false;
 (9501ac24)
2022-06-04T02:42:21.0751781+05:00  [ERR]                ~~~~~~~~~
 (0730bafa)
2022-06-04T02:42:21.0751883+05:00  [ERR]   src/app/components/controls/group-info.component.ts:324:3
 (9be0e013)
2022-06-04T02:42:21.0751988+05:00  [ERR]     324   newUser(allRoles: Role[]) {
 (cc9394ce)
2022-06-04T02:42:21.0752267+05:00  [ERR]           ~~~~~~~
 (92963eee)
2022-06-04T02:42:21.0752375+05:00  [ERR]     'newUser' is declared here.
 (4f6f27ca)
2022-06-04T02:43:39.0059144+05:00  [ERR] Error: src/app/components/controls/group-info.component.ts:187:16 - error TS2551: Property 'isNewUser' does not exist on type 'GroupInfoComponent'. Did you mean 'newUser'?
 (3c240547)
2022-06-04T02:43:39.0059613+05:00  [ERR] 187       if (this.isNewUser) {
 (3fb62f19)
2022-06-04T02:43:39.0059721+05:00  [ERR]                    ~~~~~~~~~
 (b13d9aa8)
2022-06-04T02:43:39.0059840+05:00  [ERR]   src/app/components/controls/group-info.component.ts:324:3
 (9be0e013)
2022-06-04T02:43:39.0059965+05:00  [ERR]     324   newUser(allRoles: Role[]) {
 (cc9394ce)
2022-06-04T02:43:39.0060060+05:00  [ERR]           ~~~~~~~
 (92963eee)
2022-06-04T02:43:39.0060168+05:00  [ERR]     'newUser' is declared here.
 (4f6f27ca)
2022-06-04T02:43:39.0060318+05:00  [ERR] Error: src/app/components/controls/group-info.component.ts:223:29 - error TS2551: Property 'isNewUser' does not exist on type 'GroupInfoComponent'. Did you mean 'newUser'?
 (84629fbc)
2022-06-04T02:43:39.0060469+05:00  [ERR] 223     const rolesAdded = this.isNewUser ? editedUser.roles : editedUser.roles.filter(role => currentUser.roles.indexOf(role) === -1);
 (62faf904)
2022-06-04T02:43:39.0060639+05:00  [ERR]                                 ~~~~~~~~~
 (a0428995)
2022-06-04T02:43:39.0060747+05:00  [ERR]   src/app/components/controls/group-info.component.ts:324:3
 (9be0e013)
2022-06-04T02:43:39.0060886+05:00  [ERR]     324   newUser(allRoles: Role[]) {
 (cc9394ce)
2022-06-04T02:43:39.0060996+05:00  [ERR]           ~~~~~~~
 (92963eee)
2022-06-04T02:43:39.0061128+05:00  [ERR]     'newUser' is declared here.
 (4f6f27ca)
2022-06-04T02:43:39.0061295+05:00  [ERR] Error: src/app/components/controls/group-info.component.ts:224:31 - error TS2551: Property 'isNewUser' does not exist on type 'GroupInfoComponent'. Did you mean 'newUser'?
 (90733ff7)
2022-06-04T02:43:39.0061448+05:00  [ERR] 224     const rolesRemoved = this.isNewUser ? [] : currentUser.roles.filter(role => editedUser.roles.indexOf(role) === -1);
 (21706490)
2022-06-04T02:43:39.0061625+05:00  [ERR]                                   ~~~~~~~~~
 (481ab78d)
2022-06-04T02:43:39.0061759+05:00  [ERR]   src/app/components/controls/group-info.component.ts:324:3
 (9be0e013)
2022-06-04T02:43:39.0061884+05:00  [ERR]     324   newUser(allRoles: Role[]) {
 (cc9394ce)
2022-06-04T02:43:39.0062001+05:00  [ERR]           ~~~~~~~
 (92963eee)
2022-06-04T02:43:39.0062138+05:00  [ERR]     'newUser' is declared here.
 (4f6f27ca)
2022-06-04T02:43:39.0062316+05:00  [ERR] Error: src/app/components/controls/group-info.component.ts:326:10 - error TS2551: Property 'isNewUser' does not exist on type 'GroupInfoComponent'. Did you mean 'newUser'?
 (5b8c6a4e)
2022-06-04T02:43:39.0062936+05:00  [ERR] 326     this.isNewUser = true;
 (1ce9c050)
2022-06-04T02:43:39.0063074+05:00  [ERR]              ~~~~~~~~~
 (4730f1f1)
2022-06-04T02:43:39.0063238+05:00  [ERR]   src/app/components/controls/group-info.component.ts:324:3
 (9be0e013)
2022-06-04T02:43:39.0063367+05:00  [ERR]     324   newUser(allRoles: Role[]) {
 (cc9394ce)
2022-06-04T02:43:39.0063470+05:00  [ERR]           ~~~~~~~
 (92963eee)
2022-06-04T02:43:39.0063591+05:00  [ERR]     'newUser' is declared here.
 (4f6f27ca)
2022-06-04T02:43:39.0063784+05:00  [ERR] Error: src/app/components/controls/group-info.component.ts:339:12 - error TS2551: Property 'isNewUser' does not exist on type 'GroupInfoComponent'. Did you mean 'newUser'?
 (101e862e)
2022-06-04T02:43:39.0063915+05:00  [ERR] 339       this.isNewUser = false;
 (9501ac24)
2022-06-04T02:43:39.0064041+05:00  [ERR]                ~~~~~~~~~
 (0730bafa)
2022-06-04T02:43:39.0064192+05:00  [ERR]   src/app/components/controls/group-info.component.ts:324:3
 (9be0e013)
2022-06-04T02:43:39.0064366+05:00  [ERR]     324   newUser(allRoles: Role[]) {
 (cc9394ce)
2022-06-04T02:43:39.0064499+05:00  [ERR]           ~~~~~~~
 (92963eee)
2022-06-04T02:43:39.0064606+05:00  [ERR]     'newUser' is declared here.
 (4f6f27ca)
2022-06-04T02:44:24.7286211+05:00  [ERR] Error: src/app/components/controls/group-info.component.ts:223:29 - error TS2551: Property 'isNewUser' does not exist on type 'GroupInfoComponent'. Did you mean 'newUser'?
 (84629fbc)
2022-06-04T02:44:24.7286576+05:00  [ERR] 223     const rolesAdded = this.isNewUser ? editedUser.roles : editedUser.roles.filter(role => currentUser.roles.indexOf(role) === -1);
 (62faf904)
2022-06-04T02:44:24.7286700+05:00  [ERR]                                 ~~~~~~~~~
 (a0428995)
2022-06-04T02:44:24.7286894+05:00  [ERR]   src/app/components/controls/group-info.component.ts:324:3
 (9be0e013)
2022-06-04T02:44:24.7287038+05:00  [ERR]     324   newUser(allRoles: Role[]) {
 (cc9394ce)
2022-06-04T02:44:24.7287114+05:00  [ERR]           ~~~~~~~
 (92963eee)
2022-06-04T02:44:24.7287184+05:00  [ERR]     'newUser' is declared here.
 (4f6f27ca)
2022-06-04T02:44:24.7287310+05:00  [ERR] Error: src/app/components/controls/group-info.component.ts:224:31 - error TS2551: Property 'isNewUser' does not exist on type 'GroupInfoComponent'. Did you mean 'newUser'?
 (90733ff7)
2022-06-04T02:44:24.7287403+05:00  [ERR] 224     const rolesRemoved = this.isNewUser ? [] : currentUser.roles.filter(role => editedUser.roles.indexOf(role) === -1);
 (21706490)
2022-06-04T02:44:24.7287478+05:00  [ERR]                                   ~~~~~~~~~
 (481ab78d)
2022-06-04T02:44:24.7287580+05:00  [ERR]   src/app/components/controls/group-info.component.ts:324:3
 (9be0e013)
2022-06-04T02:44:24.7287661+05:00  [ERR]     324   newUser(allRoles: Role[]) {
 (cc9394ce)
2022-06-04T02:44:24.7287727+05:00  [ERR]           ~~~~~~~
 (92963eee)
2022-06-04T02:44:24.7287793+05:00  [ERR]     'newUser' is declared here.
 (4f6f27ca)
2022-06-04T02:44:24.7287918+05:00  [ERR] Error: src/app/components/controls/group-info.component.ts:326:10 - error TS2551: Property 'isNewUser' does not exist on type 'GroupInfoComponent'. Did you mean 'newUser'?
 (5b8c6a4e)
2022-06-04T02:44:24.7287997+05:00  [ERR] 326     this.isNewUser = true;
 (1ce9c050)
2022-06-04T02:44:24.7288079+05:00  [ERR]              ~~~~~~~~~
 (4730f1f1)
2022-06-04T02:44:24.7288158+05:00  [ERR]   src/app/components/controls/group-info.component.ts:324:3
 (9be0e013)
2022-06-04T02:44:24.7288259+05:00  [ERR]     324   newUser(allRoles: Role[]) {
 (cc9394ce)
2022-06-04T02:44:24.7288325+05:00  [ERR]           ~~~~~~~
 (92963eee)
2022-06-04T02:44:24.7288395+05:00  [ERR]     'newUser' is declared here.
 (4f6f27ca)
2022-06-04T02:44:24.7288495+05:00  [ERR] Error: src/app/components/controls/group-info.component.ts:339:12 - error TS2551: Property 'isNewUser' does not exist on type 'GroupInfoComponent'. Did you mean 'newUser'?
 (101e862e)
2022-06-04T02:44:24.7301371+05:00  [ERR] 339       this.isNewUser = false;
 (9501ac24)
2022-06-04T02:44:24.7301582+05:00  [ERR]                ~~~~~~~~~
 (0730bafa)
2022-06-04T02:44:24.7301677+05:00  [ERR]   src/app/components/controls/group-info.component.ts:324:3
 (9be0e013)
2022-06-04T02:44:24.7301795+05:00  [ERR]     324   newUser(allRoles: Role[]) {
 (cc9394ce)
2022-06-04T02:44:24.7301934+05:00  [ERR]           ~~~~~~~
 (92963eee)
2022-06-04T02:44:24.7302034+05:00  [ERR]     'newUser' is declared here.
 (4f6f27ca)
2022-06-04T02:46:09.3062332+05:00  [ERR] Error: src/app/components/controls/group-info.component.ts:326:10 - error TS2551: Property 'isNewUser' does not exist on type 'GroupInfoComponent'. Did you mean 'newUser'?
 (5b8c6a4e)
2022-06-04T02:46:09.3062710+05:00  [ERR] 326     this.isNewUser = true;
 (1ce9c050)
2022-06-04T02:46:09.3062779+05:00  [ERR]              ~~~~~~~~~
 (4730f1f1)
2022-06-04T02:46:09.3062899+05:00  [ERR]   src/app/components/controls/group-info.component.ts:324:3
 (9be0e013)
2022-06-04T02:46:09.3063019+05:00  [ERR]     324   newUser(allRoles: Role[]) {
 (cc9394ce)
2022-06-04T02:46:09.3063094+05:00  [ERR]           ~~~~~~~
 (92963eee)
2022-06-04T02:46:09.3063148+05:00  [ERR]     'newUser' is declared here.
 (4f6f27ca)
2022-06-04T02:46:09.3063250+05:00  [ERR] Error: src/app/components/controls/group-info.component.ts:339:12 - error TS2551: Property 'isNewUser' does not exist on type 'GroupInfoComponent'. Did you mean 'newUser'?
 (101e862e)
2022-06-04T02:46:09.3063312+05:00  [ERR] 339       this.isNewUser = false;
 (9501ac24)
2022-06-04T02:46:09.3063365+05:00  [ERR]                ~~~~~~~~~
 (0730bafa)
2022-06-04T02:46:09.3063574+05:00  [ERR]   src/app/components/controls/group-info.component.ts:324:3
 (9be0e013)
2022-06-04T02:46:09.3063706+05:00  [ERR]     324   newUser(allRoles: Role[]) {
 (cc9394ce)
2022-06-04T02:46:09.3063788+05:00  [ERR]           ~~~~~~~
 (92963eee)
2022-06-04T02:46:09.3063877+05:00  [ERR]     'newUser' is declared here.
 (4f6f27ca)
2022-06-04T02:49:51.4110073+05:00 8000010a-0001-fb00-b63f-84710c7967bb [INF] "Bearer" was not authenticated. Failure message: "IDX10223: Lifetime validation failed. The token is expired. ValidTo: '[PII is hidden. For more details, see https://aka.ms/IdentityModel/PII.]', Current time: '[PII is hidden. For more details, see https://aka.ms/IdentityModel/PII.]'." (48071232)
2022-06-04T02:49:51.4113007+05:00 8000010a-0001-fb00-b63f-84710c7967bb [INF] AuthenticationScheme: "Bearer" was challenged. (d45f1f38)
2022-06-04T02:49:51.4840377+05:00 8000003a-0000-f200-b63f-84710c7967bb [INF] "Bearer" was not authenticated. Failure message: "IDX10223: Lifetime validation failed. The token is expired. ValidTo: '[PII is hidden. For more details, see https://aka.ms/IdentityModel/PII.]', Current time: '[PII is hidden. For more details, see https://aka.ms/IdentityModel/PII.]'." (48071232)
2022-06-04T02:49:51.4842458+05:00 8000003a-0000-f200-b63f-84710c7967bb [INF] AuthenticationScheme: "Bearer" was challenged. (d45f1f38)
2022-06-04T02:49:54.7087850+05:00 800002bf-0002-f300-b63f-84710c7967bb [INF] Invoking IdentityServer endpoint: "IdentityServer4.Endpoints.DiscoveryEndpoint" for "/.well-known/openid-configuration" (f7642de5)
2022-06-04T02:50:08.2338280+05:00 8000028e-0003-f800-b63f-84710c7967bb [INF] Invoking IdentityServer endpoint: "IdentityServer4.Endpoints.DiscoveryKeyEndpoint" for "/.well-known/openid-configuration/jwks" (f7642de5)
2022-06-04T02:50:08.9641892+05:00 8000010c-0001-fb00-b63f-84710c7967bb [INF] Invoking IdentityServer endpoint: "IdentityServer4.Endpoints.TokenEndpoint" for "/connect/token" (f7642de5)
2022-06-04T02:50:08.9646681+05:00 8000010c-0001-fb00-b63f-84710c7967bb [WRN] Invalid refresh token (831190ec)
2022-06-04T02:50:08.9648579+05:00 8000010c-0001-fb00-b63f-84710c7967bb [WRN] Refresh token validation failed. aborting, TokenRequestValidationLog { ClientId: "quickapp_spa", ClientName: null, GrantType: "refresh_token", Scopes: null, AuthorizationCode: "********", RefreshToken: "********", UserName: null, AuthenticationContextReferenceClasses: null, Tenant: null, IdP: null, Raw: [("refresh_token": "***REDACTED***"), ("client_id": "quickapp_spa"), ("grant_type": "refresh_token")] } (2c8ee86e)
2022-06-04T02:57:15.1551525+05:00 800002c1-0002-f300-b63f-84710c7967bb [INF] Invoking IdentityServer endpoint: "IdentityServer4.Endpoints.DiscoveryEndpoint" for "/.well-known/openid-configuration" (f7642de5)
2022-06-04T02:57:15.2057029+05:00 800002d8-0000-fd00-b63f-84710c7967bb [INF] Invoking IdentityServer endpoint: "IdentityServer4.Endpoints.DiscoveryKeyEndpoint" for "/.well-known/openid-configuration/jwks" (f7642de5)
2022-06-04T02:57:15.2590026+05:00 800002c3-0002-f300-b63f-84710c7967bb [INF] Invoking IdentityServer endpoint: "IdentityServer4.Endpoints.TokenEndpoint" for "/connect/token" (f7642de5)
2022-06-04T02:57:15.3314581+05:00 800002c3-0002-f300-b63f-84710c7967bb [INF] Credentials validated for username: "admin" (cb811aa7)
2022-06-04T02:57:15.3321578+05:00 800002c3-0002-f300-b63f-84710c7967bb [INF] Token request validation success, TokenRequestValidationLog { ClientId: "quickapp_spa", ClientName: null, GrantType: "password", Scopes: "email offline_access openid phone profile quickapp_api roles", AuthorizationCode: "********", RefreshToken: "********", UserName: "admin", AuthenticationContextReferenceClasses: null, Tenant: null, IdP: null, Raw: [("username": "admin"), ("password": "***REDACTED***"), ("client_id": "quickapp_spa"), ("grant_type": "password"), ("scope": "openid email phone profile offline_access roles quickapp_api")] } (3a073258)
2022-06-04T03:42:12.4664260+05:00 80000271-0000-f800-b63f-84710c7967bb [INF] "Bearer" was not authenticated. Failure message: "IDX10223: Lifetime validation failed. The token is expired. ValidTo: '[PII is hidden. For more details, see https://aka.ms/IdentityModel/PII.]', Current time: '[PII is hidden. For more details, see https://aka.ms/IdentityModel/PII.]'." (48071232)
2022-06-04T03:42:12.4676614+05:00 80000271-0000-f800-b63f-84710c7967bb [INF] AuthenticationScheme: "Bearer" was challenged. (d45f1f38)
2022-06-04T03:42:12.4685374+05:00 8000011a-0001-fb00-b63f-84710c7967bb [INF] "Bearer" was not authenticated. Failure message: "IDX10223: Lifetime validation failed. The token is expired. ValidTo: '[PII is hidden. For more details, see https://aka.ms/IdentityModel/PII.]', Current time: '[PII is hidden. For more details, see https://aka.ms/IdentityModel/PII.]'." (48071232)
2022-06-04T03:42:12.4688213+05:00 8000011a-0001-fb00-b63f-84710c7967bb [INF] AuthenticationScheme: "Bearer" was challenged. (d45f1f38)
2022-06-04T03:42:12.8247348+05:00 8000048b-0002-fd00-b63f-84710c7967bb [WRN] CorsPolicyService did not allow origin: "http://localhost:4200" (f5320bfb)
2022-06-04T03:42:12.8253526+05:00 8000048b-0002-fd00-b63f-84710c7967bb [INF] Invoking IdentityServer endpoint: "IdentityServer4.Endpoints.DiscoveryEndpoint" for "/.well-known/openid-configuration" (f7642de5)
2022-06-04T03:42:13.7965830+05:00 80000299-0003-f800-b63f-84710c7967bb [WRN] CorsPolicyService did not allow origin: "http://localhost:4200" (f5320bfb)
2022-06-04T03:42:13.7969652+05:00 80000299-0003-f800-b63f-84710c7967bb [INF] Invoking IdentityServer endpoint: "IdentityServer4.Endpoints.DiscoveryKeyEndpoint" for "/.well-known/openid-configuration/jwks" (f7642de5)
2022-06-04T03:42:13.8343871+05:00 80000273-0000-f800-b63f-84710c7967bb [WRN] CorsPolicyService did not allow origin: "http://localhost:4200" (f5320bfb)
2022-06-04T03:42:13.8349482+05:00 80000273-0000-f800-b63f-84710c7967bb [INF] Invoking IdentityServer endpoint: "IdentityServer4.Endpoints.TokenEndpoint" for "/connect/token" (f7642de5)
2022-06-04T03:42:13.8916831+05:00 80000273-0000-f800-b63f-84710c7967bb [INF] Token request validation success, TokenRequestValidationLog { ClientId: "quickapp_spa", ClientName: null, GrantType: "refresh_token", Scopes: null, AuthorizationCode: "********", RefreshToken: "****3215", UserName: null, AuthenticationContextReferenceClasses: null, Tenant: null, IdP: null, Raw: [("refresh_token": "***REDACTED***"), ("client_id": "quickapp_spa"), ("grant_type": "refresh_token")] } (3a073258)
2022-06-04T13:10:16.0686428+05:00 800004aa-0002-fd00-b63f-84710c7967bb [INF] "Bearer" was not authenticated. Failure message: "IDX10223: Lifetime validation failed. The token is expired. ValidTo: '[PII is hidden. For more details, see https://aka.ms/IdentityModel/PII.]', Current time: '[PII is hidden. For more details, see https://aka.ms/IdentityModel/PII.]'." (48071232)
2022-06-04T13:10:16.0687454+05:00 800005c2-0002-f700-b63f-84710c7967bb [INF] "Bearer" was not authenticated. Failure message: "IDX10223: Lifetime validation failed. The token is expired. ValidTo: '[PII is hidden. For more details, see https://aka.ms/IdentityModel/PII.]', Current time: '[PII is hidden. For more details, see https://aka.ms/IdentityModel/PII.]'." (48071232)
2022-06-04T13:10:16.0688780+05:00 800005c2-0002-f700-b63f-84710c7967bb [INF] AuthenticationScheme: "Bearer" was challenged. (d45f1f38)
2022-06-04T13:10:16.0688780+05:00 800004aa-0002-fd00-b63f-84710c7967bb [INF] AuthenticationScheme: "Bearer" was challenged. (d45f1f38)
2022-06-04T13:10:16.3196491+05:00 800002eb-0001-d700-b63f-84710c7967bb [WRN] CorsPolicyService did not allow origin: "http://localhost:4200" (f5320bfb)
2022-06-04T13:10:16.3200744+05:00 800002eb-0001-d700-b63f-84710c7967bb [INF] Invoking IdentityServer endpoint: "IdentityServer4.Endpoints.DiscoveryEndpoint" for "/.well-known/openid-configuration" (f7642de5)
2022-06-04T13:10:16.9173403+05:00 800002ad-0000-f800-b63f-84710c7967bb [WRN] CorsPolicyService did not allow origin: "http://localhost:4200" (f5320bfb)
2022-06-04T13:10:16.9176910+05:00 800002ad-0000-f800-b63f-84710c7967bb [INF] Invoking IdentityServer endpoint: "IdentityServer4.Endpoints.DiscoveryKeyEndpoint" for "/.well-known/openid-configuration/jwks" (f7642de5)
2022-06-04T13:10:17.0049398+05:00 80000163-0001-fb00-b63f-84710c7967bb [WRN] CorsPolicyService did not allow origin: "http://localhost:4200" (f5320bfb)
2022-06-04T13:10:17.0053424+05:00 80000163-0001-fb00-b63f-84710c7967bb [INF] Invoking IdentityServer endpoint: "IdentityServer4.Endpoints.TokenEndpoint" for "/connect/token" (f7642de5)
2022-06-04T13:10:17.0575373+05:00 80000163-0001-fb00-b63f-84710c7967bb [INF] Token request validation success, TokenRequestValidationLog { ClientId: "quickapp_spa", ClientName: null, GrantType: "refresh_token", Scopes: null, AuthorizationCode: "********", RefreshToken: "****DC37", UserName: null, AuthenticationContextReferenceClasses: null, Tenant: null, IdP: null, Raw: [("refresh_token": "***REDACTED***"), ("client_id": "quickapp_spa"), ("grant_type": "refresh_token")] } (3a073258)
2022-06-04T14:00:58.3501102+05:00 800002fb-0001-d700-b63f-84710c7967bb [INF] "Bearer" was not authenticated. Failure message: "IDX10223: Lifetime validation failed. The token is expired. ValidTo: '[PII is hidden. For more details, see https://aka.ms/IdentityModel/PII.]', Current time: '[PII is hidden. For more details, see https://aka.ms/IdentityModel/PII.]'." (48071232)
2022-06-04T14:00:58.3502951+05:00 800002fb-0001-d700-b63f-84710c7967bb [INF] AuthenticationScheme: "Bearer" was challenged. (d45f1f38)
2022-06-04T14:00:58.3551564+05:00 80000165-0001-fb00-b63f-84710c7967bb [INF] "Bearer" was not authenticated. Failure message: "IDX10223: Lifetime validation failed. The token is expired. ValidTo: '[PII is hidden. For more details, see https://aka.ms/IdentityModel/PII.]', Current time: '[PII is hidden. For more details, see https://aka.ms/IdentityModel/PII.]'." (48071232)
2022-06-04T14:00:58.3553512+05:00 80000165-0001-fb00-b63f-84710c7967bb [INF] AuthenticationScheme: "Bearer" was challenged. (d45f1f38)
2022-06-04T14:00:58.4519215+05:00 80000334-0000-fd00-b63f-84710c7967bb [INF] Invoking IdentityServer endpoint: "IdentityServer4.Endpoints.DiscoveryEndpoint" for "/.well-known/openid-configuration" (f7642de5)
2022-06-04T14:00:58.7517671+05:00 80000167-0001-fb00-b63f-84710c7967bb [INF] Invoking IdentityServer endpoint: "IdentityServer4.Endpoints.DiscoveryKeyEndpoint" for "/.well-known/openid-configuration/jwks" (f7642de5)
2022-06-04T14:00:58.8150923+05:00 800002f4-0003-f800-b63f-84710c7967bb [INF] Invoking IdentityServer endpoint: "IdentityServer4.Endpoints.TokenEndpoint" for "/connect/token" (f7642de5)
2022-06-04T14:00:58.8250256+05:00 800002f4-0003-f800-b63f-84710c7967bb [INF] Token request validation success, TokenRequestValidationLog { ClientId: "quickapp_spa", ClientName: null, GrantType: "refresh_token", Scopes: null, AuthorizationCode: "********", RefreshToken: "****8ED5", UserName: null, AuthenticationContextReferenceClasses: null, Tenant: null, IdP: null, Raw: [("refresh_token": "***REDACTED***"), ("client_id": "quickapp_spa"), ("grant_type": "refresh_token")] } (3a073258)
2022-06-04T14:30:46.3245934+05:00 80000111-0003-fa00-b63f-84710c7967bb [WRN] CorsPolicyService did not allow origin: "http://localhost:4200" (f5320bfb)
2022-06-04T14:30:46.3251805+05:00 80000111-0003-fa00-b63f-84710c7967bb [INF] Invoking IdentityServer endpoint: "IdentityServer4.Endpoints.DiscoveryEndpoint" for "/.well-known/openid-configuration" (f7642de5)
2022-06-04T14:30:46.6962581+05:00 80000355-0000-fd00-b63f-84710c7967bb [WRN] CorsPolicyService did not allow origin: "http://localhost:4200" (f5320bfb)
2022-06-04T14:30:46.6967039+05:00 80000355-0000-fd00-b63f-84710c7967bb [INF] Invoking IdentityServer endpoint: "IdentityServer4.Endpoints.DiscoveryKeyEndpoint" for "/.well-known/openid-configuration/jwks" (f7642de5)
2022-06-04T14:30:46.7054031+05:00 80000113-0003-fa00-b63f-84710c7967bb [WRN] CorsPolicyService did not allow origin: "http://localhost:4200" (f5320bfb)
2022-06-04T14:30:46.7058058+05:00 80000113-0003-fa00-b63f-84710c7967bb [INF] Invoking IdentityServer endpoint: "IdentityServer4.Endpoints.TokenEndpoint" for "/connect/token" (f7642de5)
2022-06-04T14:30:46.7530123+05:00 80000113-0003-fa00-b63f-84710c7967bb [INF] Credentials validated for username: "admin" (cb811aa7)
2022-06-04T14:30:46.7535782+05:00 80000113-0003-fa00-b63f-84710c7967bb [INF] Token request validation success, TokenRequestValidationLog { ClientId: "quickapp_spa", ClientName: null, GrantType: "password", Scopes: "email offline_access openid phone profile quickapp_api roles", AuthorizationCode: "********", RefreshToken: "********", UserName: "admin", AuthenticationContextReferenceClasses: null, Tenant: null, IdP: null, Raw: [("username": "admin"), ("password": "***REDACTED***"), ("client_id": "quickapp_spa"), ("grant_type": "password"), ("scope": "openid email phone profile offline_access roles quickapp_api")] } (3a073258)
2022-06-04T14:32:59.7873635+05:00 8000014a-0001-d900-b63f-84710c7967bb [INF] "Bearer" was not authenticated. Failure message: "IDX10223: Lifetime validation failed. The token is expired. ValidTo: '[PII is hidden. For more details, see https://aka.ms/IdentityModel/PII.]', Current time: '[PII is hidden. For more details, see https://aka.ms/IdentityModel/PII.]'." (48071232)
2022-06-04T14:32:59.7875608+05:00 800002ed-0002-f300-b63f-84710c7967bb [INF] "Bearer" was not authenticated. Failure message: "IDX10223: Lifetime validation failed. The token is expired. ValidTo: '[PII is hidden. For more details, see https://aka.ms/IdentityModel/PII.]', Current time: '[PII is hidden. For more details, see https://aka.ms/IdentityModel/PII.]'." (48071232)
2022-06-04T14:32:59.7876417+05:00 8000014a-0001-d900-b63f-84710c7967bb [INF] AuthenticationScheme: "Bearer" was challenged. (d45f1f38)
2022-06-04T14:32:59.7877214+05:00 800002ed-0002-f300-b63f-84710c7967bb [INF] AuthenticationScheme: "Bearer" was challenged. (d45f1f38)
2022-06-04T14:32:59.9493216+05:00 800004cd-0002-fd00-b63f-84710c7967bb [WRN] CorsPolicyService did not allow origin: "http://localhost:4200" (f5320bfb)
2022-06-04T14:32:59.9496979+05:00 800004cd-0002-fd00-b63f-84710c7967bb [INF] Invoking IdentityServer endpoint: "IdentityServer4.Endpoints.DiscoveryEndpoint" for "/.well-known/openid-configuration" (f7642de5)
2022-06-04T14:32:59.9876339+05:00 8000014c-0001-d900-b63f-84710c7967bb [WRN] CorsPolicyService did not allow origin: "http://localhost:4200" (f5320bfb)
2022-06-04T14:32:59.9880902+05:00 8000014c-0001-d900-b63f-84710c7967bb [INF] Invoking IdentityServer endpoint: "IdentityServer4.Endpoints.DiscoveryKeyEndpoint" for "/.well-known/openid-configuration/jwks" (f7642de5)
2022-06-04T14:33:00.0643024+05:00 800001d7-0003-fe00-b63f-84710c7967bb [WRN] CorsPolicyService did not allow origin: "http://localhost:4200" (f5320bfb)
2022-06-04T14:33:00.0647842+05:00 800001d7-0003-fe00-b63f-84710c7967bb [INF] Invoking IdentityServer endpoint: "IdentityServer4.Endpoints.TokenEndpoint" for "/connect/token" (f7642de5)
2022-06-04T14:33:00.0939848+05:00 800001d7-0003-fe00-b63f-84710c7967bb [INF] Token request validation success, TokenRequestValidationLog { ClientId: "quickapp_spa", ClientName: null, GrantType: "refresh_token", Scopes: null, AuthorizationCode: "********", RefreshToken: "****9A4A", UserName: null, AuthenticationContextReferenceClasses: null, Tenant: null, IdP: null, Raw: [("refresh_token": "***REDACTED***"), ("client_id": "quickapp_spa"), ("grant_type": "refresh_token")] } (3a073258)
2022-06-04T14:54:37.4249818+05:00  [ERR] Error: src/app/components/controls/user-info.component.ts:324:19 - error TS2339: Property 'i' does not exist on type 'UserEdit'.
 (eacd1b3a)
2022-06-04T14:54:37.4250168+05:00  [ERR] 324     this.userEdit.i = true;
 (07e044da)
2022-06-04T14:54:37.4250245+05:00  [ERR]                       ~
 (1fc85b70)
2022-06-04T15:26:33.0109879+05:00 80000132-0003-fa00-b63f-84710c7967bb [INF] "Bearer" was not authenticated. Failure message: "IDX10223: Lifetime validation failed. The token is expired. ValidTo: '[PII is hidden. For more details, see https://aka.ms/IdentityModel/PII.]', Current time: '[PII is hidden. For more details, see https://aka.ms/IdentityModel/PII.]'." (48071232)
2022-06-04T15:26:33.0116006+05:00 80000132-0003-fa00-b63f-84710c7967bb [INF] AuthenticationScheme: "Bearer" was challenged. (d45f1f38)
2022-06-04T15:26:33.0116083+05:00 8000017b-0001-d900-b63f-84710c7967bb [INF] "Bearer" was not authenticated. Failure message: "IDX10223: Lifetime validation failed. The token is expired. ValidTo: '[PII is hidden. For more details, see https://aka.ms/IdentityModel/PII.]', Current time: '[PII is hidden. For more details, see https://aka.ms/IdentityModel/PII.]'." (48071232)
2022-06-04T15:26:33.0118129+05:00 8000017b-0001-d900-b63f-84710c7967bb [INF] AuthenticationScheme: "Bearer" was challenged. (d45f1f38)
2022-06-04T15:26:33.0801249+05:00 80000371-0000-fd00-b63f-84710c7967bb [INF] Invoking IdentityServer endpoint: "IdentityServer4.Endpoints.DiscoveryEndpoint" for "/.well-known/openid-configuration" (f7642de5)
2022-06-04T15:26:33.3306722+05:00 800004e8-0002-fd00-b63f-84710c7967bb [INF] Invoking IdentityServer endpoint: "IdentityServer4.Endpoints.DiscoveryKeyEndpoint" for "/.well-known/openid-configuration/jwks" (f7642de5)
2022-06-04T15:26:33.4153343+05:00 8000017d-0001-d900-b63f-84710c7967bb [INF] Invoking IdentityServer endpoint: "IdentityServer4.Endpoints.TokenEndpoint" for "/connect/token" (f7642de5)
2022-06-04T15:26:33.4242432+05:00 8000017d-0001-d900-b63f-84710c7967bb [INF] Token request validation success, TokenRequestValidationLog { ClientId: "quickapp_spa", ClientName: null, GrantType: "refresh_token", Scopes: null, AuthorizationCode: "********", RefreshToken: "****6148", UserName: null, AuthenticationContextReferenceClasses: null, Tenant: null, IdP: null, Raw: [("refresh_token": "***REDACTED***"), ("client_id": "quickapp_spa"), ("grant_type": "refresh_token")] } (3a073258)
2022-06-04T15:59:49.5509764+05:00 80000134-0003-fa00-b63f-84710c7967bb [INF] "Bearer" was not authenticated. Failure message: "IDX10223: Lifetime validation failed. The token is expired. ValidTo: '[PII is hidden. For more details, see https://aka.ms/IdentityModel/PII.]', Current time: '[PII is hidden. For more details, see https://aka.ms/IdentityModel/PII.]'." (48071232)
2022-06-04T15:59:49.5518803+05:00 800001ed-0003-fe00-b63f-84710c7967bb [INF] "Bearer" was not authenticated. Failure message: "IDX10223: Lifetime validation failed. The token is expired. ValidTo: '[PII is hidden. For more details, see https://aka.ms/IdentityModel/PII.]', Current time: '[PII is hidden. For more details, see https://aka.ms/IdentityModel/PII.]'." (48071232)
2022-06-04T15:59:49.5522899+05:00 80000134-0003-fa00-b63f-84710c7967bb [INF] AuthenticationScheme: "Bearer" was challenged. (d45f1f38)
2022-06-04T15:59:49.5522899+05:00 800001ed-0003-fe00-b63f-84710c7967bb [INF] AuthenticationScheme: "Bearer" was challenged. (d45f1f38)
2022-06-04T15:59:49.6457717+05:00 8000028e-0000-f700-b63f-84710c7967bb [WRN] CorsPolicyService did not allow origin: "http://localhost:4200" (f5320bfb)
2022-06-04T15:59:49.6468455+05:00 8000028e-0000-f700-b63f-84710c7967bb [INF] Invoking IdentityServer endpoint: "IdentityServer4.Endpoints.DiscoveryEndpoint" for "/.well-known/openid-configuration" (f7642de5)
2022-06-04T15:59:49.6757540+05:00 80000290-0000-f700-b63f-84710c7967bb [WRN] CorsPolicyService did not allow origin: "http://localhost:4200" (f5320bfb)
2022-06-04T15:59:49.6760621+05:00 80000290-0000-f700-b63f-84710c7967bb [INF] Invoking IdentityServer endpoint: "IdentityServer4.Endpoints.DiscoveryKeyEndpoint" for "/.well-known/openid-configuration/jwks" (f7642de5)
2022-06-04T15:59:49.7037986+05:00 800001cf-0001-fb00-b63f-84710c7967bb [INF] "Bearer" was not authenticated. Failure message: "IDX10223: Lifetime validation failed. The token is expired. ValidTo: '[PII is hidden. For more details, see https://aka.ms/IdentityModel/PII.]', Current time: '[PII is hidden. For more details, see https://aka.ms/IdentityModel/PII.]'." (48071232)
2022-06-04T15:59:49.7038626+05:00 80000319-0001-d700-b63f-84710c7967bb [INF] "Bearer" was not authenticated. Failure message: "IDX10223: Lifetime validation failed. The token is expired. ValidTo: '[PII is hidden. For more details, see https://aka.ms/IdentityModel/PII.]', Current time: '[PII is hidden. For more details, see https://aka.ms/IdentityModel/PII.]'." (48071232)
2022-06-04T15:59:49.7042095+05:00 80000319-0001-d700-b63f-84710c7967bb [INF] AuthenticationScheme: "Bearer" was challenged. (d45f1f38)
2022-06-04T15:59:49.7042505+05:00 800001cf-0001-fb00-b63f-84710c7967bb [INF] AuthenticationScheme: "Bearer" was challenged. (d45f1f38)
2022-06-04T15:59:49.7489360+05:00 80000313-0002-f300-b63f-84710c7967bb [WRN] CorsPolicyService did not allow origin: "http://localhost:4200" (f5320bfb)
2022-06-04T15:59:49.7492802+05:00 80000313-0002-f300-b63f-84710c7967bb [INF] Invoking IdentityServer endpoint: "IdentityServer4.Endpoints.TokenEndpoint" for "/connect/token" (f7642de5)
2022-06-04T15:59:49.7597846+05:00 80000313-0002-f300-b63f-84710c7967bb [INF] Token request validation success, TokenRequestValidationLog { ClientId: "quickapp_spa", ClientName: null, GrantType: "refresh_token", Scopes: null, AuthorizationCode: "********", RefreshToken: "****74C0", UserName: null, AuthenticationContextReferenceClasses: null, Tenant: null, IdP: null, Raw: [("refresh_token": "***REDACTED***"), ("client_id": "quickapp_spa"), ("grant_type": "refresh_token")] } (3a073258)
2022-06-04T15:59:50.0718866+05:00 8000031d-0001-d700-b63f-84710c7967bb [WRN] CorsPolicyService did not allow origin: "http://localhost:4200" (f5320bfb)
2022-06-04T15:59:50.0722966+05:00 8000031d-0001-d700-b63f-84710c7967bb [INF] Invoking IdentityServer endpoint: "IdentityServer4.Endpoints.DiscoveryEndpoint" for "/.well-known/openid-configuration" (f7642de5)
2022-06-04T15:59:50.1955185+05:00 800001f1-0003-fe00-b63f-84710c7967bb [WRN] CorsPolicyService did not allow origin: "http://localhost:4200" (f5320bfb)
2022-06-04T15:59:50.1967710+05:00 800001f1-0003-fe00-b63f-84710c7967bb [INF] Invoking IdentityServer endpoint: "IdentityServer4.Endpoints.DiscoveryKeyEndpoint" for "/.well-known/openid-configuration/jwks" (f7642de5)
2022-06-04T15:59:50.3028010+05:00 80000292-0000-f700-b63f-84710c7967bb [WRN] CorsPolicyService did not allow origin: "http://localhost:4200" (f5320bfb)
2022-06-04T15:59:50.3032342+05:00 80000292-0000-f700-b63f-84710c7967bb [INF] Invoking IdentityServer endpoint: "IdentityServer4.Endpoints.TokenEndpoint" for "/connect/token" (f7642de5)
2022-06-04T15:59:50.3060187+05:00 80000292-0000-f700-b63f-84710c7967bb [INF] Token request validation success, TokenRequestValidationLog { ClientId: "quickapp_spa", ClientName: null, GrantType: "refresh_token", Scopes: null, AuthorizationCode: "********", RefreshToken: "****1D0C", UserName: null, AuthenticationContextReferenceClasses: null, Tenant: null, IdP: null, Raw: [("refresh_token": "***REDACTED***"), ("client_id": "quickapp_spa"), ("grant_type": "refresh_token")] } (3a073258)
2022-06-04T16:32:19.1432784+05:00 8000032d-0001-d700-b63f-84710c7967bb [INF] "Bearer" was not authenticated. Failure message: "IDX10223: Lifetime validation failed. The token is expired. ValidTo: '[PII is hidden. For more details, see https://aka.ms/IdentityModel/PII.]', Current time: '[PII is hidden. For more details, see https://aka.ms/IdentityModel/PII.]'." (48071232)
2022-06-04T16:32:19.1438126+05:00 8000032d-0001-d700-b63f-84710c7967bb [INF] AuthenticationScheme: "Bearer" was challenged. (d45f1f38)
2022-06-04T16:32:19.1452390+05:00 800001d1-0001-fb00-b63f-84710c7967bb [INF] "Bearer" was not authenticated. Failure message: "IDX10223: Lifetime validation failed. The token is expired. ValidTo: '[PII is hidden. For more details, see https://aka.ms/IdentityModel/PII.]', Current time: '[PII is hidden. For more details, see https://aka.ms/IdentityModel/PII.]'." (48071232)
2022-06-04T16:32:19.1481016+05:00 800001d1-0001-fb00-b63f-84710c7967bb [INF] AuthenticationScheme: "Bearer" was challenged. (d45f1f38)
2022-06-04T16:32:19.2332790+05:00 80000368-0002-ef00-b63f-84710c7967bb [INF] Invoking IdentityServer endpoint: "IdentityServer4.Endpoints.DiscoveryEndpoint" for "/.well-known/openid-configuration" (f7642de5)
2022-06-04T16:32:19.2766402+05:00 800001fd-0003-fe00-b63f-84710c7967bb [INF] Invoking IdentityServer endpoint: "IdentityServer4.Endpoints.DiscoveryKeyEndpoint" for "/.well-known/openid-configuration/jwks" (f7642de5)
2022-06-04T16:32:19.3102786+05:00 80000381-0000-fd00-b63f-84710c7967bb [INF] Invoking IdentityServer endpoint: "IdentityServer4.Endpoints.TokenEndpoint" for "/connect/token" (f7642de5)
2022-06-04T16:32:19.3177023+05:00 80000381-0000-fd00-b63f-84710c7967bb [INF] Token request validation success, TokenRequestValidationLog { ClientId: "quickapp_spa", ClientName: null, GrantType: "refresh_token", Scopes: null, AuthorizationCode: "********", RefreshToken: "****4F70", UserName: null, AuthenticationContextReferenceClasses: null, Tenant: null, IdP: null, Raw: [("refresh_token": "***REDACTED***"), ("client_id": "quickapp_spa"), ("grant_type": "refresh_token")] } (3a073258)
