2022-07-11T00:19:26.4016420+05:00  [INF] Starting IdentityServer4 version "4.1.2+997a6cdd643e46cd5762b710c4ddc43574cbec2e" (8add0571)
2022-07-11T00:19:26.6022268+05:00  [INF] You are using the in-memory version of the persisted grant store. This will store consent decisions, authorization codes, refresh and reference tokens in memory only. If you are using any of those features in production, you want to switch to a different store implementation. (553c312b)
2022-07-11T00:19:26.7907006+05:00  [INF] Using the default authentication scheme "Identity.Application" for IdentityServer (4a54f457)
2022-07-11T00:19:37.1559563+05:00  [INF] Application started. Press Ctrl+C to shut down. (dcaefe54)
2022-07-11T00:19:37.1560281+05:00  [INF] Hosting environment: "Development" (c3307c92)
2022-07-11T00:19:37.1560909+05:00  [INF] Content root path: "E:\QuickApp-master\QuickApp-master - Copy\QuickApp" (b5d60022)
2022-07-11T00:22:45.0103890+05:00 8000010f-0000-ea00-b63f-84710c7967bb [ERR] An unhandled exception has occurred while executing the request. (48a46595)
System.TimeoutException: The Angular CLI process did not start listening for requests within the timeout period of 180 seconds. Check the log output for error information.
   at Microsoft.AspNetCore.SpaServices.Extensions.Util.TaskTimeoutExtensions.WithTimeout[T](Task`1 task, TimeSpan timeoutDelay, String message)
   at Microsoft.AspNetCore.SpaServices.Extensions.Proxy.SpaProxy.PerformProxyRequest(HttpContext context, HttpClient httpClient, Task`1 baseUriTask, CancellationToken applicationStoppingToken, Boolean proxy404s)
   at Microsoft.AspNetCore.Builder.SpaProxyingExtensions.<>c__DisplayClass2_0.<<UseProxyToSpaDevelopmentServer>b__0>d.MoveNext()
--- End of stack trace from previous location ---
   at Swashbuckle.AspNetCore.SwaggerUI.SwaggerUIMiddleware.Invoke(HttpContext httpContext)
   at Swashbuckle.AspNetCore.Swagger.SwaggerMiddleware.Invoke(HttpContext httpContext, ISwaggerProvider swaggerProvider)
   at Microsoft.AspNetCore.Authorization.AuthorizationMiddleware.Invoke(HttpContext context)
   at IdentityServer4.Hosting.IdentityServerMiddleware.Invoke(HttpContext context, IEndpointRouter router, IUserSession session, IEventService events, IBackChannelLogoutService backChannelLogoutService)
   at IdentityServer4.Hosting.MutualTlsEndpointMiddleware.Invoke(HttpContext context, IAuthenticationSchemeProvider schemes)
   at Microsoft.AspNetCore.Authentication.AuthenticationMiddleware.Invoke(HttpContext context)
   at IdentityServer4.Hosting.BaseUrlMiddleware.Invoke(HttpContext context)
   at Microsoft.AspNetCore.Diagnostics.DeveloperExceptionPageMiddleware.Invoke(HttpContext context)
2022-07-11T14:33:01.1761943+05:00 800002b6-0002-ff00-b63f-84710c7967bb [INF] Invoking IdentityServer endpoint: "IdentityServer4.Endpoints.DiscoveryEndpoint" for "/.well-known/openid-configuration" (f7642de5)
2022-07-11T14:33:01.3647176+05:00 800001fc-0001-ef00-b63f-84710c7967bb [INF] Invoking IdentityServer endpoint: "IdentityServer4.Endpoints.DiscoveryKeyEndpoint" for "/.well-known/openid-configuration/jwks" (f7642de5)
2022-07-11T14:33:01.5218606+05:00 80000152-0003-f600-b63f-84710c7967bb [INF] Invoking IdentityServer endpoint: "IdentityServer4.Endpoints.TokenEndpoint" for "/connect/token" (f7642de5)
2022-07-11T14:33:02.6104269+05:00 80000152-0003-f600-b63f-84710c7967bb [INF] Credentials validated for username: "admin" (cb811aa7)
2022-07-11T14:33:02.8347282+05:00 80000152-0003-f600-b63f-84710c7967bb [INF] Token request validation success, TokenRequestValidationLog { ClientId: "quickapp_spa", ClientName: null, GrantType: "password", Scopes: "email offline_access openid phone profile quickapp_api roles", AuthorizationCode: "********", RefreshToken: "********", UserName: "admin", AuthenticationContextReferenceClasses: null, Tenant: null, IdP: null, Raw: [("username": "admin"), ("password": "***REDACTED***"), ("client_id": "quickapp_spa"), ("grant_type": "password"), ("scope": "openid email phone profile offline_access roles quickapp_api")] } (3a073258)
2022-07-11T14:33:09.7296379+05:00 80000053-0000-f800-b63f-84710c7967bb [INF] Invoking IdentityServer endpoint: "IdentityServer4.Endpoints.DiscoveryEndpoint" for "/.well-known/openid-configuration" (f7642de5)
2022-07-11T14:33:09.8125498+05:00 80000054-0000-f800-b63f-84710c7967bb [INF] Invoking IdentityServer endpoint: "IdentityServer4.Endpoints.DiscoveryKeyEndpoint" for "/.well-known/openid-configuration/jwks" (f7642de5)
2022-07-11T14:33:10.6731146+05:00 800002ba-0002-ff00-b63f-84710c7967bb [WRN] Compiling a query which loads related collections for more than one collection navigation either via 'Include' or through projection but no 'QuerySplittingBehavior' has been configured. By default Entity Framework will use 'QuerySplittingBehavior.SingleQuery' which can potentially result in slow query performance. See https://go.microsoft.com/fwlink/?linkid=2134277 for more information. To identify the query that's triggering this warning call 'ConfigureWarnings(w => w.Throw(RelationalEventId.MultipleCollectionIncludeWarning))' (74d62de4)
2022-07-11T14:35:55.9861382+05:00  [INF] Starting IdentityServer4 version "4.1.2+997a6cdd643e46cd5762b710c4ddc43574cbec2e" (8add0571)
2022-07-11T14:35:56.0276167+05:00  [INF] You are using the in-memory version of the persisted grant store. This will store consent decisions, authorization codes, refresh and reference tokens in memory only. If you are using any of those features in production, you want to switch to a different store implementation. (553c312b)
2022-07-11T14:35:56.0550742+05:00  [INF] Using the default authentication scheme "Identity.Application" for IdentityServer (4a54f457)
2022-07-11T14:35:57.2913487+05:00  [INF] Application started. Press Ctrl+C to shut down. (dcaefe54)
2022-07-11T14:35:57.2956464+05:00  [INF] Hosting environment: "Development" (c3307c92)
2022-07-11T14:35:57.3022791+05:00  [INF] Content root path: "E:\QuickApp-master\QuickApp-master - Copy\QuickApp" (b5d60022)
2022-07-11T14:41:11.7302299+05:00  [INF] Starting IdentityServer4 version "4.1.2+997a6cdd643e46cd5762b710c4ddc43574cbec2e" (8add0571)
2022-07-11T14:41:11.7880005+05:00  [INF] You are using the in-memory version of the persisted grant store. This will store consent decisions, authorization codes, refresh and reference tokens in memory only. If you are using any of those features in production, you want to switch to a different store implementation. (553c312b)
2022-07-11T14:41:11.8072179+05:00  [INF] Using the default authentication scheme "Identity.Application" for IdentityServer (4a54f457)
2022-07-11T14:41:13.3201221+05:00  [INF] Application started. Press Ctrl+C to shut down. (dcaefe54)
2022-07-11T14:41:13.3336719+05:00  [INF] Hosting environment: "Development" (c3307c92)
2022-07-11T14:41:13.3406569+05:00  [INF] Content root path: "E:\QuickApp-master\QuickApp-master - Copy\QuickApp" (b5d60022)
2022-07-11T14:43:15.3219564+05:00  [INF] Starting IdentityServer4 version "4.1.2+997a6cdd643e46cd5762b710c4ddc43574cbec2e" (8add0571)
2022-07-11T14:43:15.3492836+05:00  [INF] You are using the in-memory version of the persisted grant store. This will store consent decisions, authorization codes, refresh and reference tokens in memory only. If you are using any of those features in production, you want to switch to a different store implementation. (553c312b)
2022-07-11T14:43:15.3554303+05:00  [INF] Using the default authentication scheme "Identity.Application" for IdentityServer (4a54f457)
2022-07-11T14:43:15.6652602+05:00  [INF] Application started. Press Ctrl+C to shut down. (dcaefe54)
2022-07-11T14:43:15.6653601+05:00  [INF] Hosting environment: "Development" (c3307c92)
2022-07-11T14:43:15.6654423+05:00  [INF] Content root path: "E:\QuickApp-master\QuickApp-master - Copy\QuickApp" (b5d60022)
2022-07-11T14:44:49.4751243+05:00 80000101-0002-ef00-b63f-84710c7967bb [INF] Invoking IdentityServer endpoint: "IdentityServer4.Endpoints.TokenEndpoint" for "/connect/token" (f7642de5)
2022-07-11T14:44:50.4756622+05:00 80000101-0002-ef00-b63f-84710c7967bb [INF] Credentials validated for username: "admin" (cb811aa7)
2022-07-11T14:44:50.7005764+05:00 80000101-0002-ef00-b63f-84710c7967bb [INF] Token request validation success, TokenRequestValidationLog { ClientId: "swaggerui", ClientName: "Swagger UI", GrantType: "password", Scopes: "quickapp_api", AuthorizationCode: "********", RefreshToken: "********", UserName: "admin", AuthenticationContextReferenceClasses: null, Tenant: null, IdP: null, Raw: [("grant_type": "password"), ("username": "admin"), ("password": "***REDACTED***")] } (3a073258)
2022-07-11T14:45:17.1896202+05:00 800001e4-0003-f400-b63f-84710c7967bb [INF] Invoking IdentityServer endpoint: "IdentityServer4.Endpoints.DiscoveryEndpoint" for "/.well-known/openid-configuration" (f7642de5)
2022-07-11T14:45:17.3308217+05:00 800001e5-0003-f400-b63f-84710c7967bb [INF] Invoking IdentityServer endpoint: "IdentityServer4.Endpoints.DiscoveryKeyEndpoint" for "/.well-known/openid-configuration/jwks" (f7642de5)
2022-07-11T14:45:18.4220419+05:00 80000084-0002-e400-b63f-84710c7967bb [WRN] Compiling a query which loads related collections for more than one collection navigation either via 'Include' or through projection but no 'QuerySplittingBehavior' has been configured. By default Entity Framework will use 'QuerySplittingBehavior.SingleQuery' which can potentially result in slow query performance. See https://go.microsoft.com/fwlink/?linkid=2134277 for more information. To identify the query that's triggering this warning call 'ConfigureWarnings(w => w.Throw(RelationalEventId.MultipleCollectionIncludeWarning))' (74d62de4)
2022-07-11T16:14:04.9116519+05:00  [INF] Application is shutting down... (90f52c38)
