2022-07-04T02:14:05.9175155+05:00  [INF] Starting IdentityServer4 version "4.1.2+997a6cdd643e46cd5762b710c4ddc43574cbec2e" (8add0571)
2022-07-04T02:14:05.9542422+05:00  [INF] You are using the in-memory version of the persisted grant store. This will store consent decisions, authorization codes, refresh and reference tokens in memory only. If you are using any of those features in production, you want to switch to a different store implementation. (553c312b)
2022-07-04T02:14:05.9602623+05:00  [INF] Using the default authentication scheme "Identity.Application" for IdentityServer (4a54f457)
2022-07-04T02:14:07.0930002+05:00  [INF] Application started. Press Ctrl+C to shut down. (dcaefe54)
2022-07-04T02:14:07.0930795+05:00  [INF] Hosting environment: "Development" (c3307c92)
2022-07-04T02:14:07.0931145+05:00  [INF] Content root path: "E:\QuickApp-master\QuickApp-master - Copy\QuickApp" (b5d60022)
2022-07-04T02:14:48.8705557+05:00 80000157-0002-ff00-b63f-84710c7967bb [INF] Invoking IdentityServer endpoint: "IdentityServer4.Endpoints.DiscoveryEndpoint" for "/.well-known/openid-configuration" (f7642de5)
2022-07-04T02:14:49.2080837+05:00 80000158-0002-ff00-b63f-84710c7967bb [INF] Invoking IdentityServer endpoint: "IdentityServer4.Endpoints.DiscoveryKeyEndpoint" for "/.well-known/openid-configuration/jwks" (f7642de5)
2022-07-04T02:14:49.6665616+05:00 80000157-0002-fe00-b63f-84710c7967bb [INF] "Bearer" was not authenticated. Failure message: "IDX10223: Lifetime validation failed. The token is expired. ValidTo: '[PII is hidden. For more details, see https://aka.ms/IdentityModel/PII.]', Current time: '[PII is hidden. For more details, see https://aka.ms/IdentityModel/PII.]'." (48071232)
2022-07-04T02:14:49.6665617+05:00 800001ab-0000-f100-b63f-84710c7967bb [INF] "Bearer" was not authenticated. Failure message: "IDX10223: Lifetime validation failed. The token is expired. ValidTo: '[PII is hidden. For more details, see https://aka.ms/IdentityModel/PII.]', Current time: '[PII is hidden. For more details, see https://aka.ms/IdentityModel/PII.]'." (48071232)
2022-07-04T02:14:49.6669314+05:00 800001e3-0000-f400-b63f-84710c7967bb [INF] "Bearer" was not authenticated. Failure message: "IDX10223: Lifetime validation failed. The token is expired. ValidTo: '[PII is hidden. For more details, see https://aka.ms/IdentityModel/PII.]', Current time: '[PII is hidden. For more details, see https://aka.ms/IdentityModel/PII.]'." (48071232)
2022-07-04T02:14:49.7025290+05:00 800001e3-0000-f400-b63f-84710c7967bb [INF] AuthenticationScheme: "Bearer" was challenged. (d45f1f38)
2022-07-04T02:14:49.7025277+05:00 80000157-0002-fe00-b63f-84710c7967bb [INF] AuthenticationScheme: "Bearer" was challenged. (d45f1f38)
2022-07-04T02:14:49.7242139+05:00 800001ab-0000-f100-b63f-84710c7967bb [INF] AuthenticationScheme: "Bearer" was challenged. (d45f1f38)
2022-07-04T02:14:49.8225417+05:00 80000100-0001-f800-b63f-84710c7967bb [INF] "Bearer" was not authenticated. Failure message: "IDX10223: Lifetime validation failed. The token is expired. ValidTo: '[PII is hidden. For more details, see https://aka.ms/IdentityModel/PII.]', Current time: '[PII is hidden. For more details, see https://aka.ms/IdentityModel/PII.]'." (48071232)
2022-07-04T02:14:49.8229393+05:00 80000100-0001-f800-b63f-84710c7967bb [INF] AuthenticationScheme: "Bearer" was challenged. (d45f1f38)
2022-07-04T02:14:50.6171044+05:00 800001ad-0000-f100-b63f-84710c7967bb [WRN] CorsPolicyService did not allow origin: "http://localhost:4200" (f5320bfb)
2022-07-04T02:14:50.6191628+05:00 800001ad-0000-f100-b63f-84710c7967bb [INF] Invoking IdentityServer endpoint: "IdentityServer4.Endpoints.DiscoveryEndpoint" for "/.well-known/openid-configuration" (f7642de5)
2022-07-04T02:14:51.0503267+05:00 80000102-0001-f800-b63f-84710c7967bb [WRN] CorsPolicyService did not allow origin: "http://localhost:4200" (f5320bfb)
2022-07-04T02:14:51.0515190+05:00 80000102-0001-f800-b63f-84710c7967bb [INF] Invoking IdentityServer endpoint: "IdentityServer4.Endpoints.DiscoveryKeyEndpoint" for "/.well-known/openid-configuration/jwks" (f7642de5)
2022-07-04T02:14:51.0946825+05:00 800001af-0000-f100-b63f-84710c7967bb [WRN] CorsPolicyService did not allow origin: "http://localhost:4200" (f5320bfb)
2022-07-04T02:14:51.1059027+05:00 800001af-0000-f100-b63f-84710c7967bb [INF] Invoking IdentityServer endpoint: "IdentityServer4.Endpoints.TokenEndpoint" for "/connect/token" (f7642de5)
2022-07-04T02:14:51.1960878+05:00 800001af-0000-f100-b63f-84710c7967bb [WRN] Invalid refresh token (831190ec)
2022-07-04T02:14:51.2434877+05:00 800001af-0000-f100-b63f-84710c7967bb [WRN] Refresh token validation failed. aborting, TokenRequestValidationLog { ClientId: "quickapp_spa", ClientName: null, GrantType: "refresh_token", Scopes: null, AuthorizationCode: "********", RefreshToken: "********", UserName: null, AuthenticationContextReferenceClasses: null, Tenant: null, IdP: null, Raw: [("refresh_token": "***REDACTED***"), ("client_id": "quickapp_spa"), ("grant_type": "refresh_token")] } (2c8ee86e)
2022-07-04T02:14:52.7096017+05:00 80000159-0002-fe00-b63f-84710c7967bb [WRN] CorsPolicyService did not allow origin: "http://localhost:4200" (f5320bfb)
2022-07-04T02:14:52.7292089+05:00 80000159-0002-fe00-b63f-84710c7967bb [INF] Invoking IdentityServer endpoint: "IdentityServer4.Endpoints.DiscoveryEndpoint" for "/.well-known/openid-configuration" (f7642de5)
2022-07-04T02:14:52.7809078+05:00 80000104-0001-f800-b63f-84710c7967bb [WRN] CorsPolicyService did not allow origin: "http://localhost:4200" (f5320bfb)
2022-07-04T02:14:52.7838971+05:00 80000104-0001-f800-b63f-84710c7967bb [INF] Invoking IdentityServer endpoint: "IdentityServer4.Endpoints.DiscoveryKeyEndpoint" for "/.well-known/openid-configuration/jwks" (f7642de5)
2022-07-04T02:14:52.8524272+05:00 800001b1-0000-f100-b63f-84710c7967bb [WRN] CorsPolicyService did not allow origin: "http://localhost:4200" (f5320bfb)
2022-07-04T02:14:52.8530319+05:00 800001b1-0000-f100-b63f-84710c7967bb [INF] Invoking IdentityServer endpoint: "IdentityServer4.Endpoints.TokenEndpoint" for "/connect/token" (f7642de5)
2022-07-04T02:14:53.4382001+05:00 800001b1-0000-f100-b63f-84710c7967bb [INF] Credentials validated for username: "admin" (cb811aa7)
2022-07-04T02:14:53.4589106+05:00 800001b1-0000-f100-b63f-84710c7967bb [INF] Token request validation success, TokenRequestValidationLog { ClientId: "quickapp_spa", ClientName: null, GrantType: "password", Scopes: "email offline_access openid phone profile quickapp_api roles", AuthorizationCode: "********", RefreshToken: "********", UserName: "admin", AuthenticationContextReferenceClasses: null, Tenant: null, IdP: null, Raw: [("username": "admin"), ("password": "***REDACTED***"), ("client_id": "quickapp_spa"), ("grant_type": "password"), ("scope": "openid email phone profile offline_access roles quickapp_api")] } (3a073258)
2022-07-04T02:14:56.2493752+05:00 8000009a-0003-fa00-b63f-84710c7967bb [INF] "Bearer" was not authenticated. Failure message: "IDX10223: Lifetime validation failed. The token is expired. ValidTo: '[PII is hidden. For more details, see https://aka.ms/IdentityModel/PII.]', Current time: '[PII is hidden. For more details, see https://aka.ms/IdentityModel/PII.]'." (48071232)
2022-07-04T02:14:56.2495790+05:00 8000009a-0003-fa00-b63f-84710c7967bb [INF] AuthenticationScheme: "Bearer" was challenged. (d45f1f38)
2022-07-04T02:14:56.2678225+05:00 8000015d-0002-fe00-b63f-84710c7967bb [INF] "Bearer" was not authenticated. Failure message: "IDX10223: Lifetime validation failed. The token is expired. ValidTo: '[PII is hidden. For more details, see https://aka.ms/IdentityModel/PII.]', Current time: '[PII is hidden. For more details, see https://aka.ms/IdentityModel/PII.]'." (48071232)
2022-07-04T02:14:56.2680136+05:00 8000015d-0002-fe00-b63f-84710c7967bb [INF] AuthenticationScheme: "Bearer" was challenged. (d45f1f38)
2022-07-04T02:14:56.3409455+05:00 8000015f-0002-fe00-b63f-84710c7967bb [INF] "Bearer" was not authenticated. Failure message: "IDX10223: Lifetime validation failed. The token is expired. ValidTo: '[PII is hidden. For more details, see https://aka.ms/IdentityModel/PII.]', Current time: '[PII is hidden. For more details, see https://aka.ms/IdentityModel/PII.]'." (48071232)
2022-07-04T02:14:56.3411524+05:00 8000015f-0002-fe00-b63f-84710c7967bb [INF] AuthenticationScheme: "Bearer" was challenged. (d45f1f38)
2022-07-04T02:14:56.3840288+05:00 800001b5-0000-f100-b63f-84710c7967bb [INF] "Bearer" was not authenticated. Failure message: "IDX10223: Lifetime validation failed. The token is expired. ValidTo: '[PII is hidden. For more details, see https://aka.ms/IdentityModel/PII.]', Current time: '[PII is hidden. For more details, see https://aka.ms/IdentityModel/PII.]'." (48071232)
2022-07-04T02:14:56.3841920+05:00 800001b5-0000-f100-b63f-84710c7967bb [INF] AuthenticationScheme: "Bearer" was challenged. (d45f1f38)
2022-07-04T02:14:58.6421455+05:00 80000106-0001-f800-b63f-84710c7967bb [WRN] CorsPolicyService did not allow origin: "http://localhost:4200" (f5320bfb)
2022-07-04T02:14:58.6426502+05:00 80000106-0001-f800-b63f-84710c7967bb [INF] Invoking IdentityServer endpoint: "IdentityServer4.Endpoints.DiscoveryEndpoint" for "/.well-known/openid-configuration" (f7642de5)
2022-07-04T02:15:02.6234155+05:00 800001b7-0000-f100-b63f-84710c7967bb [WRN] CorsPolicyService did not allow origin: "http://localhost:4200" (f5320bfb)
2022-07-04T02:15:02.6238457+05:00 800001b7-0000-f100-b63f-84710c7967bb [INF] Invoking IdentityServer endpoint: "IdentityServer4.Endpoints.DiscoveryKeyEndpoint" for "/.well-known/openid-configuration/jwks" (f7642de5)
2022-07-04T02:15:02.7515918+05:00 800001b9-0000-f100-b63f-84710c7967bb [WRN] CorsPolicyService did not allow origin: "http://localhost:4200" (f5320bfb)
2022-07-04T02:15:02.7727110+05:00 800001b9-0000-f100-b63f-84710c7967bb [INF] Invoking IdentityServer endpoint: "IdentityServer4.Endpoints.TokenEndpoint" for "/connect/token" (f7642de5)
2022-07-04T02:15:02.9216252+05:00 800001b9-0000-f100-b63f-84710c7967bb [INF] Token request validation success, TokenRequestValidationLog { ClientId: "quickapp_spa", ClientName: null, GrantType: "refresh_token", Scopes: null, AuthorizationCode: "********", RefreshToken: "****0797", UserName: null, AuthenticationContextReferenceClasses: null, Tenant: null, IdP: null, Raw: [("refresh_token": "***REDACTED***"), ("client_id": "quickapp_spa"), ("grant_type": "refresh_token")] } (3a073258)
2022-07-04T02:15:06.8710182+05:00 800001bd-0000-f100-b63f-84710c7967bb [WRN] Compiling a query which loads related collections for more than one collection navigation either via 'Include' or through projection but no 'QuerySplittingBehavior' has been configured. By default Entity Framework will use 'QuerySplittingBehavior.SingleQuery' which can potentially result in slow query performance. See https://go.microsoft.com/fwlink/?linkid=2134277 for more information. To identify the query that's triggering this warning call 'ConfigureWarnings(w => w.Throw(RelationalEventId.MultipleCollectionIncludeWarning))' (74d62de4)
2022-07-04T02:16:14.4210685+05:00 80000114-0001-f800-b63f-84710c7967bb [WRN] CorsPolicyService did not allow origin: "http://localhost:4200" (f5320bfb)
2022-07-04T02:16:14.4218009+05:00 80000114-0001-f800-b63f-84710c7967bb [INF] Invoking IdentityServer endpoint: "IdentityServer4.Endpoints.DiscoveryEndpoint" for "/.well-known/openid-configuration" (f7642de5)
2022-07-04T02:16:14.4674513+05:00 80000116-0001-f800-b63f-84710c7967bb [WRN] CorsPolicyService did not allow origin: "http://localhost:4200" (f5320bfb)
2022-07-04T02:16:14.4676820+05:00 80000116-0001-f800-b63f-84710c7967bb [INF] Invoking IdentityServer endpoint: "IdentityServer4.Endpoints.DiscoveryKeyEndpoint" for "/.well-known/openid-configuration/jwks" (f7642de5)
2022-07-04T02:16:14.4846307+05:00 80000159-0002-fb00-b63f-84710c7967bb [WRN] CorsPolicyService did not allow origin: "http://localhost:4200" (f5320bfb)
2022-07-04T02:16:14.4849168+05:00 80000159-0002-fb00-b63f-84710c7967bb [INF] Invoking IdentityServer endpoint: "IdentityServer4.Endpoints.TokenEndpoint" for "/connect/token" (f7642de5)
2022-07-04T02:16:14.5131625+05:00 80000159-0002-fb00-b63f-84710c7967bb [INF] Credentials validated for username: "admin" (cb811aa7)
2022-07-04T02:16:14.5137828+05:00 80000159-0002-fb00-b63f-84710c7967bb [INF] Token request validation success, TokenRequestValidationLog { ClientId: "quickapp_spa", ClientName: null, GrantType: "password", Scopes: "email offline_access openid phone profile quickapp_api roles", AuthorizationCode: "********", RefreshToken: "********", UserName: "admin", AuthenticationContextReferenceClasses: null, Tenant: null, IdP: null, Raw: [("username": "admin"), ("password": "***REDACTED***"), ("client_id": "quickapp_spa"), ("grant_type": "password"), ("scope": "openid email phone profile offline_access roles quickapp_api")] } (3a073258)
2022-07-04T12:35:09.2329550+05:00 8000011b-0002-fd00-b63f-84710c7967bb [INF] "Bearer" was not authenticated. Failure message: "IDX10223: Lifetime validation failed. The token is expired. ValidTo: '[PII is hidden. For more details, see https://aka.ms/IdentityModel/PII.]', Current time: '[PII is hidden. For more details, see https://aka.ms/IdentityModel/PII.]'." (48071232)
2022-07-04T12:35:09.2329550+05:00 8000010b-0003-f900-b63f-84710c7967bb [INF] "Bearer" was not authenticated. Failure message: "IDX10223: Lifetime validation failed. The token is expired. ValidTo: '[PII is hidden. For more details, see https://aka.ms/IdentityModel/PII.]', Current time: '[PII is hidden. For more details, see https://aka.ms/IdentityModel/PII.]'." (48071232)
2022-07-04T12:35:09.2336977+05:00 8000011b-0002-fd00-b63f-84710c7967bb [INF] AuthenticationScheme: "Bearer" was challenged. (d45f1f38)
2022-07-04T12:35:09.2337035+05:00 8000010b-0003-f900-b63f-84710c7967bb [INF] AuthenticationScheme: "Bearer" was challenged. (d45f1f38)
2022-07-04T12:35:09.2384597+05:00 8000011d-0002-fd00-b63f-84710c7967bb [INF] "Bearer" was not authenticated. Failure message: "IDX10223: Lifetime validation failed. The token is expired. ValidTo: '[PII is hidden. For more details, see https://aka.ms/IdentityModel/PII.]', Current time: '[PII is hidden. For more details, see https://aka.ms/IdentityModel/PII.]'." (48071232)
2022-07-04T12:35:09.2385829+05:00 80000169-0002-fe00-b63f-84710c7967bb [INF] "Bearer" was not authenticated. Failure message: "IDX10223: Lifetime validation failed. The token is expired. ValidTo: '[PII is hidden. For more details, see https://aka.ms/IdentityModel/PII.]', Current time: '[PII is hidden. For more details, see https://aka.ms/IdentityModel/PII.]'." (48071232)
2022-07-04T12:35:09.2386073+05:00 8000011d-0002-fd00-b63f-84710c7967bb [INF] AuthenticationScheme: "Bearer" was challenged. (d45f1f38)
2022-07-04T12:35:09.2386877+05:00 80000169-0002-fe00-b63f-84710c7967bb [INF] AuthenticationScheme: "Bearer" was challenged. (d45f1f38)
2022-07-04T12:35:10.2823376+05:00 800001e7-0000-fc00-b63f-84710c7967bb [INF] "Bearer" was not authenticated. Failure message: "IDX10223: Lifetime validation failed. The token is expired. ValidTo: '[PII is hidden. For more details, see https://aka.ms/IdentityModel/PII.]', Current time: '[PII is hidden. For more details, see https://aka.ms/IdentityModel/PII.]'." (48071232)
2022-07-04T12:35:10.2825857+05:00 800001e7-0000-fc00-b63f-84710c7967bb [INF] AuthenticationScheme: "Bearer" was challenged. (d45f1f38)
2022-07-04T12:35:10.2868911+05:00 80000113-0003-f900-b63f-84710c7967bb [INF] "Bearer" was not authenticated. Failure message: "IDX10223: Lifetime validation failed. The token is expired. ValidTo: '[PII is hidden. For more details, see https://aka.ms/IdentityModel/PII.]', Current time: '[PII is hidden. For more details, see https://aka.ms/IdentityModel/PII.]'." (48071232)
2022-07-04T12:35:10.2870773+05:00 80000113-0003-f900-b63f-84710c7967bb [INF] AuthenticationScheme: "Bearer" was challenged. (d45f1f38)
2022-07-04T12:35:10.2978655+05:00 80000128-0001-f800-b63f-84710c7967bb [INF] "Bearer" was not authenticated. Failure message: "IDX10223: Lifetime validation failed. The token is expired. ValidTo: '[PII is hidden. For more details, see https://aka.ms/IdentityModel/PII.]', Current time: '[PII is hidden. For more details, see https://aka.ms/IdentityModel/PII.]'." (48071232)
2022-07-04T12:35:10.2980444+05:00 80000128-0001-f800-b63f-84710c7967bb [INF] AuthenticationScheme: "Bearer" was challenged. (d45f1f38)
2022-07-04T12:35:10.3016409+05:00 800001e9-0000-fc00-b63f-84710c7967bb [INF] "Bearer" was not authenticated. Failure message: "IDX10223: Lifetime validation failed. The token is expired. ValidTo: '[PII is hidden. For more details, see https://aka.ms/IdentityModel/PII.]', Current time: '[PII is hidden. For more details, see https://aka.ms/IdentityModel/PII.]'." (48071232)
2022-07-04T12:35:10.3017940+05:00 800001e9-0000-fc00-b63f-84710c7967bb [INF] AuthenticationScheme: "Bearer" was challenged. (d45f1f38)
2022-07-04T12:35:11.1453699+05:00 800001ed-0000-fc00-b63f-84710c7967bb [WRN] CorsPolicyService did not allow origin: "http://localhost:4200" (f5320bfb)
2022-07-04T12:35:11.1460880+05:00 800001ed-0000-fc00-b63f-84710c7967bb [INF] Invoking IdentityServer endpoint: "IdentityServer4.Endpoints.DiscoveryEndpoint" for "/.well-known/openid-configuration" (f7642de5)
2022-07-04T12:35:13.8812095+05:00 8000012a-0001-f800-b63f-84710c7967bb [WRN] CorsPolicyService did not allow origin: "http://localhost:4200" (f5320bfb)
2022-07-04T12:35:13.8816473+05:00 8000012a-0001-f800-b63f-84710c7967bb [INF] Invoking IdentityServer endpoint: "IdentityServer4.Endpoints.DiscoveryEndpoint" for "/.well-known/openid-configuration" (f7642de5)
2022-07-04T12:35:19.0772111+05:00 8000016b-0002-fe00-b63f-84710c7967bb [WRN] CorsPolicyService did not allow origin: "http://localhost:4200" (f5320bfb)
2022-07-04T12:35:19.0774692+05:00 8000016b-0002-fe00-b63f-84710c7967bb [INF] Invoking IdentityServer endpoint: "IdentityServer4.Endpoints.DiscoveryKeyEndpoint" for "/.well-known/openid-configuration/jwks" (f7642de5)
2022-07-04T12:35:19.3248952+05:00 800001ef-0000-fc00-b63f-84710c7967bb [WRN] CorsPolicyService did not allow origin: "http://localhost:4200" (f5320bfb)
2022-07-04T12:35:19.3252481+05:00 800001ef-0000-fc00-b63f-84710c7967bb [INF] Invoking IdentityServer endpoint: "IdentityServer4.Endpoints.DiscoveryKeyEndpoint" for "/.well-known/openid-configuration/jwks" (f7642de5)
2022-07-04T12:35:25.5388157+05:00 800001f1-0000-f400-b63f-84710c7967bb [WRN] CorsPolicyService did not allow origin: "http://localhost:4200" (f5320bfb)
2022-07-04T12:35:25.5391916+05:00 800001f1-0000-f400-b63f-84710c7967bb [INF] Invoking IdentityServer endpoint: "IdentityServer4.Endpoints.TokenEndpoint" for "/connect/token" (f7642de5)
2022-07-04T12:35:25.5969357+05:00 800001f1-0000-f400-b63f-84710c7967bb [INF] Token request validation success, TokenRequestValidationLog { ClientId: "quickapp_spa", ClientName: null, GrantType: "refresh_token", Scopes: null, AuthorizationCode: "********", RefreshToken: "****5A23", UserName: null, AuthenticationContextReferenceClasses: null, Tenant: null, IdP: null, Raw: [("refresh_token": "***REDACTED***"), ("client_id": "quickapp_spa"), ("grant_type": "refresh_token")] } (3a073258)
2022-07-04T12:35:29.3211197+05:00 80000119-0003-f900-b63f-84710c7967bb [WRN] CorsPolicyService did not allow origin: "http://localhost:4200" (f5320bfb)
2022-07-04T12:35:29.3214722+05:00 80000119-0003-f900-b63f-84710c7967bb [INF] Invoking IdentityServer endpoint: "IdentityServer4.Endpoints.TokenEndpoint" for "/connect/token" (f7642de5)
2022-07-04T12:35:29.3225198+05:00 80000119-0003-f900-b63f-84710c7967bb [WRN] Rejecting refresh token because it has been consumed already. (3732524f)
2022-07-04T12:35:29.3226679+05:00 80000119-0003-f900-b63f-84710c7967bb [WRN] Refresh token validation failed. aborting, TokenRequestValidationLog { ClientId: "quickapp_spa", ClientName: null, GrantType: "refresh_token", Scopes: null, AuthorizationCode: "********", RefreshToken: "********", UserName: null, AuthenticationContextReferenceClasses: null, Tenant: null, IdP: null, Raw: [("refresh_token": "***REDACTED***"), ("client_id": "quickapp_spa"), ("grant_type": "refresh_token")] } (2c8ee86e)
